This job can be monitored from: https://job.c3se.chalmers.se/alvis/6483062
DEM-only fine-tune (T=10, dt=2)
  jobs/dist3/job_d3_T10_shots100000_d7b87q15a5qc73dn58rg_.json  -> train=70000, val=10000, test=20000
  jobs/dist3/job_d777qp46ji0c738cgnbg_d3_T10_shots100000.json  -> train=90000, val=10000
Real shots — train: 160000, val: 20000, test: 20000
Real shots — train: 160000, val: 20000, test: 20000
Calibrating DEM from 160000 train shots...
Epoch 10: loss=0.2926, acc=0.8722, val_acc=0.8725 (c0=0.945, c1=0.666, n1/N=0.26)
Epoch 20: loss=0.2834, acc=0.8766, val_acc=0.8761 (c0=0.941, c1=0.690, n1/N=0.26)
Epoch 30: loss=0.2786, acc=0.8792, val_acc=0.8810 (c0=0.939, c1=0.714, n1/N=0.26)
Epoch 40: loss=0.2773, acc=0.8803, val_acc=0.8801 (c0=0.940, c1=0.708, n1/N=0.26)
Epoch 50: loss=0.2764, acc=0.8805, val_acc=0.8806 (c0=0.941, c1=0.708, n1/N=0.26)
Epoch 60: loss=0.2756, acc=0.8815, val_acc=0.8814 (c0=0.941, c1=0.712, n1/N=0.26)
Epoch 70: loss=0.2765, acc=0.8812, val_acc=0.8785 (c0=0.941, c1=0.703, n1/N=0.26)
Epoch 80: loss=0.2756, acc=0.8810, val_acc=0.8814 (c0=0.941, c1=0.710, n1/N=0.26)
Epoch 90: loss=0.2745, acc=0.8813, val_acc=0.8810 (c0=0.941, c1=0.708, n1/N=0.26)
Epoch 100: loss=0.2746, acc=0.8814, val_acc=0.8812 (c0=0.940, c1=0.712, n1/N=0.26)
Epoch 110: loss=0.2755, acc=0.8812, val_acc=0.8817 (c0=0.940, c1=0.715, n1/N=0.26)
Epoch 120: loss=0.2751, acc=0.8809, val_acc=0.8804 (c0=0.941, c1=0.707, n1/N=0.26)
Epoch 130: loss=0.2753, acc=0.8812, val_acc=0.8810 (c0=0.941, c1=0.710, n1/N=0.26)
Epoch 140: loss=0.2736, acc=0.8822, val_acc=0.8820 (c0=0.940, c1=0.715, n1/N=0.26)
Epoch 150: loss=0.2755, acc=0.8812, val_acc=0.8820 (c0=0.942, c1=0.710, n1/N=0.26)
Epoch 160: loss=0.2744, acc=0.8817, val_acc=0.8811 (c0=0.941, c1=0.712, n1/N=0.26)
Epoch 170: loss=0.2760, acc=0.8809, val_acc=0.8820 (c0=0.941, c1=0.713, n1/N=0.26)
Epoch 180: loss=0.2754, acc=0.8808, val_acc=0.8813 (c0=0.941, c1=0.711, n1/N=0.26)
Epoch 190: loss=0.2756, acc=0.8811, val_acc=0.8829 (c0=0.941, c1=0.716, n1/N=0.26)
Epoch 200: loss=0.2736, acc=0.8817, val_acc=0.8804 (c0=0.940, c1=0.709, n1/N=0.26)
Epoch 210: loss=0.2740, acc=0.8818, val_acc=0.8797 (c0=0.938, c1=0.714, n1/N=0.26)
Epoch 220: loss=0.2751, acc=0.8813, val_acc=0.8807 (c0=0.941, c1=0.710, n1/N=0.26)
Epoch 230: loss=0.2755, acc=0.8809, val_acc=0.8806 (c0=0.940, c1=0.710, n1/N=0.26)
Epoch 240: loss=0.2753, acc=0.8815, val_acc=0.8833 (c0=0.940, c1=0.722, n1/N=0.26)
Early stop at epoch 241: no improvement for 80 epochs (best=0.8841).

DEM test:
  acc      = 0.8815  (c0=0.9405, c1=0.7133)
  shots    = 40960  (class-0: 30330, class-1: 10630)
  LFR/round = 0.0125  (1 - acc^(1/T) with T=10)

Real test:
  acc      = 0.8128  (c0=0.9121, c1=0.5591)
  shots    = 40960  (class-0: 29438, class-1: 11522)
  LFR/round = 0.0205  (1 - acc^(1/T) with T=10)
