This job can be monitored from: https://job.c3se.chalmers.se/alvis/6522174
DEM -> real fine-tune (T=10, dt=2)
  jobs/dist3/job_d3_T10_shots100000_d7b87q15a5qc73dn58rg_.json  -> train=80000, val=10000, test=10000
  jobs/dist3/job_d777qp46ji0c738cgnbg_d3_T10_shots100000.json  -> train=80000, val=10000, test=10000
Real shots - train: 160000, val: 20000, test: 20000
Calibrating DEM from 180000 shots (all train+val, test excluded)

=== Phase A: DEM fine-tune ===
Epoch 10: loss=0.2948, acc=0.8708, val_acc=0.8248 (c0=0.924, c1=0.562, n1/N=0.27), LFR/rd=1.91%
Epoch 20: loss=0.2826, acc=0.8782, val_acc=0.8203 (c0=0.921, c1=0.547, n1/N=0.27), LFR/rd=1.96%
Epoch 30: loss=0.2762, acc=0.8819, val_acc=0.8251 (c0=0.923, c1=0.561, n1/N=0.27), LFR/rd=1.90%
Early stop at epoch 32: no improvement for 30 epochs (best=0.8282).

=== Phase B: real-data fine-tune ===
Epoch 10: loss=0.2903, acc=0.8547, val_acc=0.8377 (c0=0.911, c1=0.641, n1/N=0.27), LFR/rd=1.76%
Epoch 20: loss=0.2851, acc=0.8577, val_acc=0.8470 (c0=0.919, c1=0.655, n1/N=0.27), LFR/rd=1.65%
Epoch 30: loss=0.2821, acc=0.8582, val_acc=0.8466 (c0=0.920, c1=0.649, n1/N=0.27), LFR/rd=1.65%
Epoch 40: loss=0.2874, acc=0.8559, val_acc=0.8486 (c0=0.917, c1=0.666, n1/N=0.27), LFR/rd=1.63%
Epoch 50: loss=0.2778, acc=0.8601, val_acc=0.8496 (c0=0.921, c1=0.648, n1/N=0.26), LFR/rd=1.62%
Epoch 60: loss=0.2754, acc=0.8617, val_acc=0.8516 (c0=0.923, c1=0.658, n1/N=0.27), LFR/rd=1.59%
Epoch 70: loss=0.2781, acc=0.8602, val_acc=0.8461 (c0=0.918, c1=0.653, n1/N=0.27), LFR/rd=1.66%
Epoch 80: loss=0.2736, acc=0.8635, val_acc=0.8540 (c0=0.920, c1=0.670, n1/N=0.26), LFR/rd=1.57%
Epoch 90: loss=0.2781, acc=0.8604, val_acc=0.8540 (c0=0.926, c1=0.648, n1/N=0.26), LFR/rd=1.57%
Epoch 100: loss=0.2796, acc=0.8605, val_acc=0.8487 (c0=0.924, c1=0.645, n1/N=0.27), LFR/rd=1.63%
Early stop at epoch 105: no improvement for 40 epochs (best=0.8593).

Real test:
 acc = 0.8615  (c0=0.9319, c1=0.6672)
 shots = 20000  (class-0: 14681, class-1: 5319)
 P_L = 0.1385
 LFR/round = 0.0148  (1 - acc^(1/T) with T=10)
