This job can be monitored from: https://job.c3se.chalmers.se/alvis/6423115
Run 1: DEM -> real curriculum fine-tune (T=20, dt=2)
Real shots — train: 70000, val: 15000, test: 15000
Calibrating DEM from 70000 train shots...

=== Phase A: DEM fine-tune ===
Epoch 10: loss=0.3177, acc=0.8605, val_acc=0.8280 (c0=0.924, c1=0.563, n1/N=0.27)
Epoch 20: loss=0.3061, acc=0.8647, val_acc=0.8244 (c0=0.922, c1=0.554, n1/N=0.26)
Epoch 30: loss=0.3043, acc=0.8658, val_acc=0.8263 (c0=0.924, c1=0.555, n1/N=0.26)
Epoch 40: loss=0.3037, acc=0.8662, val_acc=0.8218 (c0=0.926, c1=0.539, n1/N=0.27)
Epoch 50: loss=0.2981, acc=0.8693, val_acc=0.8247 (c0=0.927, c1=0.538, n1/N=0.26)
Early stop at epoch 59: no improvement for 40 epochs (best=0.8286).

=== Phase B: real-data fine-tune ===
Epoch 10: loss=0.2908, acc=0.8538, val_acc=0.8463 (c0=0.936, c1=0.599, n1/N=0.27)
Epoch 20: loss=0.2763, acc=0.8621, val_acc=0.8469 (c0=0.921, c1=0.644, n1/N=0.27)
Epoch 30: loss=0.2708, acc=0.8668, val_acc=0.8487 (c0=0.924, c1=0.636, n1/N=0.26)
Epoch 40: loss=0.2645, acc=0.8713, val_acc=0.8465 (c0=0.917, c1=0.651, n1/N=0.27)
Epoch 50: loss=0.2670, acc=0.8701, val_acc=0.8461 (c0=0.921, c1=0.642, n1/N=0.27)
Epoch 60: loss=0.2685, acc=0.8693, val_acc=0.8481 (c0=0.921, c1=0.649, n1/N=0.27)
Epoch 70: loss=0.2662, acc=0.8708, val_acc=0.8459 (c0=0.921, c1=0.644, n1/N=0.27)
Epoch 80: loss=0.2660, acc=0.8714, val_acc=0.8461 (c0=0.917, c1=0.649, n1/N=0.27)
Early stop at epoch 88: no improvement for 40 epochs (best=0.8500).

Real test:
  acc       = 0.8537  (c0=0.9219, c1=0.6636)
  shots     = 81920  (class-0: 60270, class-1: 21650)
  LFR/round = 0.0157  (1 - acc^(1/T) with T=10)
