This job can be monitored from: https://job.c3se.chalmers.se/alvis/6519891
DEM -> real fine-tune (T=10, dt=2)
  jobs/dist3/job_d3_T10_shots100000_d7b87q15a5qc73dn58rg_.json  -> train=80000, val=10000, test=10000
  jobs/dist3/job_d777qp46ji0c738cgnbg_d3_T10_shots100000.json  -> train=80000, val=10000, test=10000
Real shots - train: 160000, val: 20000, test: 20000
Calibrating DEM from 180000 shots (all train+val, test excluded)

=== Phase A: DEM fine-tune ===
Epoch 10: loss=0.2929, acc=0.8743, val_acc=0.8163 (c0=0.926, c1=0.522, n1/N=0.27), LFR/rd=2.01%
Epoch 20: loss=0.2794, acc=0.8806, val_acc=0.8266 (c0=0.921, c1=0.567, n1/N=0.27), LFR/rd=1.89%
Epoch 30: loss=0.2794, acc=0.8784, val_acc=0.8173 (c0=0.912, c1=0.563, n1/N=0.27), LFR/rd=2.00%
Epoch 40: loss=0.2734, acc=0.8796, val_acc=0.8131 (c0=0.920, c1=0.524, n1/N=0.27), LFR/rd=2.05%
Epoch 50: loss=0.2804, acc=0.8789, val_acc=0.8234 (c0=0.922, c1=0.560, n1/N=0.27), LFR/rd=1.92%
Epoch 60: loss=0.2805, acc=0.8784, val_acc=0.8225 (c0=0.923, c1=0.551, n1/N=0.27), LFR/rd=1.94%
Early stop at epoch 67: no improvement for 25 epochs (best=0.8292).

=== Phase B: real-data fine-tune ===
Epoch 10: loss=0.2880, acc=0.8530, val_acc=0.8549 (c0=0.924, c1=0.666, n1/N=0.27), LFR/rd=1.56%
Epoch 20: loss=0.2825, acc=0.8571, val_acc=0.8553 (c0=0.923, c1=0.668, n1/N=0.26), LFR/rd=1.55%
Epoch 30: loss=0.2808, acc=0.8579, val_acc=0.8473 (c0=0.917, c1=0.660, n1/N=0.27), LFR/rd=1.64%
Epoch 40: loss=0.2818, acc=0.8585, val_acc=0.8509 (c0=0.923, c1=0.662, n1/N=0.28), LFR/rd=1.60%
Epoch 50: loss=0.2785, acc=0.8603, val_acc=0.8558 (c0=0.926, c1=0.663, n1/N=0.27), LFR/rd=1.55%
Epoch 60: loss=0.2832, acc=0.8579, val_acc=0.8515 (c0=0.921, c1=0.661, n1/N=0.27), LFR/rd=1.59%
Epoch 70: loss=0.2790, acc=0.8601, val_acc=0.8505 (c0=0.922, c1=0.660, n1/N=0.27), LFR/rd=1.61%
Early stop at epoch 76: no improvement for 35 epochs (best=0.8604).

Real test:
 acc = 0.8643  (c0=0.9389, c1=0.6584)
 shots = 20000  (class-0: 14681, class-1: 5319)
 P_L = 0.1357
 LFR/round = 0.0145  (1 - acc^(1/T) with T=10)
