This job can be monitored from: https://job.c3se.chalmers.se/alvis/6481367
Run 1: DEM -> real fine-tune (T=10, dt=2)
  jobs/dist3/job_d3_T10_shots100000_d7b87q15a5qc73dn58rg_.json  -> train=70000, val=10000, test=20000
  jobs/dist3/job_d777qp46ji0c738cgnbg_d3_T10_shots100000.json  -> train=90000, val=10000
Real shots — train: 160000, val: 20000, test: 20000
Calibrating DEM from 180000 shots (all train+val, test excluded)

=== Phase A: DEM fine-tune ===
Epoch 10: loss=0.2920, acc=0.8726, val_acc=0.8155 (c0=0.929, c1=0.520, n1/N=0.28), LFR/rd=2.02%
Epoch 20: loss=0.2794, acc=0.8794, val_acc=0.8229 (c0=0.911, c1=0.580, n1/N=0.27), LFR/rd=1.93%
Epoch 30: loss=0.2739, acc=0.8816, val_acc=0.8160 (c0=0.914, c1=0.552, n1/N=0.27), LFR/rd=2.01%
Epoch 40: loss=0.2709, acc=0.8840, val_acc=0.8108 (c0=0.908, c1=0.564, n1/N=0.28), LFR/rd=2.08%
Early stop at epoch 44: no improvement for 30 epochs (best=0.8302).

=== Phase B: real-data fine-tune ===
Epoch 10: loss=0.2802, acc=0.8589, val_acc=0.8561 (c0=0.926, c1=0.670, n1/N=0.27), LFR/rd=1.54%
Epoch 20: loss=0.2715, acc=0.8657, val_acc=0.8521 (c0=0.927, c1=0.655, n1/N=0.28), LFR/rd=1.59%
Epoch 30: loss=0.2687, acc=0.8662, val_acc=0.8513 (c0=0.928, c1=0.646, n1/N=0.27), LFR/rd=1.60%
Epoch 40: loss=0.2684, acc=0.8683, val_acc=0.8548 (c0=0.932, c1=0.648, n1/N=0.27), LFR/rd=1.56%
Epoch 50: loss=0.2635, acc=0.8705, val_acc=0.8546 (c0=0.924, c1=0.670, n1/N=0.27), LFR/rd=1.56%
Epoch 60: loss=0.2619, acc=0.8718, val_acc=0.8566 (c0=0.925, c1=0.666, n1/N=0.26), LFR/rd=1.54%
Epoch 70: loss=0.2651, acc=0.8706, val_acc=0.8512 (c0=0.919, c1=0.667, n1/N=0.27), LFR/rd=1.60%
Early stop at epoch 78: no improvement for 50 epochs (best=0.8646).

Real test:
 acc = 0.8554  (c0=0.9276, c1=0.6784)
 shots = 10240  (class-0: 7274, class-1: 2966)
 LFR/round = 0.0155  (1 - acc^(1/T) with T=10)
