This job can be monitored from: https://job.c3se.chalmers.se/alvis/6533906
DEM -> real fine-tune (T=10)
  jobs/dist3/job_d3_T10_shots100000_d7b87q15a5qc73dn58rg_.json  -> train=80000, val=10000, test=10000
  jobs/dist3/job_d777qp46ji0c738cgnbg_d3_T10_shots100000.json  -> train=80000, val=10000, test=10000
Real shots - train: 160000, val: 20000, test: 20000
Calibrating DEM from 180000 shots (all train+val, test excluded)

=== Phase A: DEM fine-tune ===
Epoch 10: loss=0.2751, acc=0.8816, val_acc=0.8241 (c0=0.919, c1=0.556, n1/N=0.26), LFR/rd=1.92%
Epoch 20: loss=0.2691, acc=0.8835, val_acc=0.8300 (c0=0.934, c1=0.529, n1/N=0.26), LFR/rd=1.85%
Epoch 30: loss=0.2663, acc=0.8869, val_acc=0.8184 (c0=0.914, c1=0.560, n1/N=0.27), LFR/rd=1.98%
Early stop at epoch 33: no improvement for 10 epochs (best=0.8341).

=== Phase B: real-data fine-tune ===
Epoch 10: loss=0.2806, acc=0.8589, val_acc=0.8444 (c0=0.915, c1=0.661, n1/N=0.28), LFR/rd=1.68%
Epoch 20: loss=0.2826, acc=0.8583, val_acc=0.8559 (c0=0.910, c1=0.703, n1/N=0.26), LFR/rd=1.54%
Early stop at epoch 26: no improvement for 10 epochs (best=0.8678).

Real test:
 acc = 0.8643  (c0=0.9370, c1=0.6637)
 shots = 20000  (class-0: 14681, class-1: 5319)
 P_L = 0.1357
 LFR/round = 0.0145  (1 - acc^(1/T) with T=10)
