This job can be monitored from: https://job.c3se.chalmers.se/alvis/6463018
Run 1: DEM -> real fine-tune (T=10, dt=2)
Real shots — train: 70000, val: 15000, test: 15000
Calibrating DEM from 70000 train shots...

=== Phase A: DEM fine-tune ===
Epoch 10: loss=0.3221, acc=0.8578, val_acc=0.8236 (c0=0.923, c1=0.552, n1/N=0.27)
Epoch 20: loss=0.3125, acc=0.8622, val_acc=0.8263 (c0=0.924, c1=0.561, n1/N=0.27)
Epoch 30: loss=0.3064, acc=0.8654, val_acc=0.8243 (c0=0.922, c1=0.556, n1/N=0.27)
Epoch 40: loss=0.3058, acc=0.8649, val_acc=0.8270 (c0=0.922, c1=0.562, n1/N=0.26)
Early stop at epoch 43: no improvement for 30 epochs (best=0.8290).

=== Phase B: real-data fine-tune ===
Epoch 10: loss=0.2881, acc=0.8555, val_acc=0.8461 (c0=0.932, c1=0.606, n1/N=0.26)
Epoch 20: loss=0.2791, acc=0.8605, val_acc=0.8443 (c0=0.927, c1=0.621, n1/N=0.27)
Epoch 30: loss=0.2780, acc=0.8618, val_acc=0.8458 (c0=0.928, c1=0.617, n1/N=0.27)
Epoch 40: loss=0.2725, acc=0.8642, val_acc=0.8445 (c0=0.928, c1=0.614, n1/N=0.27)
Epoch 50: loss=0.2720, acc=0.8640, val_acc=0.8465 (c0=0.927, c1=0.624, n1/N=0.27)
Epoch 60: loss=0.2726, acc=0.8628, val_acc=0.8480 (c0=0.928, c1=0.627, n1/N=0.26)
Epoch 70: loss=0.2717, acc=0.8649, val_acc=0.8451 (c0=0.925, c1=0.628, n1/N=0.27)
Early stop at epoch 78: no improvement for 50 epochs (best=0.8500).

Real test:
 acc = 0.8540  (c0=0.9335, c1=0.6263)
 shots = 40960  (class-0: 30362, class-1: 10598)
 LFR/round = 0.0157  (1 - acc^(1/T) with T=10)
