This job can be monitored from: https://job.c3se.chalmers.se/alvis/6521588
DEM -> real fine-tune (T=20, dt=2)
  jobs/dist3/job_d3_T20_shots100000_d7l210a8ui0s73b5s25g.json  -> train=80000, val=10000, test=10000
  jobs/dist3/job_d3_T20_shots50000_d7fmgem2cugc739qov6g.json  -> train=40000, val=5000, test=5000
Real shots - train: 120000, val: 15000, test: 15000
Calibrating DEM from 135000 shots (all train+val, test excluded)

=== Phase A: DEM fine-tune ===
Epoch 10: loss=0.5111, acc=0.7362, val_acc=0.7316 (c0=0.845, c1=0.547, n1/N=0.38), LFR/rd=1.55%
Epoch 20: loss=0.4999, acc=0.7436, val_acc=0.7448 (c0=0.841, c1=0.584, n1/N=0.38), LFR/rd=1.46%
Epoch 30: loss=0.4998, acc=0.7436, val_acc=0.7443 (c0=0.861, c1=0.546, n1/N=0.37), LFR/rd=1.47%
Epoch 40: loss=0.4947, acc=0.7473, val_acc=0.7309 (c0=0.849, c1=0.536, n1/N=0.38), LFR/rd=1.55%
Epoch 50: loss=0.4944, acc=0.7474, val_acc=0.7407 (c0=0.848, c1=0.570, n1/N=0.39), LFR/rd=1.49%
Epoch 60: loss=0.4943, acc=0.7484, val_acc=0.7423 (c0=0.854, c1=0.550, n1/N=0.37), LFR/rd=1.48%
Early stop at epoch 66: no improvement for 25 epochs (best=0.7493).

=== Phase B: real-data fine-tune ===
Epoch 10: loss=0.4179, acc=0.7752, val_acc=0.7738 (c0=0.855, c1=0.641, n1/N=0.38), LFR/rd=1.27%
Epoch 20: loss=0.4123, acc=0.7779, val_acc=0.7842 (c0=0.869, c1=0.641, n1/N=0.37), LFR/rd=1.21%
Epoch 30: loss=0.4072, acc=0.7813, val_acc=0.7790 (c0=0.861, c1=0.644, n1/N=0.38), LFR/rd=1.24%
Epoch 40: loss=0.4038, acc=0.7824, val_acc=0.7746 (c0=0.853, c1=0.645, n1/N=0.38), LFR/rd=1.27%
Epoch 50: loss=0.4025, acc=0.7841, val_acc=0.7870 (c0=0.868, c1=0.653, n1/N=0.38), LFR/rd=1.19%
Epoch 60: loss=0.4024, acc=0.7838, val_acc=0.7873 (c0=0.873, c1=0.644, n1/N=0.38), LFR/rd=1.19%
Epoch 70: loss=0.4013, acc=0.7858, val_acc=0.7738 (c0=0.861, c1=0.629, n1/N=0.38), LFR/rd=1.27%
Early stop at epoch 70: no improvement for 35 epochs (best=0.7905).

Real test:
 acc = 0.7707  (c0=0.8484, c1=0.6471)
 shots = 15000  (class-0: 9211, class-1: 5789)
 P_L = 0.2293
 LFR/round = 0.0129  (1 - acc^(1/T) with T=20)
