This job can be monitored from: https://job.c3se.chalmers.se/alvis/6471166
Real-only fine-tune (T=10)
TRAIN_JOB: jobs/dist3/job_d777qp46ji0c738cgnbg_d3_T10_shots100000.json
TEST_JOB:  jobs/dist3/job_d3_T10_shots10000_d7b87q15a5qc73dn58rg_.json
Real shots — train: 85000, val: 15000, test: 100000
Epoch 10: loss=0.3532, acc=0.8220, val_acc=0.8201 (c0=0.931, c1=0.514, n1/N=0.27)
Epoch 20: loss=0.3291, acc=0.8311, val_acc=0.8397 (c0=0.931, c1=0.578, n1/N=0.26)
Epoch 30: loss=0.3222, acc=0.8368, val_acc=0.8400 (c0=0.928, c1=0.586, n1/N=0.26)
Epoch 40: loss=0.3181, acc=0.8389, val_acc=0.8443 (c0=0.931, c1=0.597, n1/N=0.26)
Epoch 50: loss=0.3138, acc=0.8399, val_acc=0.8457 (c0=0.934, c1=0.595, n1/N=0.26)
Epoch 60: loss=0.3068, acc=0.8444, val_acc=0.8406 (c0=0.930, c1=0.588, n1/N=0.26)
Epoch 70: loss=0.3156, acc=0.8389, val_acc=0.8459 (c0=0.935, c1=0.599, n1/N=0.26)
Epoch 80: loss=0.3128, acc=0.8423, val_acc=0.8488 (c0=0.933, c1=0.606, n1/N=0.26)
Epoch 90: loss=0.3133, acc=0.8408, val_acc=0.8459 (c0=0.932, c1=0.597, n1/N=0.26)
Epoch 100: loss=0.3102, acc=0.8433, val_acc=0.8430 (c0=0.930, c1=0.598, n1/N=0.26)
Epoch 110: loss=0.3165, acc=0.8382, val_acc=0.8467 (c0=0.930, c1=0.607, n1/N=0.26)
Epoch 120: loss=0.3185, acc=0.8367, val_acc=0.8425 (c0=0.931, c1=0.592, n1/N=0.26)
Epoch 130: loss=0.3048, acc=0.8445, val_acc=0.8478 (c0=0.933, c1=0.607, n1/N=0.26)
Epoch 140: loss=0.3103, acc=0.8412, val_acc=0.8495 (c0=0.936, c1=0.604, n1/N=0.26)

Real test:
 acc = 0.8361  (c0=0.9279, c1=0.5980)
 shots = 40960  (class-0: 29564, class-1: 11396)
 LFR/round = 0.0177  (1 - acc^(1/T) with T=10)
