This job can be monitored from: https://job.c3se.chalmers.se/alvis/6482932
Real-only fine-tune (T=20) on pre fine-tune trained model (t10)
  jobs/dist3/job_d3_T20_shots100000_d7l210a8ui0s73b5s25g.json  -> train=70000, val=10000, test=20000
  jobs/dist3/job_d3_T20_shots50000_d7fmgem2cugc739qov6g.json  -> train=45000, val=5000
Real shots — train: 115000, val: 15000, test: 20000
Epoch 10: loss=0.4272, acc=0.7676, val_acc=0.7664 (c0=0.824, c1=0.673, n1/N=0.38), LFR/rd=1.32%
Epoch 20: loss=0.4113, acc=0.7782, val_acc=0.7657 (c0=0.847, c1=0.631, n1/N=0.38), LFR/rd=1.33%
Epoch 30: loss=0.4077, acc=0.7810, val_acc=0.7675 (c0=0.851, c1=0.624, n1/N=0.37), LFR/rd=1.31%
Epoch 40: loss=0.4046, acc=0.7842, val_acc=0.7647 (c0=0.847, c1=0.632, n1/N=0.38), LFR/rd=1.33%
Epoch 50: loss=0.4050, acc=0.7832, val_acc=0.7692 (c0=0.844, c1=0.643, n1/N=0.37), LFR/rd=1.30%
Epoch 60: loss=0.4072, acc=0.7825, val_acc=0.7626 (c0=0.841, c1=0.631, n1/N=0.37), LFR/rd=1.35%
Epoch 70: loss=0.4018, acc=0.7871, val_acc=0.7609 (c0=0.839, c1=0.632, n1/N=0.38), LFR/rd=1.36%
Epoch 80: loss=0.4025, acc=0.7876, val_acc=0.7685 (c0=0.845, c1=0.642, n1/N=0.38), LFR/rd=1.31%
Epoch 90: loss=0.4049, acc=0.7849, val_acc=0.7661 (c0=0.842, c1=0.641, n1/N=0.38), LFR/rd=1.32%
Epoch 100: loss=0.3995, acc=0.7897, val_acc=0.7639 (c0=0.846, c1=0.630, n1/N=0.38), LFR/rd=1.34%
Epoch 110: loss=0.3996, acc=0.7889, val_acc=0.7680 (c0=0.841, c1=0.648, n1/N=0.38), LFR/rd=1.31%
Early stop at epoch 113: no improvement for 50 epochs (best=0.7740).

Real test:
 acc = 0.7567  (c0=0.8346, c1=0.6305)
 shots = 10240  (class-0: 6332, class-1: 3908)
 LFR/round = 0.0138  (1 - acc^(1/T) with T=20)
