This job can be monitored from: https://job.c3se.chalmers.se/alvis/6471450
Real-only fine-tune (T=10)
TRAIN_JOB: jobs/dist3/job_d777qp46ji0c738cgnbg_d3_T10_shots100000.json
TEST_JOB:  jobs/dist3/job_d3_T10_shots10000_d7b87q15a5qc73dn58rg_.json
Real shots — train: 85000, val: 15000, test: 100000
Epoch 10: loss=0.3233, acc=0.8331, val_acc=0.8381 (c0=0.932, c1=0.574, n1/N=0.26)
Epoch 20: loss=0.3041, acc=0.8462, val_acc=0.8480 (c0=0.929, c1=0.621, n1/N=0.26)
Epoch 30: loss=0.2970, acc=0.8487, val_acc=0.8512 (c0=0.931, c1=0.627, n1/N=0.26)
Epoch 40: loss=0.2950, acc=0.8509, val_acc=0.8521 (c0=0.934, c1=0.622, n1/N=0.26)
Epoch 50: loss=0.2914, acc=0.8527, val_acc=0.8516 (c0=0.931, c1=0.629, n1/N=0.26)
Epoch 60: loss=0.2914, acc=0.8533, val_acc=0.8530 (c0=0.932, c1=0.628, n1/N=0.26)
Epoch 70: loss=0.2869, acc=0.8571, val_acc=0.8539 (c0=0.934, c1=0.625, n1/N=0.26)
Epoch 80: loss=0.2915, acc=0.8539, val_acc=0.8523 (c0=0.929, c1=0.636, n1/N=0.26)
Epoch 90: loss=0.2889, acc=0.8544, val_acc=0.8525 (c0=0.931, c1=0.634, n1/N=0.26)
Epoch 100: loss=0.2912, acc=0.8536, val_acc=0.8529 (c0=0.930, c1=0.634, n1/N=0.26)
Epoch 110: loss=0.2895, acc=0.8561, val_acc=0.8529 (c0=0.931, c1=0.633, n1/N=0.26)
Early stop at epoch 110: no improvement for 40 epochs (best=0.8539).

Real test:
 acc = 0.8401  (c0=0.9278, c1=0.6147)
 shots = 327680  (class-0: 235847, class-1: 91833)
 LFR/round = 0.0173  (1 - acc^(1/T) with T=10)
