This job can be monitored from: https://job.c3se.chalmers.se/alvis/6447687
Run 2 (ablation): real-only fine-tune, skips DEM phase (T=20, dt=2)

=== Stage 1/2 ===
JOB: jobs/dist3/job_d777qp46ji0c738cgnbg_d3_T10_shots100000.json
Real shots — train: 70000, val: 15000, test: 15000
Epoch 10: loss=0.3166, acc=0.8377, val_acc=0.8357 (c0=0.930, c1=0.577, n1/N=0.27)
Epoch 20: loss=0.3044, acc=0.8449, val_acc=0.8446 (c0=0.930, c1=0.603, n1/N=0.26)
Epoch 30: loss=0.2918, acc=0.8539, val_acc=0.8438 (c0=0.939, c1=0.586, n1/N=0.27)
Epoch 40: loss=0.2926, acc=0.8546, val_acc=0.8412 (c0=0.935, c1=0.584, n1/N=0.27)
Epoch 50: loss=0.2897, acc=0.8551, val_acc=0.8460 (c0=0.935, c1=0.592, n1/N=0.26)
Epoch 60: loss=0.2862, acc=0.8580, val_acc=0.8417 (c0=0.933, c1=0.592, n1/N=0.27)
Epoch 70: loss=0.2923, acc=0.8529, val_acc=0.8429 (c0=0.931, c1=0.606, n1/N=0.27)
Epoch 80: loss=0.2897, acc=0.8537, val_acc=0.8424 (c0=0.929, c1=0.606, n1/N=0.27)
Early stop at epoch 85: no improvement for 30 epochs (best=0.8504).

=== Stage 2/2 ===
JOB: jobs/job_d3_T10_shots10000_d7b87q15a5qc73dn58rg_.json
Real shots — train: 70000, val: 15000, test: 15000
Epoch 10: loss=0.2993, acc=0.8486, val_acc=0.8438 (c0=0.915, c1=0.659, n1/N=0.28)
Epoch 20: loss=0.2906, acc=0.8555, val_acc=0.8406 (c0=0.922, c1=0.632, n1/N=0.28)
Epoch 30: loss=0.2871, acc=0.8537, val_acc=0.8421 (c0=0.921, c1=0.638, n1/N=0.28)
Epoch 40: loss=0.2913, acc=0.8549, val_acc=0.8427 (c0=0.913, c1=0.662, n1/N=0.28)
Epoch 50: loss=0.2906, acc=0.8532, val_acc=0.8437 (c0=0.911, c1=0.667, n1/N=0.28)
Early stop at epoch 55: no improvement for 30 epochs (best=0.8483).

Final-stage real test:
  acc       = 0.8467  (c0=0.9232, c1=0.6562)
  shots     = 40960  (class-0: 29228, class-1: 11732)
  LFR/round = 0.0165  (1 - acc^(1/T) with T=10)
