This job can be monitored from: https://job.c3se.chalmers.se/alvis/6482370
DEM -> real fine-tune (T=10, dt=2)
  jobs/dist5/job_d5_T10_shots100000_d7jman1s7cos73ek3djg.json  -> train=70000, val=10000, test=20000
Real shots — train: 70000, val: 10000, test: 20000
Calibrating DEM from 80000 shots (all train+val, test excluded)

=== Phase A: DEM fine-tune ===
Epoch 10: loss=0.6933, acc=0.5018, val_acc=0.6496 (c0=0.994, c1=0.012, n1/N=0.35), LFR/rd=4.22%
Epoch 20: loss=0.6904, acc=0.5138, val_acc=0.6490 (c0=0.879, c1=0.234, n1/N=0.36), LFR/rd=4.23%
Epoch 30: loss=0.6892, acc=0.5163, val_acc=0.6346 (c0=0.796, c1=0.343, n1/N=0.36), LFR/rd=4.45%
Epoch 40: loss=0.6885, acc=0.5178, val_acc=0.6553 (c0=0.842, c1=0.323, n1/N=0.36), LFR/rd=4.14%
Epoch 50: loss=0.6884, acc=0.5176, val_acc=0.6329 (c0=0.666, c1=0.573, n1/N=0.36), LFR/rd=4.47%
Epoch 60: loss=0.6885, acc=0.5197, val_acc=0.6551 (c0=0.829, c1=0.342, n1/N=0.36), LFR/rd=4.14%
Epoch 70: loss=0.6884, acc=0.5188, val_acc=0.6405 (c0=0.710, c1=0.512, n1/N=0.35), LFR/rd=4.36%
Epoch 80: loss=0.6884, acc=0.5196, val_acc=0.6341 (c0=0.744, c1=0.437, n1/N=0.36), LFR/rd=4.45%
Epoch 90: loss=0.6883, acc=0.5204, val_acc=0.6473 (c0=0.767, c1=0.429, n1/N=0.36), LFR/rd=4.26%
Early stop at epoch 96: no improvement for 30 epochs (best=0.6582).

=== Phase B: real-data fine-tune ===
Epoch 10: loss=0.4607, acc=0.7403, val_acc=0.7339 (c0=0.847, c1=0.534, n1/N=0.36), LFR/rd=3.05%
Epoch 20: loss=0.4430, acc=0.7527, val_acc=0.7453 (c0=0.878, c1=0.516, n1/N=0.37), LFR/rd=2.90%
Epoch 30: loss=0.4343, acc=0.7576, val_acc=0.7375 (c0=0.868, c1=0.505, n1/N=0.36), LFR/rd=3.00%
Epoch 40: loss=0.4344, acc=0.7592, val_acc=0.7353 (c0=0.875, c1=0.489, n1/N=0.36), LFR/rd=3.03%
Epoch 50: loss=0.4318, acc=0.7568, val_acc=0.7397 (c0=0.846, c1=0.551, n1/N=0.36), LFR/rd=2.97%
Epoch 60: loss=0.4303, acc=0.7632, val_acc=0.7374 (c0=0.856, c1=0.530, n1/N=0.36), LFR/rd=3.00%
Epoch 70: loss=0.4281, acc=0.7643, val_acc=0.7345 (c0=0.857, c1=0.522, n1/N=0.37), LFR/rd=3.04%
Epoch 80: loss=0.4261, acc=0.7652, val_acc=0.7428 (c0=0.849, c1=0.551, n1/N=0.36), LFR/rd=2.93%
Early stop at epoch 86: no improvement for 50 epochs (best=0.7509).

Real test:
 acc = 0.7317  (c0=0.8593, c1=0.5100)
 shots = 10240  (class-0: 6501, class-1: 3739)
 LFR/round = 0.0308  (1 - acc^(1/T) with T=10)
