This job can be monitored from: https://job.c3se.chalmers.se/alvis/6565391
DEM -> real fine-tune (T=20)
  jobs/dist5/d5_T20_shots150000_d7s7584t738s73cgb1u0.json  -> train=120000, val=15000, test=15000
  jobs/dist5/job_d5_T20_shots50000_d7fmn4l6agrc738ispv0.json  -> train=40000, val=5000, test=5000
Real shots - train: 160000, val: 20000, test: 20000
Calibrating DEM from 180000 shots (all train+val, test excluded)

=== Phase A: DEM fine-tune ===
Epoch 10: loss=0.6932, acc=0.5001, val_acc=0.5472 (c0=0.617, c1=0.465, n1/N=0.46), LFR/rd=5.56%
Epoch 20: loss=0.6932, acc=0.5017, val_acc=0.5114 (c0=0.412, c1=0.628, n1/N=0.46), LFR/rd=8.61%
Early stop at epoch 26: no improvement for 25 epochs (best=0.5663).

=== Phase B: real-data fine-tune ===
Epoch 10: loss=0.5931, acc=0.6209, val_acc=0.6143 (c0=0.755, c1=0.443, n1/N=0.45), LFR/rd=3.56%
Epoch 20: loss=0.5904, acc=0.6239, val_acc=0.6123 (c0=0.747, c1=0.456, n1/N=0.46), LFR/rd=3.60%
Epoch 30: loss=0.5885, acc=0.6240, val_acc=0.6159 (c0=0.683, c1=0.538, n1/N=0.46), LFR/rd=3.52%
Epoch 40: loss=0.5884, acc=0.6266, val_acc=0.6185 (c0=0.719, c1=0.501, n1/N=0.46), LFR/rd=3.47%
Epoch 50: loss=0.5859, acc=0.6279, val_acc=0.6231 (c0=0.714, c1=0.517, n1/N=0.46), LFR/rd=3.38%
Epoch 60: loss=0.5848, acc=0.6301, val_acc=0.6219 (c0=0.718, c1=0.509, n1/N=0.46), LFR/rd=3.41%
Epoch 70: loss=0.5845, acc=0.6304, val_acc=0.6234 (c0=0.718, c1=0.515, n1/N=0.47), LFR/rd=3.38%
Epoch 80: loss=0.5846, acc=0.6300, val_acc=0.6279 (c0=0.740, c1=0.498, n1/N=0.46), LFR/rd=3.29%
Epoch 90: loss=0.5827, acc=0.6322, val_acc=0.6277 (c0=0.708, c1=0.532, n1/N=0.46), LFR/rd=3.30%
Epoch 100: loss=0.5843, acc=0.6301, val_acc=0.6163 (c0=0.688, c1=0.534, n1/N=0.46), LFR/rd=3.52%
Epoch 110: loss=0.5816, acc=0.6325, val_acc=0.6265 (c0=0.699, c1=0.541, n1/N=0.46), LFR/rd=3.32%
Early stop at epoch 115: no improvement for 70 epochs (best=0.6315).

Real test:
 acc = 0.6260  (c0=0.7157, c1=0.5184)
 shots = 20000  (class-0: 10906, class-1: 9094)
 P_L = 0.3740
 LFR/round = 0.0333  (0.5 * (1 - (1 - 2P_L)^(1/T)) with T=20)

MWPM real test:
 acc = 0.5535  (c0=0.8883, c1=0.1520)
 shots = 20000  (class-0: 10906, class-1: 9094)
 P_L = 0.4465
 LFR/round = 0.0529  (0.5 * (1 - (1 - 2P_L)^(1/T)) with T=20)
