This job can be monitored from: https://job.c3se.chalmers.se/alvis/6565723
Real-only fine-tune (T=20)
  jobs/dist5/d5_T20_shots150000_d7s7584t738s73cgb1u0.json  -> train=120000, val=15000, test=15000
  jobs/dist5/job_d5_T20_shots50000_d7fmn4l6agrc738ispv0.json  -> train=40000, val=5000, test=5000
Real shots - train: 160000, val: 20000, test: 20000
Epoch 10: loss=0.5835, acc=0.6314, val_acc=0.6211 (c0=0.765, c1=0.457, n1/N=0.47), LFR/rd=3.42%
Epoch 20: loss=0.5761, acc=0.6391, val_acc=0.6335 (c0=0.658, c1=0.605, n1/N=0.46), LFR/rd=3.19%
Epoch 30: loss=0.5698, acc=0.6467, val_acc=0.6240 (c0=0.649, c1=0.594, n1/N=0.45), LFR/rd=3.37%
Epoch 40: loss=0.5680, acc=0.6456, val_acc=0.6330 (c0=0.692, c1=0.561, n1/N=0.45), LFR/rd=3.20%
Epoch 50: loss=0.5677, acc=0.6482, val_acc=0.6247 (c0=0.705, c1=0.532, n1/N=0.47), LFR/rd=3.35%
Epoch 60: loss=0.5669, acc=0.6492, val_acc=0.6235 (c0=0.681, c1=0.556, n1/N=0.46), LFR/rd=3.38%
Epoch 70: loss=0.5655, acc=0.6512, val_acc=0.6309 (c0=0.704, c1=0.543, n1/N=0.45), LFR/rd=3.24%
Epoch 80: loss=0.5645, acc=0.6513, val_acc=0.6296 (c0=0.686, c1=0.565, n1/N=0.47), LFR/rd=3.26%
Early stop at epoch 81: no improvement for 60 epochs (best=0.6340).

Real test:
 acc = 0.6266  (c0=0.6926, c1=0.5474)
 shots = 20000  (class-0: 10906, class-1: 9094)
 P_L = 0.3734
 LFR/round = 0.0332  (0.5 * (1 - (1 - 2P_L)^(1/T)) with T=20)

MWPM real test:
 acc = 0.5535  (c0=0.8883, c1=0.1520)
 shots = 20000  (class-0: 10906, class-1: 9094)
 P_L = 0.4465
 LFR/round = 0.0529  (0.5 * (1 - (1 - 2P_L)^(1/T)) with T=20)
