This job can be monitored from: https://job.c3se.chalmers.se/alvis/6565225
Real-only fine-tune (T=10)
  jobs/dist5/job_d5_T10_shots100000_d7jman1s7cos73ek3djg.json  -> train=80000, val=10000, test=10000
  jobs/dist5/d5_T10_shots100000_d7oben62jamc73bpfv00.json  -> train=80000, val=10000, test=10000
Real shots - train: 160000, val: 20000, test: 20000
Epoch 10: loss=0.4182, acc=0.7686, val_acc=0.7577 (c0=0.862, c1=0.590, n1/N=0.38), LFR/rd=3.21%
Epoch 20: loss=0.4104, acc=0.7719, val_acc=0.7573 (c0=0.872, c1=0.576, n1/N=0.39), LFR/rd=3.21%
Epoch 30: loss=0.4063, acc=0.7747, val_acc=0.7582 (c0=0.869, c1=0.583, n1/N=0.39), LFR/rd=3.20%
Epoch 40: loss=0.4052, acc=0.7767, val_acc=0.7566 (c0=0.846, c1=0.613, n1/N=0.38), LFR/rd=3.23%
Epoch 50: loss=0.4014, acc=0.7798, val_acc=0.7615 (c0=0.859, c1=0.605, n1/N=0.38), LFR/rd=3.14%
Epoch 60: loss=0.4054, acc=0.7752, val_acc=0.7590 (c0=0.852, c1=0.611, n1/N=0.39), LFR/rd=3.18%
Epoch 70: loss=0.4020, acc=0.7773, val_acc=0.7620 (c0=0.853, c1=0.616, n1/N=0.39), LFR/rd=3.13%
Epoch 80: loss=0.4002, acc=0.7794, val_acc=0.7598 (c0=0.853, c1=0.611, n1/N=0.38), LFR/rd=3.17%
Epoch 90: loss=0.4002, acc=0.7793, val_acc=0.7584 (c0=0.852, c1=0.609, n1/N=0.39), LFR/rd=3.19%
Epoch 100: loss=0.3992, acc=0.7793, val_acc=0.7617 (c0=0.856, c1=0.610, n1/N=0.38), LFR/rd=3.13%
Epoch 110: loss=0.4003, acc=0.7797, val_acc=0.7540 (c0=0.853, c1=0.596, n1/N=0.39), LFR/rd=3.27%
Epoch 120: loss=0.3972, acc=0.7811, val_acc=0.7562 (c0=0.863, c1=0.585, n1/N=0.38), LFR/rd=3.23%
Early stop at epoch 123: no improvement for 60 epochs (best=0.7662).

Real test:
 acc = 0.7607  (c0=0.8458, c1=0.6215)
 shots = 20000  (class-0: 12409, class-1: 7591)
 P_L = 0.2393
 LFR/round = 0.0315  (0.5 * (1 - (1 - 2P_L)^(1/T)) with T=10)

MWPM real test:
 acc = 0.6603  (c0=0.8206, c1=0.3981)
 shots = 20000  (class-0: 12409, class-1: 7591)
 P_L = 0.3397
 LFR/round = 0.0538  (0.5 * (1 - (1 - 2P_L)^(1/T)) with T=10)
