This job can be monitored from: https://job.c3se.chalmers.se/alvis/6558390
Real-only fine-tune (T=10)
  jobs/dist5/job_d5_T10_shots100000_d7jman1s7cos73ek3djg.json  -> train=80000, val=10000, test=10000
  jobs/dist5/d5_T10_shots100000_d7oben62jamc73bpfv00.json  -> train=80000, val=10000, test=10000
Real shots - train: 160000, val: 20000, test: 20000
Epoch 10: loss=0.4176, acc=0.7671, val_acc=0.7591 (c0=0.855, c1=0.604, n1/N=0.38), LFR/rd=3.18%
Epoch 20: loss=0.4126, acc=0.7707, val_acc=0.7565 (c0=0.826, c1=0.644, n1/N=0.38), LFR/rd=3.23%
Epoch 30: loss=0.4063, acc=0.7757, val_acc=0.7583 (c0=0.865, c1=0.586, n1/N=0.38), LFR/rd=3.20%
Epoch 40: loss=0.4033, acc=0.7770, val_acc=0.7614 (c0=0.857, c1=0.609, n1/N=0.39), LFR/rd=3.14%
Epoch 50: loss=0.4025, acc=0.7785, val_acc=0.7609 (c0=0.850, c1=0.623, n1/N=0.39), LFR/rd=3.15%
Epoch 60: loss=0.4043, acc=0.7765, val_acc=0.7598 (c0=0.859, c1=0.602, n1/N=0.39), LFR/rd=3.17%
Epoch 70: loss=0.4010, acc=0.7787, val_acc=0.7587 (c0=0.849, c1=0.611, n1/N=0.38), LFR/rd=3.19%
Epoch 80: loss=0.3987, acc=0.7813, val_acc=0.7657 (c0=0.860, c1=0.612, n1/N=0.38), LFR/rd=3.06%
Epoch 90: loss=0.4006, acc=0.7787, val_acc=0.7633 (c0=0.853, c1=0.622, n1/N=0.39), LFR/rd=3.11%
Early stop at epoch 94: no improvement for 60 epochs (best=0.7683).

Real test:
 acc = 0.7597  (c0=0.8527, c1=0.6076)
 shots = 20000  (class-0: 12409, class-1: 7591)
 P_L = 0.2403
 LFR/round = 0.0317  (0.5 * (1 - (1 - 2P_L)^(1/T)) with T=10)

MWPM real test:
 acc = 0.6603  (c0=0.8206, c1=0.3981)
 shots = 20000  (class-0: 12409, class-1: 7591)
 P_L = 0.3397
 LFR/round = 0.0538  (0.5 * (1 - (1 - 2P_L)^(1/T)) with T=10)
