Training with t = [99], dt = 2, distance = 3
EPOCH 1 starting
EPOCH 1 finished in 16.340 seconds with lr = 3.00e-04:
	loss = 0.46038, accuracy = 0.7833 (0.7833)
	class 0: mean = 0.1990 std = 0.1812 fraction = 0.7401
	class 1: mean = 0.4412 std = 0.2302 fraction = 0.2599
	model time = 9.11 seconds, data time = 4.78 seconds
EPOCH 2 starting
EPOCH 2 finished in 15.819 seconds with lr = 2.85e-04:
	loss = 0.38138, accuracy = 0.8231 (0.8231)
	class 0: mean = 0.1660 std = 0.1821 fraction = 0.7395
	class 1: mean = 0.5318 std = 0.2732 fraction = 0.2605
	model time = 8.53 seconds, data time = 4.76 seconds
EPOCH 3 starting
EPOCH 3 finished in 15.739 seconds with lr = 2.71e-04:
	loss = 0.35749, accuracy = 0.8375 (0.8375)
	class 0: mean = 0.1536 std = 0.1829 fraction = 0.7413
	class 1: mean = 0.5615 std = 0.2845 fraction = 0.2587
	model time = 8.53 seconds, data time = 4.80 seconds
EPOCH 4 starting
EPOCH 4 finished in 15.740 seconds with lr = 2.57e-04:
	loss = 0.34406, accuracy = 0.8463 (0.8463)
	class 0: mean = 0.1472 std = 0.1851 fraction = 0.7409
	class 1: mean = 0.5812 std = 0.2871 fraction = 0.2591
	model time = 8.55 seconds, data time = 4.79 seconds
EPOCH 5 starting
EPOCH 5 finished in 15.733 seconds with lr = 2.44e-04:
	loss = 0.33559, accuracy = 0.8512 (0.8512)
	class 0: mean = 0.1428 std = 0.1835 fraction = 0.7425
	class 1: mean = 0.5912 std = 0.2916 fraction = 0.2575
	model time = 8.54 seconds, data time = 4.81 seconds
EPOCH 6 starting
EPOCH 6 finished in 15.892 seconds with lr = 2.32e-04:
	loss = 0.33111, accuracy = 0.8526 (0.8526)
	class 0: mean = 0.1406 std = 0.1853 fraction = 0.7411
	class 1: mean = 0.5997 std = 0.2915 fraction = 0.2589
	model time = 8.69 seconds, data time = 4.82 seconds
EPOCH 7 starting
EPOCH 7 finished in 15.735 seconds with lr = 2.21e-04:
	loss = 0.32878, accuracy = 0.8541 (0.8541)
	class 0: mean = 0.1398 std = 0.1854 fraction = 0.7406
	class 1: mean = 0.6026 std = 0.2909 fraction = 0.2594
	model time = 8.53 seconds, data time = 4.81 seconds
EPOCH 8 starting
EPOCH 8 finished in 15.911 seconds with lr = 2.10e-04:
	loss = 0.32416, accuracy = 0.8557 (0.8557)
	class 0: mean = 0.1375 std = 0.1850 fraction = 0.7405
	class 1: mean = 0.6082 std = 0.2915 fraction = 0.2595
	model time = 8.69 seconds, data time = 4.83 seconds
EPOCH 9 starting
EPOCH 9 finished in 15.771 seconds with lr = 1.99e-04:
	loss = 0.32314, accuracy = 0.8557 (0.8557)
	class 0: mean = 0.1371 std = 0.1856 fraction = 0.7390
	class 1: mean = 0.6130 std = 0.2942 fraction = 0.2610
	model time = 8.54 seconds, data time = 4.86 seconds
EPOCH 10 starting
EPOCH 10 finished in 15.738 seconds with lr = 1.89e-04:
	loss = 0.31882, accuracy = 0.8588 (0.8588)
	class 0: mean = 0.1352 std = 0.1833 fraction = 0.7402
	class 1: mean = 0.6163 std = 0.2954 fraction = 0.2598
	model time = 8.55 seconds, data time = 4.81 seconds
EPOCH 11 starting
EPOCH 11 finished in 15.921 seconds with lr = 1.80e-04:
	loss = 0.31843, accuracy = 0.8583 (0.8588)
	class 0: mean = 0.1351 std = 0.1855 fraction = 0.7404
	class 1: mean = 0.6174 std = 0.2935 fraction = 0.2596
	model time = 8.69 seconds, data time = 4.83 seconds
EPOCH 12 starting
EPOCH 12 finished in 15.783 seconds with lr = 1.71e-04:
	loss = 0.31662, accuracy = 0.8607 (0.8607)
	class 0: mean = 0.1338 std = 0.1837 fraction = 0.7418
	class 1: mean = 0.6165 std = 0.2937 fraction = 0.2582
	model time = 8.56 seconds, data time = 4.84 seconds
EPOCH 13 starting
EPOCH 13 finished in 15.891 seconds with lr = 1.62e-04:
	loss = 0.31737, accuracy = 0.8591 (0.8607)
	class 0: mean = 0.1349 std = 0.1863 fraction = 0.7391
	class 1: mean = 0.6206 std = 0.2932 fraction = 0.2609
	model time = 8.67 seconds, data time = 4.82 seconds
EPOCH 14 starting
EPOCH 14 finished in 15.754 seconds with lr = 1.54e-04:
	loss = 0.31433, accuracy = 0.8596 (0.8607)
	class 0: mean = 0.1335 std = 0.1857 fraction = 0.7386
	class 1: mean = 0.6237 std = 0.2935 fraction = 0.2614
	model time = 8.55 seconds, data time = 4.81 seconds
EPOCH 15 starting
EPOCH 15 finished in 15.760 seconds with lr = 1.46e-04:
	loss = 0.31159, accuracy = 0.8608 (0.8608)
	class 0: mean = 0.1319 std = 0.1858 fraction = 0.7396
	class 1: mean = 0.6261 std = 0.2925 fraction = 0.2604
	model time = 8.55 seconds, data time = 4.83 seconds
EPOCH 16 starting
EPOCH 16 finished in 15.935 seconds with lr = 1.39e-04:
	loss = 0.31066, accuracy = 0.8624 (0.8624)
	class 0: mean = 0.1313 std = 0.1842 fraction = 0.7409
	class 1: mean = 0.6254 std = 0.2942 fraction = 0.2591
	model time = 8.56 seconds, data time = 4.87 seconds
EPOCH 17 starting
EPOCH 17 finished in 15.765 seconds with lr = 1.32e-04:
	loss = 0.30914, accuracy = 0.8630 (0.8630)
	class 0: mean = 0.1298 std = 0.1836 fraction = 0.7420
	class 1: mean = 0.6261 std = 0.2956 fraction = 0.2580
	model time = 8.56 seconds, data time = 4.81 seconds
EPOCH 18 starting
EPOCH 18 finished in 15.866 seconds with lr = 1.25e-04:
	loss = 0.30976, accuracy = 0.8633 (0.8633)
	class 0: mean = 0.1314 std = 0.1847 fraction = 0.7404
	class 1: mean = 0.6287 std = 0.2949 fraction = 0.2596
	model time = 8.67 seconds, data time = 4.81 seconds
EPOCH 19 starting
EPOCH 19 finished in 15.792 seconds with lr = 1.19e-04:
	loss = 0.30820, accuracy = 0.8640 (0.8640)
	class 0: mean = 0.1296 std = 0.1844 fraction = 0.7417
	class 1: mean = 0.6277 std = 0.2947 fraction = 0.2583
	model time = 8.55 seconds, data time = 4.86 seconds
EPOCH 20 starting
EPOCH 20 finished in 15.704 seconds with lr = 1.13e-04:
	loss = 0.31149, accuracy = 0.8624 (0.8640)
	class 0: mean = 0.1313 std = 0.1846 fraction = 0.7416
	class 1: mean = 0.6247 std = 0.2947 fraction = 0.2584
	model time = 8.54 seconds, data time = 4.79 seconds
EPOCH 21 starting
EPOCH 21 finished in 15.743 seconds with lr = 1.08e-04:
	loss = 0.31254, accuracy = 0.8622 (0.8640)
	class 0: mean = 0.1315 std = 0.1835 fraction = 0.7435
	class 1: mean = 0.6209 std = 0.2955 fraction = 0.2565
	model time = 8.55 seconds, data time = 4.80 seconds
EPOCH 22 starting
EPOCH 22 finished in 15.826 seconds with lr = 1.02e-04:
	loss = 0.30964, accuracy = 0.8631 (0.8640)
	class 0: mean = 0.1310 std = 0.1853 fraction = 0.7407
	class 1: mean = 0.6278 std = 0.2930 fraction = 0.2593
	model time = 8.65 seconds, data time = 4.79 seconds
EPOCH 23 starting
EPOCH 23 finished in 15.840 seconds with lr = 9.71e-05:
	loss = 0.30865, accuracy = 0.8634 (0.8640)
	class 0: mean = 0.1300 std = 0.1841 fraction = 0.7403
	class 1: mean = 0.6294 std = 0.2950 fraction = 0.2597
	model time = 8.53 seconds, data time = 4.82 seconds
EPOCH 24 starting
EPOCH 24 finished in 15.729 seconds with lr = 9.22e-05:
	loss = 0.30784, accuracy = 0.8638 (0.8640)
	class 0: mean = 0.1300 std = 0.1848 fraction = 0.7413
	class 1: mean = 0.6293 std = 0.2936 fraction = 0.2587
	model time = 8.53 seconds, data time = 4.81 seconds
EPOCH 25 starting
EPOCH 25 finished in 15.742 seconds with lr = 8.76e-05:
	loss = 0.30657, accuracy = 0.8651 (0.8651)
	class 0: mean = 0.1289 std = 0.1834 fraction = 0.7418
	class 1: mean = 0.6306 std = 0.2962 fraction = 0.2582
	model time = 8.53 seconds, data time = 4.83 seconds
EPOCH 26 starting
EPOCH 26 finished in 15.701 seconds with lr = 8.32e-05:
	loss = 0.30694, accuracy = 0.8649 (0.8651)
	class 0: mean = 0.1295 std = 0.1834 fraction = 0.7408
	class 1: mean = 0.6313 std = 0.2952 fraction = 0.2592
	model time = 8.53 seconds, data time = 4.79 seconds
EPOCH 27 starting
EPOCH 27 finished in 15.886 seconds with lr = 7.91e-05:
	loss = 0.30369, accuracy = 0.8661 (0.8661)
	class 0: mean = 0.1273 std = 0.1828 fraction = 0.7427
	class 1: mean = 0.6325 std = 0.2970 fraction = 0.2573
	model time = 8.66 seconds, data time = 4.84 seconds
EPOCH 28 starting
EPOCH 28 finished in 15.785 seconds with lr = 7.51e-05:
	loss = 0.30850, accuracy = 0.8634 (0.8661)
	class 0: mean = 0.1301 std = 0.1849 fraction = 0.7418
	class 1: mean = 0.6283 std = 0.2951 fraction = 0.2582
	model time = 8.54 seconds, data time = 4.86 seconds
EPOCH 29 starting
EPOCH 29 finished in 15.909 seconds with lr = 7.13e-05:
	loss = 0.30342, accuracy = 0.8673 (0.8673)
	class 0: mean = 0.1282 std = 0.1834 fraction = 0.7409
	class 1: mean = 0.6353 std = 0.2952 fraction = 0.2591
	model time = 8.69 seconds, data time = 4.83 seconds
EPOCH 30 starting
EPOCH 30 finished in 15.773 seconds with lr = 6.78e-05:
	loss = 0.30433, accuracy = 0.8655 (0.8673)
	class 0: mean = 0.1283 std = 0.1842 fraction = 0.7402
	class 1: mean = 0.6353 std = 0.2953 fraction = 0.2598
	model time = 8.56 seconds, data time = 4.82 seconds
EPOCH 31 starting
EPOCH 31 finished in 15.786 seconds with lr = 6.44e-05:
	loss = 0.30348, accuracy = 0.8667 (0.8673)
	class 0: mean = 0.1275 std = 0.1823 fraction = 0.7413
	class 1: mean = 0.6342 std = 0.2971 fraction = 0.2587
	model time = 8.56 seconds, data time = 4.83 seconds
EPOCH 32 starting
EPOCH 32 finished in 15.917 seconds with lr = 6.12e-05:
	loss = 0.30550, accuracy = 0.8658 (0.8673)
	class 0: mean = 0.1287 std = 0.1843 fraction = 0.7395
	class 1: mean = 0.6351 std = 0.2963 fraction = 0.2605
	model time = 8.68 seconds, data time = 4.83 seconds
EPOCH 33 starting
EPOCH 33 finished in 15.853 seconds with lr = 5.81e-05:
	loss = 0.30484, accuracy = 0.8652 (0.8673)
	class 0: mean = 0.1294 std = 0.1850 fraction = 0.7402
	class 1: mean = 0.6340 std = 0.2938 fraction = 0.2598
	model time = 8.57 seconds, data time = 4.88 seconds
EPOCH 34 starting
EPOCH 34 finished in 15.876 seconds with lr = 5.52e-05:
	loss = 0.30247, accuracy = 0.8679 (0.8679)
	class 0: mean = 0.1273 std = 0.1838 fraction = 0.7410
	class 1: mean = 0.6364 std = 0.2957 fraction = 0.2590
	model time = 8.64 seconds, data time = 4.85 seconds
EPOCH 35 starting
EPOCH 35 finished in 15.769 seconds with lr = 5.24e-05:
	loss = 0.30554, accuracy = 0.8663 (0.8679)
	class 0: mean = 0.1283 std = 0.1838 fraction = 0.7408
	class 1: mean = 0.6333 std = 0.2957 fraction = 0.2592
	model time = 8.53 seconds, data time = 4.83 seconds
EPOCH 36 starting
EPOCH 36 finished in 15.782 seconds with lr = 4.98e-05:
	loss = 0.30352, accuracy = 0.8673 (0.8679)
	class 0: mean = 0.1281 std = 0.1841 fraction = 0.7412
	class 1: mean = 0.6369 std = 0.2957 fraction = 0.2588
	model time = 8.53 seconds, data time = 4.85 seconds
EPOCH 37 starting
EPOCH 37 finished in 15.793 seconds with lr = 4.73e-05:
	loss = 0.30294, accuracy = 0.8665 (0.8679)
	class 0: mean = 0.1276 std = 0.1842 fraction = 0.7393
	class 1: mean = 0.6371 std = 0.2947 fraction = 0.2607
	model time = 8.54 seconds, data time = 4.85 seconds
EPOCH 38 starting
EPOCH 38 finished in 15.975 seconds with lr = 4.50e-05:
	loss = 0.30359, accuracy = 0.8662 (0.8679)
	class 0: mean = 0.1281 std = 0.1838 fraction = 0.7416
	class 1: mean = 0.6343 std = 0.2956 fraction = 0.2584
	model time = 8.70 seconds, data time = 4.86 seconds
EPOCH 39 starting
EPOCH 39 finished in 15.917 seconds with lr = 4.27e-05:
	loss = 0.30021, accuracy = 0.8682 (0.8682)
	class 0: mean = 0.1262 std = 0.1826 fraction = 0.7415
	class 1: mean = 0.6385 std = 0.2962 fraction = 0.2585
	model time = 8.67 seconds, data time = 4.85 seconds
Training with t = [99], dt = 2, distance = 3
EPOCH 1 starting
EPOCH 1 finished in 10.500 seconds with lr = 1.00e-04:
	loss = 0.32381, accuracy = 0.8393 (0.8393)
	class 0: mean = 0.1442 std = 0.1939 fraction = 0.7359
	class 1: mean = 0.6075 std = 0.2792 fraction = 0.2641
	model time = 4.46 seconds, data time = 3.69 seconds
EPOCH 2 starting
EPOCH 2 finished in 10.496 seconds with lr = 9.50e-05:
	loss = 0.30082, accuracy = 0.8500 (0.8500)
	class 0: mean = 0.1331 std = 0.1916 fraction = 0.7356
	class 1: mean = 0.6301 std = 0.2804 fraction = 0.2644
	model time = 4.45 seconds, data time = 3.68 seconds
EPOCH 3 starting
EPOCH 3 finished in 10.457 seconds with lr = 9.02e-05:
	loss = 0.29500, accuracy = 0.8511 (0.8511)
	class 0: mean = 0.1318 std = 0.1953 fraction = 0.7342
	class 1: mean = 0.6393 std = 0.2764 fraction = 0.2658
	model time = 4.44 seconds, data time = 3.67 seconds
EPOCH 4 starting
EPOCH 4 finished in 10.462 seconds with lr = 8.57e-05:
	loss = 0.29410, accuracy = 0.8510 (0.8511)
	class 0: mean = 0.1315 std = 0.1958 fraction = 0.7349
	class 1: mean = 0.6402 std = 0.2762 fraction = 0.2651
	model time = 4.44 seconds, data time = 3.66 seconds
EPOCH 5 starting
EPOCH 5 finished in 10.489 seconds with lr = 8.15e-05:
	loss = 0.28969, accuracy = 0.8546 (0.8546)
	class 0: mean = 0.1297 std = 0.1935 fraction = 0.7338
	class 1: mean = 0.6460 std = 0.2785 fraction = 0.2662
	model time = 4.45 seconds, data time = 3.68 seconds
EPOCH 6 starting
EPOCH 6 finished in 10.632 seconds with lr = 7.74e-05:
	loss = 0.28965, accuracy = 0.8528 (0.8546)
	class 0: mean = 0.1296 std = 0.1956 fraction = 0.7344
	class 1: mean = 0.6442 std = 0.2763 fraction = 0.2656
	model time = 4.57 seconds, data time = 3.70 seconds
EPOCH 7 starting
EPOCH 7 finished in 10.487 seconds with lr = 7.35e-05:
	loss = 0.28909, accuracy = 0.8543 (0.8546)
	class 0: mean = 0.1297 std = 0.1951 fraction = 0.7338
	class 1: mean = 0.6461 std = 0.2763 fraction = 0.2662
	model time = 4.44 seconds, data time = 3.68 seconds
EPOCH 8 starting
EPOCH 8 finished in 10.496 seconds with lr = 6.98e-05:
	loss = 0.28860, accuracy = 0.8532 (0.8546)
	class 0: mean = 0.1284 std = 0.1953 fraction = 0.7337
	class 1: mean = 0.6462 std = 0.2765 fraction = 0.2663
	model time = 4.44 seconds, data time = 3.69 seconds
EPOCH 9 starting
EPOCH 9 finished in 10.595 seconds with lr = 6.63e-05:
	loss = 0.28483, accuracy = 0.8570 (0.8570)
	class 0: mean = 0.1271 std = 0.1968 fraction = 0.7330
	class 1: mean = 0.6553 std = 0.2751 fraction = 0.2670
	model time = 4.56 seconds, data time = 3.68 seconds
EPOCH 10 starting
EPOCH 10 finished in 10.467 seconds with lr = 6.30e-05:
	loss = 0.28018, accuracy = 0.8588 (0.8588)
	class 0: mean = 0.1249 std = 0.1925 fraction = 0.7348
	class 1: mean = 0.6538 std = 0.2770 fraction = 0.2652
	model time = 4.44 seconds, data time = 3.66 seconds
EPOCH 11 starting
EPOCH 11 finished in 10.474 seconds with lr = 5.99e-05:
	loss = 0.28554, accuracy = 0.8566 (0.8588)
	class 0: mean = 0.1281 std = 0.1966 fraction = 0.7323
	class 1: mean = 0.6545 std = 0.2752 fraction = 0.2677
	model time = 4.43 seconds, data time = 3.69 seconds
EPOCH 12 starting
EPOCH 12 finished in 10.452 seconds with lr = 5.69e-05:
	loss = 0.28135, accuracy = 0.8585 (0.8588)
	class 0: mean = 0.1248 std = 0.1924 fraction = 0.7348
	class 1: mean = 0.6525 std = 0.2777 fraction = 0.2652
	model time = 4.43 seconds, data time = 3.67 seconds
EPOCH 13 starting
EPOCH 13 finished in 10.515 seconds with lr = 5.40e-05:
	loss = 0.28108, accuracy = 0.8591 (0.8591)
	class 0: mean = 0.1245 std = 0.1941 fraction = 0.7355
	class 1: mean = 0.6531 std = 0.2767 fraction = 0.2645
	model time = 4.44 seconds, data time = 3.70 seconds
EPOCH 14 starting
EPOCH 14 finished in 10.622 seconds with lr = 5.13e-05:
	loss = 0.28024, accuracy = 0.8605 (0.8605)
	class 0: mean = 0.1253 std = 0.1953 fraction = 0.7307
	class 1: mean = 0.6603 std = 0.2748 fraction = 0.2693
	model time = 4.44 seconds, data time = 3.70 seconds
EPOCH 15 starting
EPOCH 15 finished in 10.487 seconds with lr = 4.88e-05:
	loss = 0.27625, accuracy = 0.8631 (0.8631)
	class 0: mean = 0.1241 std = 0.1942 fraction = 0.7329
	class 1: mean = 0.6639 std = 0.2759 fraction = 0.2671
	model time = 4.43 seconds, data time = 3.68 seconds
EPOCH 16 starting
EPOCH 16 finished in 10.480 seconds with lr = 4.63e-05:
	loss = 0.27973, accuracy = 0.8600 (0.8631)
	class 0: mean = 0.1246 std = 0.1935 fraction = 0.7346
	class 1: mean = 0.6569 std = 0.2790 fraction = 0.2654
	model time = 4.44 seconds, data time = 3.70 seconds
EPOCH 17 starting
EPOCH 17 finished in 10.623 seconds with lr = 4.40e-05:
	loss = 0.27413, accuracy = 0.8641 (0.8641)
	class 0: mean = 0.1220 std = 0.1931 fraction = 0.7339
	class 1: mean = 0.6642 std = 0.2782 fraction = 0.2661
	model time = 4.44 seconds, data time = 3.68 seconds
EPOCH 18 starting
EPOCH 18 finished in 10.516 seconds with lr = 4.18e-05:
	loss = 0.27596, accuracy = 0.8624 (0.8641)
	class 0: mean = 0.1223 std = 0.1931 fraction = 0.7368
	class 1: mean = 0.6585 std = 0.2762 fraction = 0.2632
	model time = 4.44 seconds, data time = 3.70 seconds
EPOCH 19 starting
EPOCH 19 finished in 10.500 seconds with lr = 3.97e-05:
	loss = 0.27395, accuracy = 0.8631 (0.8641)
	class 0: mean = 0.1215 std = 0.1927 fraction = 0.7330
	class 1: mean = 0.6637 std = 0.2779 fraction = 0.2670
	model time = 4.44 seconds, data time = 3.70 seconds
EPOCH 20 starting
EPOCH 20 finished in 10.500 seconds with lr = 3.77e-05:
	loss = 0.28084, accuracy = 0.8596 (0.8641)
	class 0: mean = 0.1247 std = 0.1955 fraction = 0.7343
	class 1: mean = 0.6573 std = 0.2760 fraction = 0.2657
	model time = 4.44 seconds, data time = 3.69 seconds
EPOCH 21 starting
EPOCH 21 finished in 10.543 seconds with lr = 3.58e-05:
	loss = 0.27047, accuracy = 0.8658 (0.8658)
	class 0: mean = 0.1207 std = 0.1922 fraction = 0.7375
	class 1: mean = 0.6634 std = 0.2768 fraction = 0.2625
	model time = 4.45 seconds, data time = 3.72 seconds
EPOCH 22 starting
EPOCH 22 finished in 10.496 seconds with lr = 3.41e-05:
	loss = 0.27370, accuracy = 0.8649 (0.8658)
	class 0: mean = 0.1224 std = 0.1937 fraction = 0.7324
	class 1: mean = 0.6672 std = 0.2760 fraction = 0.2676
	model time = 4.44 seconds, data time = 3.69 seconds
EPOCH 23 starting
EPOCH 23 finished in 10.571 seconds with lr = 3.24e-05:
	loss = 0.27184, accuracy = 0.8656 (0.8658)
	class 0: mean = 0.1193 std = 0.1914 fraction = 0.7364
	class 1: mean = 0.6638 std = 0.2792 fraction = 0.2636
	model time = 4.54 seconds, data time = 3.67 seconds
EPOCH 24 starting
EPOCH 24 finished in 10.460 seconds with lr = 3.07e-05:
	loss = 0.27300, accuracy = 0.8638 (0.8658)
	class 0: mean = 0.1222 std = 0.1935 fraction = 0.7355
	class 1: mean = 0.6646 std = 0.2763 fraction = 0.2645
	model time = 4.44 seconds, data time = 3.66 seconds
EPOCH 25 starting
EPOCH 25 finished in 10.486 seconds with lr = 2.92e-05:
	loss = 0.27001, accuracy = 0.8668 (0.8668)
	class 0: mean = 0.1188 std = 0.1908 fraction = 0.7370
	class 1: mean = 0.6658 std = 0.2794 fraction = 0.2630
	model time = 4.44 seconds, data time = 3.67 seconds
EPOCH 26 starting
EPOCH 26 finished in 10.683 seconds with lr = 2.77e-05:
	loss = 0.27094, accuracy = 0.8663 (0.8668)
	class 0: mean = 0.1204 std = 0.1923 fraction = 0.7355
	class 1: mean = 0.6669 std = 0.2777 fraction = 0.2645
	model time = 4.57 seconds, data time = 3.72 seconds
EPOCH 27 starting
EPOCH 27 finished in 10.478 seconds with lr = 2.64e-05:
	loss = 0.27065, accuracy = 0.8659 (0.8668)
	class 0: mean = 0.1205 std = 0.1925 fraction = 0.7354
	class 1: mean = 0.6670 std = 0.2767 fraction = 0.2646
	model time = 4.42 seconds, data time = 3.68 seconds
EPOCH 28 starting
EPOCH 28 finished in 10.484 seconds with lr = 2.50e-05:
	loss = 0.27085, accuracy = 0.8645 (0.8668)
	class 0: mean = 0.1193 std = 0.1924 fraction = 0.7370
	class 1: mean = 0.6652 std = 0.2759 fraction = 0.2630
	model time = 4.43 seconds, data time = 3.69 seconds
EPOCH 29 starting
EPOCH 29 finished in 10.516 seconds with lr = 2.38e-05:
	loss = 0.26886, accuracy = 0.8671 (0.8671)
	class 0: mean = 0.1201 std = 0.1930 fraction = 0.7342
	class 1: mean = 0.6691 std = 0.2739 fraction = 0.2658
	model time = 4.44 seconds, data time = 3.69 seconds
EPOCH 30 starting
EPOCH 30 finished in 10.526 seconds with lr = 2.26e-05:
	loss = 0.27201, accuracy = 0.8643 (0.8671)
	class 0: mean = 0.1212 std = 0.1938 fraction = 0.7307
	class 1: mean = 0.6694 std = 0.2746 fraction = 0.2693
	model time = 4.44 seconds, data time = 3.72 seconds
EPOCH 31 starting
EPOCH 31 finished in 10.481 seconds with lr = 2.15e-05:
	loss = 0.27186, accuracy = 0.8660 (0.8671)
	class 0: mean = 0.1201 std = 0.1929 fraction = 0.7357
	class 1: mean = 0.6667 std = 0.2786 fraction = 0.2643
	model time = 4.43 seconds, data time = 3.69 seconds
EPOCH 32 starting
EPOCH 32 finished in 10.603 seconds with lr = 2.04e-05:
	loss = 0.27051, accuracy = 0.8667 (0.8671)
	class 0: mean = 0.1209 std = 0.1937 fraction = 0.7326
	class 1: mean = 0.6704 std = 0.2755 fraction = 0.2674
	model time = 4.55 seconds, data time = 3.67 seconds
EPOCH 33 starting
EPOCH 33 finished in 10.488 seconds with lr = 1.94e-05:
	loss = 0.26829, accuracy = 0.8684 (0.8684)
	class 0: mean = 0.1193 std = 0.1921 fraction = 0.7354
	class 1: mean = 0.6685 std = 0.2745 fraction = 0.2646
	model time = 4.44 seconds, data time = 3.68 seconds
EPOCH 34 starting
EPOCH 34 finished in 10.485 seconds with lr = 1.84e-05:
	loss = 0.27023, accuracy = 0.8689 (0.8689)
	class 0: mean = 0.1186 std = 0.1918 fraction = 0.7369
	class 1: mean = 0.6666 std = 0.2781 fraction = 0.2631
	model time = 4.44 seconds, data time = 3.68 seconds
EPOCH 35 starting
EPOCH 35 finished in 10.604 seconds with lr = 1.75e-05:
	loss = 0.26944, accuracy = 0.8694 (0.8694)
	class 0: mean = 0.1199 std = 0.1923 fraction = 0.7319
	class 1: mean = 0.6711 std = 0.2766 fraction = 0.2681
	model time = 4.54 seconds, data time = 3.69 seconds
EPOCH 36 starting
EPOCH 36 finished in 10.493 seconds with lr = 1.66e-05:
	loss = 0.26519, accuracy = 0.8704 (0.8704)
	class 0: mean = 0.1177 std = 0.1921 fraction = 0.7353
	class 1: mean = 0.6759 std = 0.2764 fraction = 0.2647
	model time = 4.44 seconds, data time = 3.68 seconds
EPOCH 37 starting
EPOCH 37 finished in 10.495 seconds with lr = 1.58e-05:
	loss = 0.26659, accuracy = 0.8683 (0.8704)
	class 0: mean = 0.1191 std = 0.1942 fraction = 0.7350
	class 1: mean = 0.6745 std = 0.2747 fraction = 0.2650
	model time = 4.44 seconds, data time = 3.69 seconds
EPOCH 38 starting
EPOCH 38 finished in 10.504 seconds with lr = 1.50e-05:
	loss = 0.26608, accuracy = 0.8696 (0.8704)
	class 0: mean = 0.1179 std = 0.1915 fraction = 0.7338
	class 1: mean = 0.6746 std = 0.2772 fraction = 0.2662
	model time = 4.44 seconds, data time = 3.70 seconds
EPOCH 39 starting
EPOCH 39 finished in 10.508 seconds with lr = 1.42e-05:
	loss = 0.26672, accuracy = 0.8705 (0.8705)
	class 0: mean = 0.1179 std = 0.1930 fraction = 0.7325
	class 1: mean = 0.6735 std = 0.2738 fraction = 0.2675
	model time = 4.43 seconds, data time = 3.68 seconds
EPOCH 40 starting
EPOCH 40 finished in 10.603 seconds with lr = 1.35e-05:
	loss = 0.26526, accuracy = 0.8692 (0.8705)
	class 0: mean = 0.1186 std = 0.1936 fraction = 0.7332
	class 1: mean = 0.6781 std = 0.2754 fraction = 0.2668
	model time = 4.43 seconds, data time = 3.68 seconds
EPOCH 41 starting
EPOCH 41 finished in 10.487 seconds with lr = 1.29e-05:
	loss = 0.26682, accuracy = 0.8707 (0.8707)
	class 0: mean = 0.1181 std = 0.1924 fraction = 0.7351
	class 1: mean = 0.6735 std = 0.2767 fraction = 0.2649
	model time = 4.44 seconds, data time = 3.67 seconds
EPOCH 42 starting
EPOCH 42 finished in 10.489 seconds with lr = 1.22e-05:
	loss = 0.26495, accuracy = 0.8708 (0.8708)
	class 0: mean = 0.1180 std = 0.1916 fraction = 0.7348
	class 1: mean = 0.6746 std = 0.2755 fraction = 0.2652
	model time = 4.45 seconds, data time = 3.68 seconds
EPOCH 43 starting
EPOCH 43 finished in 10.589 seconds with lr = 1.16e-05:
	loss = 0.26353, accuracy = 0.8720 (0.8720)
	class 0: mean = 0.1162 std = 0.1900 fraction = 0.7368
	class 1: mean = 0.6747 std = 0.2785 fraction = 0.2632
	model time = 4.44 seconds, data time = 3.67 seconds
EPOCH 44 starting
EPOCH 44 finished in 10.510 seconds with lr = 1.10e-05:
	loss = 0.26898, accuracy = 0.8681 (0.8720)
	class 0: mean = 0.1194 std = 0.1925 fraction = 0.7339
	class 1: mean = 0.6717 std = 0.2777 fraction = 0.2661
	model time = 4.44 seconds, data time = 3.69 seconds
EPOCH 45 starting
EPOCH 45 finished in 10.510 seconds with lr = 1.05e-05:
	loss = 0.26255, accuracy = 0.8716 (0.8720)
	class 0: mean = 0.1167 std = 0.1916 fraction = 0.7340
	class 1: mean = 0.6777 std = 0.2755 fraction = 0.2660
	model time = 4.44 seconds, data time = 3.69 seconds
EPOCH 46 starting
EPOCH 46 finished in 10.497 seconds with lr = 9.94e-06:
	loss = 0.26576, accuracy = 0.8691 (0.8720)
	class 0: mean = 0.1185 std = 0.1934 fraction = 0.7334
	class 1: mean = 0.6768 std = 0.2758 fraction = 0.2666
	model time = 4.43 seconds, data time = 3.69 seconds
EPOCH 47 starting
EPOCH 47 finished in 10.495 seconds with lr = 9.45e-06:
	loss = 0.26426, accuracy = 0.8709 (0.8720)
	class 0: mean = 0.1171 std = 0.1931 fraction = 0.7337
	class 1: mean = 0.6768 std = 0.2746 fraction = 0.2663
	model time = 4.44 seconds, data time = 3.69 seconds
EPOCH 48 starting
EPOCH 48 finished in 10.478 seconds with lr = 8.97e-06:
	loss = 0.26477, accuracy = 0.8710 (0.8720)
	class 0: mean = 0.1169 std = 0.1912 fraction = 0.7334
	class 1: mean = 0.6761 std = 0.2774 fraction = 0.2666
	model time = 4.43 seconds, data time = 3.68 seconds
EPOCH 49 starting
EPOCH 49 finished in 10.641 seconds with lr = 8.53e-06:
	loss = 0.26388, accuracy = 0.8724 (0.8724)
	class 0: mean = 0.1177 std = 0.1918 fraction = 0.7360
	class 1: mean = 0.6767 std = 0.2756 fraction = 0.2640
	model time = 4.57 seconds, data time = 3.71 seconds
EPOCH 50 starting
EPOCH 50 finished in 10.496 seconds with lr = 8.10e-06:
	loss = 0.26486, accuracy = 0.8712 (0.8724)
	class 0: mean = 0.1175 std = 0.1915 fraction = 0.7321
	class 1: mean = 0.6774 std = 0.2773 fraction = 0.2679
	model time = 4.44 seconds, data time = 3.69 seconds
EPOCH 51 starting
EPOCH 51 finished in 10.518 seconds with lr = 7.69e-06:
	loss = 0.26618, accuracy = 0.8693 (0.8724)
	class 0: mean = 0.1173 std = 0.1925 fraction = 0.7332
	class 1: mean = 0.6756 std = 0.2767 fraction = 0.2668
	model time = 4.44 seconds, data time = 3.70 seconds
EPOCH 52 starting
EPOCH 52 finished in 10.598 seconds with lr = 7.31e-06:
	loss = 0.26882, accuracy = 0.8692 (0.8724)
	class 0: mean = 0.1191 std = 0.1940 fraction = 0.7342
	class 1: mean = 0.6737 std = 0.2763 fraction = 0.2658
	model time = 4.53 seconds, data time = 3.71 seconds
EPOCH 53 starting
EPOCH 53 finished in 10.485 seconds with lr = 6.94e-06:
	loss = 0.26568, accuracy = 0.8721 (0.8724)
	class 0: mean = 0.1181 std = 0.1920 fraction = 0.7355
	class 1: mean = 0.6757 std = 0.2759 fraction = 0.2645
	model time = 4.44 seconds, data time = 3.67 seconds
EPOCH 54 starting
EPOCH 54 finished in 10.511 seconds with lr = 6.60e-06:
	loss = 0.26368, accuracy = 0.8721 (0.8724)
	class 0: mean = 0.1164 std = 0.1905 fraction = 0.7344
	class 1: mean = 0.6746 std = 0.2758 fraction = 0.2656
	model time = 4.44 seconds, data time = 3.71 seconds
EPOCH 55 starting
EPOCH 55 finished in 10.533 seconds with lr = 6.27e-06:
	loss = 0.26189, accuracy = 0.8724 (0.8724)
	class 0: mean = 0.1167 std = 0.1913 fraction = 0.7365
	class 1: mean = 0.6773 std = 0.2753 fraction = 0.2635
	model time = 4.45 seconds, data time = 3.72 seconds
EPOCH 56 starting
EPOCH 56 finished in 10.475 seconds with lr = 5.95e-06:
	loss = 0.26662, accuracy = 0.8707 (0.8724)
	class 0: mean = 0.1184 std = 0.1917 fraction = 0.7335
	class 1: mean = 0.6754 std = 0.2774 fraction = 0.2665
	model time = 4.43 seconds, data time = 3.68 seconds
EPOCH 57 starting
EPOCH 57 finished in 10.493 seconds with lr = 5.66e-06:
	loss = 0.26909, accuracy = 0.8693 (0.8724)
	class 0: mean = 0.1187 std = 0.1925 fraction = 0.7320
	class 1: mean = 0.6732 std = 0.2763 fraction = 0.2680
	model time = 4.43 seconds, data time = 3.71 seconds
EPOCH 58 starting
EPOCH 58 finished in 10.628 seconds with lr = 5.37e-06:
	loss = 0.26432, accuracy = 0.8715 (0.8724)
	class 0: mean = 0.1165 std = 0.1918 fraction = 0.7349
	class 1: mean = 0.6777 std = 0.2767 fraction = 0.2651
	model time = 4.57 seconds, data time = 3.71 seconds
EPOCH 59 starting
EPOCH 59 finished in 10.503 seconds with lr = 5.10e-06:
	loss = 0.26494, accuracy = 0.8709 (0.8724)
	class 0: mean = 0.1173 std = 0.1919 fraction = 0.7325
	class 1: mean = 0.6765 std = 0.2762 fraction = 0.2675
	model time = 4.44 seconds, data time = 3.70 seconds
EPOCH 60 starting
EPOCH 60 finished in 10.470 seconds with lr = 4.85e-06:
	loss = 0.26381, accuracy = 0.8712 (0.8724)
	class 0: mean = 0.1175 std = 0.1918 fraction = 0.7349
	class 1: mean = 0.6756 std = 0.2744 fraction = 0.2651
	model time = 4.41 seconds, data time = 3.68 seconds
EPOCH 61 starting
EPOCH 61 finished in 10.558 seconds with lr = 4.61e-06:
	loss = 0.26613, accuracy = 0.8705 (0.8724)
	class 0: mean = 0.1179 std = 0.1911 fraction = 0.7367
	class 1: mean = 0.6741 std = 0.2781 fraction = 0.2633
	model time = 4.52 seconds, data time = 3.69 seconds
EPOCH 62 starting
EPOCH 62 finished in 10.496 seconds with lr = 4.38e-06:
	loss = 0.26013, accuracy = 0.8743 (0.8743)
	class 0: mean = 0.1155 std = 0.1892 fraction = 0.7347
	class 1: mean = 0.6779 std = 0.2752 fraction = 0.2653
	model time = 4.43 seconds, data time = 3.71 seconds
EPOCH 63 starting
EPOCH 63 finished in 10.483 seconds with lr = 4.16e-06:
	loss = 0.26363, accuracy = 0.8739 (0.8743)
	class 0: mean = 0.1169 std = 0.1912 fraction = 0.7324
	class 1: mean = 0.6794 std = 0.2765 fraction = 0.2676
	model time = 4.42 seconds, data time = 3.71 seconds
EPOCH 64 starting
EPOCH 64 finished in 10.474 seconds with lr = 3.95e-06:
	loss = 0.26573, accuracy = 0.8720 (0.8743)
	class 0: mean = 0.1171 std = 0.1935 fraction = 0.7346
	class 1: mean = 0.6763 std = 0.2755 fraction = 0.2654
	model time = 4.42 seconds, data time = 3.69 seconds
EPOCH 65 starting
EPOCH 65 finished in 10.456 seconds with lr = 3.75e-06:
	loss = 0.26368, accuracy = 0.8732 (0.8743)
	class 0: mean = 0.1173 std = 0.1910 fraction = 0.7344
	class 1: mean = 0.6775 std = 0.2758 fraction = 0.2656
	model time = 4.42 seconds, data time = 3.69 seconds
EPOCH 66 starting
EPOCH 66 finished in 10.594 seconds with lr = 3.56e-06:
	loss = 0.26388, accuracy = 0.8725 (0.8743)
	class 0: mean = 0.1164 std = 0.1913 fraction = 0.7337
	class 1: mean = 0.6775 std = 0.2762 fraction = 0.2663
	model time = 4.42 seconds, data time = 3.68 seconds
EPOCH 67 starting
EPOCH 67 finished in 10.457 seconds with lr = 3.39e-06:
	loss = 0.26476, accuracy = 0.8730 (0.8743)
	class 0: mean = 0.1177 std = 0.1917 fraction = 0.7351
	class 1: mean = 0.6779 std = 0.2775 fraction = 0.2649
	model time = 4.42 seconds, data time = 3.68 seconds
EPOCH 68 starting
EPOCH 68 finished in 10.450 seconds with lr = 3.22e-06:
	loss = 0.26440, accuracy = 0.8710 (0.8743)
	class 0: mean = 0.1165 std = 0.1906 fraction = 0.7336
	class 1: mean = 0.6754 std = 0.2766 fraction = 0.2664
	model time = 4.42 seconds, data time = 3.67 seconds
EPOCH 69 starting
EPOCH 69 finished in 10.546 seconds with lr = 3.06e-06:
	loss = 0.26257, accuracy = 0.8715 (0.8743)
	class 0: mean = 0.1172 std = 0.1920 fraction = 0.7350
	class 1: mean = 0.6777 std = 0.2741 fraction = 0.2650
	model time = 4.42 seconds, data time = 3.67 seconds
EPOCH 70 starting
EPOCH 70 finished in 10.459 seconds with lr = 2.90e-06:
	loss = 0.26288, accuracy = 0.8729 (0.8743)
	class 0: mean = 0.1161 std = 0.1920 fraction = 0.7357
	class 1: mean = 0.6784 std = 0.2774 fraction = 0.2643
	model time = 4.42 seconds, data time = 3.68 seconds
EPOCH 71 starting
EPOCH 71 finished in 10.462 seconds with lr = 2.76e-06:
	loss = 0.25999, accuracy = 0.8745 (0.8745)
	class 0: mean = 0.1158 std = 0.1904 fraction = 0.7375
	class 1: mean = 0.6789 std = 0.2760 fraction = 0.2625
	model time = 4.42 seconds, data time = 3.68 seconds
EPOCH 72 starting
EPOCH 72 finished in 10.433 seconds with lr = 2.62e-06:
	loss = 0.26618, accuracy = 0.8722 (0.8745)
	class 0: mean = 0.1162 std = 0.1915 fraction = 0.7364
	class 1: mean = 0.6761 std = 0.2792 fraction = 0.2636
	model time = 4.41 seconds, data time = 3.67 seconds
EPOCH 73 starting
EPOCH 73 finished in 10.437 seconds with lr = 2.49e-06:
	loss = 0.26243, accuracy = 0.8737 (0.8745)
	class 0: mean = 0.1164 std = 0.1900 fraction = 0.7355
	class 1: mean = 0.6773 std = 0.2764 fraction = 0.2645
	model time = 4.41 seconds, data time = 3.67 seconds
EPOCH 74 starting
EPOCH 74 finished in 10.483 seconds with lr = 2.36e-06:
	loss = 0.26188, accuracy = 0.8729 (0.8745)
	class 0: mean = 0.1156 std = 0.1906 fraction = 0.7345
	class 1: mean = 0.6797 std = 0.2774 fraction = 0.2655
	model time = 4.42 seconds, data time = 3.69 seconds
EPOCH 75 starting
EPOCH 75 finished in 10.540 seconds with lr = 2.25e-06:
	loss = 0.26249, accuracy = 0.8743 (0.8745)
	class 0: mean = 0.1151 std = 0.1896 fraction = 0.7366
	class 1: mean = 0.6767 std = 0.2780 fraction = 0.2634
	model time = 4.53 seconds, data time = 3.66 seconds
EPOCH 76 starting
EPOCH 76 finished in 10.478 seconds with lr = 2.13e-06:
	loss = 0.26237, accuracy = 0.8733 (0.8745)
	class 0: mean = 0.1164 std = 0.1911 fraction = 0.7372
	class 1: mean = 0.6772 std = 0.2772 fraction = 0.2628
	model time = 4.42 seconds, data time = 3.69 seconds
EPOCH 77 starting
EPOCH 77 finished in 10.446 seconds with lr = 2.03e-06:
	loss = 0.26371, accuracy = 0.8722 (0.8745)
	class 0: mean = 0.1158 std = 0.1900 fraction = 0.7365
	class 1: mean = 0.6733 std = 0.2773 fraction = 0.2635
	model time = 4.41 seconds, data time = 3.69 seconds
EPOCH 78 starting
EPOCH 78 finished in 10.593 seconds with lr = 1.93e-06:
	loss = 0.26441, accuracy = 0.8710 (0.8745)
	class 0: mean = 0.1174 std = 0.1917 fraction = 0.7351
	class 1: mean = 0.6770 std = 0.2776 fraction = 0.2649
	model time = 4.55 seconds, data time = 3.69 seconds
EPOCH 79 starting
EPOCH 79 finished in 10.460 seconds with lr = 1.83e-06:
	loss = 0.26344, accuracy = 0.8725 (0.8745)
	class 0: mean = 0.1159 std = 0.1912 fraction = 0.7334
	class 1: mean = 0.6760 std = 0.2749 fraction = 0.2666
	model time = 4.43 seconds, data time = 3.68 seconds
EPOCH 80 starting
EPOCH 80 finished in 10.461 seconds with lr = 1.74e-06:
	loss = 0.26239, accuracy = 0.8735 (0.8745)
	class 0: mean = 0.1172 std = 0.1919 fraction = 0.7342
	class 1: mean = 0.6803 std = 0.2752 fraction = 0.2658
	model time = 4.42 seconds, data time = 3.69 seconds
EPOCH 81 starting
EPOCH 81 finished in 10.456 seconds with lr = 1.65e-06:
	loss = 0.26464, accuracy = 0.8734 (0.8745)
	class 0: mean = 0.1173 std = 0.1919 fraction = 0.7316
	class 1: mean = 0.6789 std = 0.2760 fraction = 0.2684
	model time = 4.42 seconds, data time = 3.68 seconds
EPOCH 82 starting
EPOCH 82 finished in 10.465 seconds with lr = 1.57e-06:
	loss = 0.26236, accuracy = 0.8729 (0.8745)
	class 0: mean = 0.1163 std = 0.1911 fraction = 0.7325
	class 1: mean = 0.6786 std = 0.2745 fraction = 0.2675
	model time = 4.44 seconds, data time = 3.68 seconds
EPOCH 83 starting
EPOCH 83 finished in 10.487 seconds with lr = 1.49e-06:
	loss = 0.26598, accuracy = 0.8708 (0.8745)
	class 0: mean = 0.1175 std = 0.1935 fraction = 0.7336
	class 1: mean = 0.6773 std = 0.2759 fraction = 0.2664
	model time = 4.43 seconds, data time = 3.69 seconds
EPOCH 84 starting
EPOCH 84 finished in 10.572 seconds with lr = 1.42e-06:
	loss = 0.26412, accuracy = 0.8729 (0.8745)
	class 0: mean = 0.1164 std = 0.1907 fraction = 0.7321
	class 1: mean = 0.6770 std = 0.2757 fraction = 0.2679
	model time = 4.53 seconds, data time = 3.67 seconds
EPOCH 85 starting
EPOCH 85 finished in 10.472 seconds with lr = 1.35e-06:
	loss = 0.26049, accuracy = 0.8736 (0.8745)
	class 0: mean = 0.1152 std = 0.1903 fraction = 0.7330
	class 1: mean = 0.6784 std = 0.2740 fraction = 0.2670
	model time = 4.43 seconds, data time = 3.68 seconds
EPOCH 86 starting
EPOCH 86 finished in 10.472 seconds with lr = 1.28e-06:
	loss = 0.26057, accuracy = 0.8741 (0.8745)
	class 0: mean = 0.1161 std = 0.1914 fraction = 0.7347
	class 1: mean = 0.6820 std = 0.2751 fraction = 0.2653
	model time = 4.43 seconds, data time = 3.68 seconds
EPOCH 87 starting
EPOCH 87 finished in 10.613 seconds with lr = 1.21e-06:
	loss = 0.26232, accuracy = 0.8732 (0.8745)
	class 0: mean = 0.1161 std = 0.1916 fraction = 0.7363
	class 1: mean = 0.6776 std = 0.2752 fraction = 0.2637
	model time = 4.56 seconds, data time = 3.68 seconds
EPOCH 88 starting
EPOCH 88 finished in 10.485 seconds with lr = 1.15e-06:
	loss = 0.26240, accuracy = 0.8737 (0.8745)
	class 0: mean = 0.1167 std = 0.1918 fraction = 0.7341
	class 1: mean = 0.6812 std = 0.2763 fraction = 0.2659
	model time = 4.44 seconds, data time = 3.68 seconds
EPOCH 89 starting
EPOCH 89 finished in 10.484 seconds with lr = 1.10e-06:
	loss = 0.26390, accuracy = 0.8734 (0.8745)
	class 0: mean = 0.1167 std = 0.1914 fraction = 0.7336
	class 1: mean = 0.6791 std = 0.2765 fraction = 0.2664
	model time = 4.43 seconds, data time = 3.68 seconds
EPOCH 90 starting
EPOCH 90 finished in 10.488 seconds with lr = 1.04e-06:
	loss = 0.26539, accuracy = 0.8727 (0.8745)
	class 0: mean = 0.1172 std = 0.1917 fraction = 0.7348
	class 1: mean = 0.6761 std = 0.2773 fraction = 0.2652
	model time = 4.43 seconds, data time = 3.69 seconds
EPOCH 91 starting
EPOCH 91 finished in 10.531 seconds with lr = 1.00e-06:
	loss = 0.26471, accuracy = 0.8702 (0.8745)
	class 0: mean = 0.1181 std = 0.1929 fraction = 0.7327
	class 1: mean = 0.6789 std = 0.2770 fraction = 0.2673
	model time = 4.44 seconds, data time = 3.72 seconds
EPOCH 92 starting
EPOCH 92 finished in 10.615 seconds with lr = 1.00e-06:
	loss = 0.26510, accuracy = 0.8706 (0.8745)
	class 0: mean = 0.1179 std = 0.1930 fraction = 0.7315
	class 1: mean = 0.6790 std = 0.2760 fraction = 0.2685
	model time = 4.43 seconds, data time = 3.69 seconds
EPOCH 93 starting
EPOCH 93 finished in 10.487 seconds with lr = 1.00e-06:
	loss = 0.26766, accuracy = 0.8707 (0.8745)
	class 0: mean = 0.1184 std = 0.1927 fraction = 0.7327
	class 1: mean = 0.6749 std = 0.2767 fraction = 0.2673
	model time = 4.43 seconds, data time = 3.69 seconds
EPOCH 94 starting
EPOCH 94 finished in 10.502 seconds with lr = 1.00e-06:
	loss = 0.26305, accuracy = 0.8715 (0.8745)
	class 0: mean = 0.1170 std = 0.1906 fraction = 0.7333
	class 1: mean = 0.6785 std = 0.2759 fraction = 0.2667
	model time = 4.43 seconds, data time = 3.69 seconds
EPOCH 95 starting
EPOCH 95 finished in 10.585 seconds with lr = 1.00e-06:
	loss = 0.26021, accuracy = 0.8734 (0.8745)
	class 0: mean = 0.1153 std = 0.1908 fraction = 0.7354
	class 1: mean = 0.6805 std = 0.2756 fraction = 0.2646
	model time = 4.43 seconds, data time = 3.68 seconds
EPOCH 96 starting
EPOCH 96 finished in 10.526 seconds with lr = 1.00e-06:
	loss = 0.26665, accuracy = 0.8704 (0.8745)
	class 0: mean = 0.1178 std = 0.1924 fraction = 0.7354
	class 1: mean = 0.6751 std = 0.2783 fraction = 0.2646
	model time = 4.44 seconds, data time = 3.70 seconds
EPOCH 97 starting
EPOCH 97 finished in 10.481 seconds with lr = 1.00e-06:
	loss = 0.26302, accuracy = 0.8733 (0.8745)
	class 0: mean = 0.1163 std = 0.1911 fraction = 0.7354
	class 1: mean = 0.6783 std = 0.2768 fraction = 0.2646
	model time = 4.44 seconds, data time = 3.68 seconds
