Training with t = [10], dt = 2, distance = 3, lr = 1.00e-04, weight_decay = 1.00e-05, ema_decay = 0.0000
EPOCH 1 starting
EPOCH 1 finished in 21.127 seconds with lr = 1.00e-04:
	loss = 0.34689, accuracy = 0.8461 (best=0.8461)
	val accuracy = 0.8366 (best=0.8366)
	class 0: mean = 0.1458 std = 0.1858 fraction = 0.7411
	class 1: mean = 0.5847 std = 0.2960 fraction = 0.2589
	model time = 9.77 seconds, data time = 10.24 seconds
EPOCH 2 starting
EPOCH 2 finished in 20.399 seconds with lr = 9.50e-05:
	loss = 0.30147, accuracy = 0.8686 (best=0.8686)
	val accuracy = 0.8231 (best=0.8366)
	class 0: mean = 0.1263 std = 0.1816 fraction = 0.7421
	class 1: mean = 0.6365 std = 0.2995 fraction = 0.2579
	model time = 9.35 seconds, data time = 9.94 seconds
EPOCH 3 starting
EPOCH 3 finished in 20.477 seconds with lr = 9.02e-05:
	loss = 0.29603, accuracy = 0.8710 (best=0.8710)
	val accuracy = 0.8178 (best=0.8366)
	class 0: mean = 0.1241 std = 0.1832 fraction = 0.7406
	class 1: mean = 0.6470 std = 0.2988 fraction = 0.2594
	model time = 9.34 seconds, data time = 10.00 seconds
EPOCH 4 starting
EPOCH 4 finished in 20.420 seconds with lr = 8.57e-05:
	loss = 0.28972, accuracy = 0.8750 (best=0.8750)
	val accuracy = 0.8200 (best=0.8366)
	class 0: mean = 0.1206 std = 0.1817 fraction = 0.7433
	class 1: mean = 0.6505 std = 0.2993 fraction = 0.2567
	model time = 9.34 seconds, data time = 9.94 seconds
EPOCH 5 starting
EPOCH 5 finished in 20.380 seconds with lr = 8.15e-05:
	loss = 0.28514, accuracy = 0.8767 (best=0.8767)
	val accuracy = 0.8350 (best=0.8366)
	class 0: mean = 0.1189 std = 0.1805 fraction = 0.7421
	class 1: mean = 0.6572 std = 0.2990 fraction = 0.2579
	model time = 9.31 seconds, data time = 9.94 seconds
EPOCH 6 starting
EPOCH 6 finished in 20.407 seconds with lr = 7.74e-05:
	loss = 0.28433, accuracy = 0.8770 (best=0.8770)
	val accuracy = 0.8241 (best=0.8366)
	class 0: mean = 0.1179 std = 0.1808 fraction = 0.7421
	class 1: mean = 0.6607 std = 0.3001 fraction = 0.2579
	model time = 9.33 seconds, data time = 9.95 seconds
EPOCH 7 starting
EPOCH 7 finished in 20.410 seconds with lr = 7.35e-05:
	loss = 0.28331, accuracy = 0.8779 (best=0.8779)
	val accuracy = 0.8122 (best=0.8366)
	class 0: mean = 0.1184 std = 0.1826 fraction = 0.7395
	class 1: mean = 0.6640 std = 0.2970 fraction = 0.2605
	model time = 9.30 seconds, data time = 9.95 seconds
EPOCH 8 starting
EPOCH 8 finished in 20.375 seconds with lr = 6.98e-05:
	loss = 0.27667, accuracy = 0.8813 (best=0.8813)
	val accuracy = 0.8175 (best=0.8366)
	class 0: mean = 0.1148 std = 0.1813 fraction = 0.7415
	class 1: mean = 0.6714 std = 0.2974 fraction = 0.2585
	model time = 9.30 seconds, data time = 9.93 seconds
EPOCH 9 starting
EPOCH 9 finished in 20.454 seconds with lr = 6.63e-05:
	loss = 0.28065, accuracy = 0.8782 (best=0.8813)
	val accuracy = 0.8134 (best=0.8366)
	class 0: mean = 0.1168 std = 0.1808 fraction = 0.7416
	class 1: mean = 0.6649 std = 0.2998 fraction = 0.2584
	model time = 9.34 seconds, data time = 9.97 seconds
EPOCH 10 starting
EPOCH 10 finished in 20.416 seconds with lr = 6.30e-05:
	loss = 0.27539, accuracy = 0.8824 (best=0.8824)
	val accuracy = 0.8128 (best=0.8366)
	class 0: mean = 0.1142 std = 0.1796 fraction = 0.7417
	class 1: mean = 0.6711 std = 0.2997 fraction = 0.2583
	model time = 9.32 seconds, data time = 9.95 seconds
EPOCH 11 starting
EPOCH 11 finished in 20.431 seconds with lr = 5.99e-05:
	loss = 0.27388, accuracy = 0.8823 (best=0.8824)
	val accuracy = 0.8203 (best=0.8366)
	class 0: mean = 0.1137 std = 0.1815 fraction = 0.7396
	class 1: mean = 0.6772 std = 0.2974 fraction = 0.2604
	model time = 9.32 seconds, data time = 9.96 seconds
EPOCH 12 starting
EPOCH 12 finished in 20.545 seconds with lr = 5.69e-05:
	loss = 0.27469, accuracy = 0.8810 (best=0.8824)
	val accuracy = 0.8269 (best=0.8366)
	class 0: mean = 0.1145 std = 0.1819 fraction = 0.7424
	class 1: mean = 0.6716 std = 0.2964 fraction = 0.2576
	model time = 9.36 seconds, data time = 10.03 seconds
EPOCH 13 starting
EPOCH 13 finished in 20.423 seconds with lr = 5.40e-05:
	loss = 0.27515, accuracy = 0.8820 (best=0.8824)
	val accuracy = 0.8294 (best=0.8366)
	class 0: mean = 0.1140 std = 0.1801 fraction = 0.7420
	class 1: mean = 0.6715 std = 0.2987 fraction = 0.2580
	model time = 9.31 seconds, data time = 9.96 seconds
EPOCH 14 starting
EPOCH 14 finished in 20.437 seconds with lr = 5.13e-05:
	loss = 0.27424, accuracy = 0.8830 (best=0.8830)
	val accuracy = 0.8241 (best=0.8366)
	class 0: mean = 0.1135 std = 0.1795 fraction = 0.7426
	class 1: mean = 0.6726 std = 0.2996 fraction = 0.2574
	model time = 9.33 seconds, data time = 9.95 seconds
EPOCH 15 starting
EPOCH 15 finished in 20.430 seconds with lr = 4.88e-05:
	loss = 0.27409, accuracy = 0.8827 (best=0.8830)
	val accuracy = 0.8122 (best=0.8366)
	class 0: mean = 0.1141 std = 0.1805 fraction = 0.7395
	class 1: mean = 0.6769 std = 0.2993 fraction = 0.2605
	model time = 9.32 seconds, data time = 9.95 seconds
EPOCH 16 starting
EPOCH 16 finished in 20.444 seconds with lr = 4.63e-05:
	loss = 0.27409, accuracy = 0.8825 (best=0.8830)
	val accuracy = 0.8172 (best=0.8366)
	class 0: mean = 0.1139 std = 0.1803 fraction = 0.7407
	class 1: mean = 0.6744 std = 0.2993 fraction = 0.2593
	model time = 9.32 seconds, data time = 9.97 seconds
Training with t = [10], dt = 2, distance = 3, lr = 3.00e-06, weight_decay = 7.00e-05, ema_decay = 0.9992
EPOCH 1 starting
EPOCH 1 finished in 29.709 seconds with lr = 3.00e-06:
	loss = 0.34400, accuracy = 0.8283 (best=0.8283)
	val accuracy = 0.8366 (best=0.8366)
	class 0: mean = 0.1511 std = 0.2059 fraction = 0.7272
	class 1: mean = 0.6098 std = 0.2853 fraction = 0.2728
	model time = 16.57 seconds, data time = 11.92 seconds
EPOCH 2 starting
EPOCH 2 finished in 29.635 seconds with lr = 2.85e-06:
	loss = 0.32278, accuracy = 0.8359 (best=0.8359)
	val accuracy = 0.8213 (best=0.8366)
	class 0: mean = 0.1460 std = 0.2005 fraction = 0.7264
	class 1: mean = 0.6217 std = 0.2767 fraction = 0.2736
	model time = 16.45 seconds, data time = 11.95 seconds
EPOCH 3 starting
EPOCH 3 finished in 30.929 seconds with lr = 2.71e-06:
	loss = 0.31388, accuracy = 0.8399 (best=0.8399)
	val accuracy = 0.8259 (best=0.8366)
	class 0: mean = 0.1414 std = 0.1993 fraction = 0.7285
	class 1: mean = 0.6278 std = 0.2765 fraction = 0.2715
	model time = 17.27 seconds, data time = 12.36 seconds
EPOCH 4 starting
EPOCH 4 finished in 31.798 seconds with lr = 2.57e-06:
	loss = 0.30576, accuracy = 0.8439 (best=0.8439)
	val accuracy = 0.8466 (best=0.8466)
	class 0: mean = 0.1374 std = 0.1974 fraction = 0.7278
	class 1: mean = 0.6349 std = 0.2757 fraction = 0.2722
	model time = 17.84 seconds, data time = 12.63 seconds
EPOCH 5 starting
EPOCH 5 finished in 31.809 seconds with lr = 2.44e-06:
	loss = 0.30329, accuracy = 0.8452 (best=0.8452)
	val accuracy = 0.8491 (best=0.8491)
	class 0: mean = 0.1361 std = 0.1979 fraction = 0.7279
	class 1: mean = 0.6386 std = 0.2769 fraction = 0.2721
	model time = 17.80 seconds, data time = 12.68 seconds
EPOCH 6 starting
EPOCH 6 finished in 31.786 seconds with lr = 2.32e-06:
	loss = 0.30214, accuracy = 0.8448 (best=0.8452)
	val accuracy = 0.8334 (best=0.8491)
	class 0: mean = 0.1363 std = 0.1989 fraction = 0.7253
	class 1: mean = 0.6418 std = 0.2745 fraction = 0.2747
	model time = 17.80 seconds, data time = 12.66 seconds
EPOCH 7 starting
EPOCH 7 finished in 31.439 seconds with lr = 2.21e-06:
	loss = 0.30133, accuracy = 0.8461 (best=0.8461)
	val accuracy = 0.8453 (best=0.8491)
	class 0: mean = 0.1357 std = 0.1996 fraction = 0.7254
	class 1: mean = 0.6436 std = 0.2734 fraction = 0.2746
	model time = 17.62 seconds, data time = 12.51 seconds
EPOCH 8 starting
EPOCH 8 finished in 31.161 seconds with lr = 2.10e-06:
	loss = 0.30360, accuracy = 0.8457 (best=0.8461)
	val accuracy = 0.8491 (best=0.8491)
	class 0: mean = 0.1359 std = 0.1993 fraction = 0.7258
	class 1: mean = 0.6412 std = 0.2752 fraction = 0.2742
	model time = 17.43 seconds, data time = 12.44 seconds
EPOCH 9 starting
EPOCH 9 finished in 31.048 seconds with lr = 1.99e-06:
	loss = 0.29732, accuracy = 0.8493 (best=0.8493)
	val accuracy = 0.8372 (best=0.8491)
	class 0: mean = 0.1336 std = 0.1974 fraction = 0.7281
	class 1: mean = 0.6446 std = 0.2751 fraction = 0.2719
	model time = 17.36 seconds, data time = 12.39 seconds
EPOCH 10 starting
EPOCH 10 finished in 30.757 seconds with lr = 1.89e-06:
	loss = 0.29796, accuracy = 0.8473 (best=0.8493)
	val accuracy = 0.8403 (best=0.8491)
	class 0: mean = 0.1337 std = 0.1982 fraction = 0.7261
	class 1: mean = 0.6460 std = 0.2754 fraction = 0.2739
	model time = 17.18 seconds, data time = 12.30 seconds
EPOCH 11 starting
EPOCH 11 finished in 30.875 seconds with lr = 1.80e-06:
	loss = 0.29601, accuracy = 0.8487 (best=0.8493)
	val accuracy = 0.8450 (best=0.8491)
	class 0: mean = 0.1330 std = 0.1991 fraction = 0.7266
	class 1: mean = 0.6479 std = 0.2731 fraction = 0.2734
	model time = 17.26 seconds, data time = 12.31 seconds
EPOCH 12 starting
EPOCH 12 finished in 31.078 seconds with lr = 1.71e-06:
	loss = 0.29630, accuracy = 0.8486 (best=0.8493)
	val accuracy = 0.8519 (best=0.8519)
	class 0: mean = 0.1332 std = 0.1995 fraction = 0.7274
	class 1: mean = 0.6477 std = 0.2732 fraction = 0.2726
	model time = 17.37 seconds, data time = 12.42 seconds
EPOCH 13 starting
EPOCH 13 finished in 31.243 seconds with lr = 1.62e-06:
	loss = 0.29329, accuracy = 0.8491 (best=0.8493)
	val accuracy = 0.8516 (best=0.8519)
	class 0: mean = 0.1317 std = 0.1983 fraction = 0.7278
	class 1: mean = 0.6485 std = 0.2731 fraction = 0.2722
	model time = 17.48 seconds, data time = 12.46 seconds
EPOCH 14 starting
EPOCH 14 finished in 32.026 seconds with lr = 1.54e-06:
	loss = 0.29339, accuracy = 0.8514 (best=0.8514)
	val accuracy = 0.8544 (best=0.8544)
	class 0: mean = 0.1317 std = 0.1980 fraction = 0.7291
	class 1: mean = 0.6496 std = 0.2748 fraction = 0.2709
	model time = 17.84 seconds, data time = 12.85 seconds
EPOCH 15 starting
EPOCH 15 finished in 31.567 seconds with lr = 1.46e-06:
	loss = 0.29491, accuracy = 0.8506 (best=0.8514)
	val accuracy = 0.8347 (best=0.8544)
	class 0: mean = 0.1309 std = 0.1976 fraction = 0.7282
	class 1: mean = 0.6461 std = 0.2741 fraction = 0.2718
	model time = 17.54 seconds, data time = 12.72 seconds
EPOCH 16 starting
EPOCH 16 finished in 31.810 seconds with lr = 1.39e-06:
	loss = 0.29627, accuracy = 0.8480 (best=0.8514)
	val accuracy = 0.8544 (best=0.8544)
	class 0: mean = 0.1333 std = 0.1993 fraction = 0.7242
	class 1: mean = 0.6508 std = 0.2740 fraction = 0.2758
	model time = 17.69 seconds, data time = 12.81 seconds
EPOCH 17 starting
EPOCH 17 finished in 31.216 seconds with lr = 1.32e-06:
	loss = 0.29568, accuracy = 0.8488 (best=0.8514)
	val accuracy = 0.8409 (best=0.8544)
	class 0: mean = 0.1329 std = 0.1991 fraction = 0.7281
	class 1: mean = 0.6482 std = 0.2741 fraction = 0.2719
	model time = 17.30 seconds, data time = 12.62 seconds
EPOCH 18 starting
EPOCH 18 finished in 31.386 seconds with lr = 1.25e-06:
	loss = 0.29401, accuracy = 0.8496 (best=0.8514)
	val accuracy = 0.8466 (best=0.8544)
	class 0: mean = 0.1319 std = 0.1978 fraction = 0.7279
	class 1: mean = 0.6480 std = 0.2741 fraction = 0.2721
	model time = 17.40 seconds, data time = 12.69 seconds
EPOCH 19 starting
EPOCH 19 finished in 31.314 seconds with lr = 1.19e-06:
	loss = 0.29223, accuracy = 0.8512 (best=0.8514)
	val accuracy = 0.8425 (best=0.8544)
	class 0: mean = 0.1312 std = 0.1973 fraction = 0.7270
	class 1: mean = 0.6508 std = 0.2748 fraction = 0.2730
	model time = 17.35 seconds, data time = 12.66 seconds
EPOCH 20 starting
EPOCH 20 finished in 31.232 seconds with lr = 1.13e-06:
	loss = 0.29482, accuracy = 0.8499 (best=0.8514)
	val accuracy = 0.8409 (best=0.8544)
	class 0: mean = 0.1325 std = 0.1985 fraction = 0.7248
	class 1: mean = 0.6506 std = 0.2735 fraction = 0.2752
	model time = 17.27 seconds, data time = 12.68 seconds
EPOCH 21 starting
EPOCH 21 finished in 31.523 seconds with lr = 1.08e-06:
	loss = 0.29054, accuracy = 0.8522 (best=0.8522)
	val accuracy = 0.8622 (best=0.8622)
	class 0: mean = 0.1302 std = 0.1973 fraction = 0.7273
	class 1: mean = 0.6518 std = 0.2747 fraction = 0.2727
	model time = 17.48 seconds, data time = 12.75 seconds
EPOCH 22 starting
EPOCH 22 finished in 31.136 seconds with lr = 1.02e-06:
	loss = 0.29246, accuracy = 0.8511 (best=0.8522)
	val accuracy = 0.8484 (best=0.8622)
	class 0: mean = 0.1313 std = 0.1992 fraction = 0.7256
	class 1: mean = 0.6522 std = 0.2722 fraction = 0.2744
	model time = 17.37 seconds, data time = 12.47 seconds
EPOCH 23 starting
EPOCH 23 finished in 31.698 seconds with lr = 9.71e-07:
	loss = 0.29177, accuracy = 0.8526 (best=0.8526)
	val accuracy = 0.8441 (best=0.8622)
	class 0: mean = 0.1309 std = 0.1982 fraction = 0.7278
	class 1: mean = 0.6514 std = 0.2736 fraction = 0.2722
	model time = 17.66 seconds, data time = 12.73 seconds
EPOCH 24 starting
EPOCH 24 finished in 31.109 seconds with lr = 9.22e-07:
	loss = 0.29161, accuracy = 0.8520 (best=0.8526)
	val accuracy = 0.8562 (best=0.8622)
	class 0: mean = 0.1308 std = 0.1981 fraction = 0.7291
	class 1: mean = 0.6517 std = 0.2752 fraction = 0.2709
	model time = 17.37 seconds, data time = 12.45 seconds
EPOCH 25 starting
EPOCH 25 finished in 31.235 seconds with lr = 8.76e-07:
	loss = 0.29145, accuracy = 0.8514 (best=0.8526)
	val accuracy = 0.8462 (best=0.8622)
	class 0: mean = 0.1308 std = 0.1992 fraction = 0.7252
	class 1: mean = 0.6543 std = 0.2723 fraction = 0.2748
	model time = 17.40 seconds, data time = 12.55 seconds
EPOCH 26 starting
EPOCH 26 finished in 30.826 seconds with lr = 8.32e-07:
	loss = 0.28910, accuracy = 0.8519 (best=0.8526)
	val accuracy = 0.8381 (best=0.8622)
	class 0: mean = 0.1299 std = 0.1974 fraction = 0.7266
	class 1: mean = 0.6549 std = 0.2739 fraction = 0.2734
	model time = 17.17 seconds, data time = 12.38 seconds
EPOCH 27 starting
EPOCH 27 finished in 31.069 seconds with lr = 7.91e-07:
	loss = 0.29219, accuracy = 0.8527 (best=0.8527)
	val accuracy = 0.8641 (best=0.8641)
	class 0: mean = 0.1314 std = 0.1989 fraction = 0.7265
	class 1: mean = 0.6543 std = 0.2747 fraction = 0.2735
	model time = 17.30 seconds, data time = 12.50 seconds
EPOCH 28 starting
EPOCH 28 finished in 31.164 seconds with lr = 7.51e-07:
	loss = 0.28935, accuracy = 0.8531 (best=0.8531)
	val accuracy = 0.8422 (best=0.8641)
	class 0: mean = 0.1296 std = 0.1972 fraction = 0.7262
	class 1: mean = 0.6552 std = 0.2745 fraction = 0.2738
	model time = 17.32 seconds, data time = 12.56 seconds
EPOCH 29 starting
EPOCH 29 finished in 30.576 seconds with lr = 7.13e-07:
	loss = 0.29179, accuracy = 0.8519 (best=0.8531)
	val accuracy = 0.8438 (best=0.8641)
	class 0: mean = 0.1314 std = 0.1989 fraction = 0.7269
	class 1: mean = 0.6538 std = 0.2734 fraction = 0.2731
	model time = 17.01 seconds, data time = 12.32 seconds
EPOCH 30 starting
EPOCH 30 finished in 30.515 seconds with lr = 6.78e-07:
	loss = 0.28791, accuracy = 0.8541 (best=0.8541)
	val accuracy = 0.8503 (best=0.8641)
	class 0: mean = 0.1291 std = 0.1970 fraction = 0.7277
	class 1: mean = 0.6562 std = 0.2751 fraction = 0.2723
	model time = 16.99 seconds, data time = 12.27 seconds
EPOCH 31 starting
EPOCH 31 finished in 30.663 seconds with lr = 6.44e-07:
	loss = 0.29148, accuracy = 0.8526 (best=0.8541)
	val accuracy = 0.8531 (best=0.8641)
	class 0: mean = 0.1304 std = 0.1982 fraction = 0.7283
	class 1: mean = 0.6517 std = 0.2745 fraction = 0.2717
	model time = 17.09 seconds, data time = 12.31 seconds
EPOCH 32 starting
EPOCH 32 finished in 30.691 seconds with lr = 6.12e-07:
	loss = 0.28803, accuracy = 0.8548 (best=0.8548)
	val accuracy = 0.8531 (best=0.8641)
	class 0: mean = 0.1285 std = 0.1969 fraction = 0.7277
	class 1: mean = 0.6570 std = 0.2754 fraction = 0.2723
	model time = 17.11 seconds, data time = 12.32 seconds
EPOCH 33 starting
EPOCH 33 finished in 30.774 seconds with lr = 5.81e-07:
	loss = 0.29258, accuracy = 0.8525 (best=0.8548)
	val accuracy = 0.8497 (best=0.8641)
	class 0: mean = 0.1299 std = 0.1975 fraction = 0.7264
	class 1: mean = 0.6541 std = 0.2768 fraction = 0.2736
	model time = 17.16 seconds, data time = 12.35 seconds
EPOCH 34 starting
EPOCH 34 finished in 30.829 seconds with lr = 5.52e-07:
	loss = 0.28935, accuracy = 0.8526 (best=0.8548)
	val accuracy = 0.8553 (best=0.8641)
	class 0: mean = 0.1296 std = 0.1976 fraction = 0.7269
	class 1: mean = 0.6545 std = 0.2743 fraction = 0.2731
	model time = 17.17 seconds, data time = 12.40 seconds
EPOCH 35 starting
EPOCH 35 finished in 30.862 seconds with lr = 5.24e-07:
	loss = 0.29035, accuracy = 0.8526 (best=0.8548)
	val accuracy = 0.8594 (best=0.8641)
	class 0: mean = 0.1301 std = 0.1983 fraction = 0.7241
	class 1: mean = 0.6580 std = 0.2747 fraction = 0.2759
	model time = 17.18 seconds, data time = 12.39 seconds
EPOCH 36 starting
EPOCH 36 finished in 30.670 seconds with lr = 4.98e-07:
	loss = 0.28857, accuracy = 0.8519 (best=0.8548)
	val accuracy = 0.8484 (best=0.8641)
	class 0: mean = 0.1294 std = 0.1985 fraction = 0.7293
	class 1: mean = 0.6548 std = 0.2741 fraction = 0.2707
	model time = 17.07 seconds, data time = 12.34 seconds
EPOCH 37 starting
EPOCH 37 finished in 30.686 seconds with lr = 4.73e-07:
	loss = 0.28624, accuracy = 0.8538 (best=0.8548)
	val accuracy = 0.8509 (best=0.8641)
	class 0: mean = 0.1292 std = 0.1982 fraction = 0.7272
	class 1: mean = 0.6584 std = 0.2730 fraction = 0.2728
	model time = 17.08 seconds, data time = 12.35 seconds
EPOCH 38 starting
EPOCH 38 finished in 30.723 seconds with lr = 4.50e-07:
	loss = 0.28866, accuracy = 0.8538 (best=0.8548)
	val accuracy = 0.8416 (best=0.8641)
	class 0: mean = 0.1295 std = 0.1977 fraction = 0.7273
	class 1: mean = 0.6569 std = 0.2750 fraction = 0.2727
	model time = 17.10 seconds, data time = 12.36 seconds
EPOCH 39 starting
EPOCH 39 finished in 30.791 seconds with lr = 4.27e-07:
	loss = 0.29272, accuracy = 0.8519 (best=0.8548)
	val accuracy = 0.8400 (best=0.8641)
	class 0: mean = 0.1300 std = 0.1983 fraction = 0.7264
	class 1: mean = 0.6524 std = 0.2756 fraction = 0.2736
	model time = 17.14 seconds, data time = 12.37 seconds
EPOCH 40 starting
EPOCH 40 finished in 31.518 seconds with lr = 4.06e-07:
	loss = 0.29271, accuracy = 0.8520 (best=0.8548)
	val accuracy = 0.8541 (best=0.8641)
	class 0: mean = 0.1297 std = 0.1974 fraction = 0.7261
	class 1: mean = 0.6506 std = 0.2746 fraction = 0.2739
	model time = 17.57 seconds, data time = 12.63 seconds
EPOCH 41 starting
EPOCH 41 finished in 31.485 seconds with lr = 3.86e-07:
	loss = 0.28832, accuracy = 0.8539 (best=0.8548)
	val accuracy = 0.8503 (best=0.8641)
	class 0: mean = 0.1303 std = 0.1982 fraction = 0.7309
	class 1: mean = 0.6559 std = 0.2748 fraction = 0.2691
	model time = 17.50 seconds, data time = 12.68 seconds
EPOCH 42 starting
EPOCH 42 finished in 31.228 seconds with lr = 3.66e-07:
	loss = 0.29092, accuracy = 0.8521 (best=0.8548)
	val accuracy = 0.8541 (best=0.8641)
	class 0: mean = 0.1298 std = 0.1978 fraction = 0.7274
	class 1: mean = 0.6516 std = 0.2735 fraction = 0.2726
	model time = 17.42 seconds, data time = 12.52 seconds
EPOCH 43 starting
EPOCH 43 finished in 31.617 seconds with lr = 3.48e-07:
	loss = 0.28792, accuracy = 0.8542 (best=0.8548)
	val accuracy = 0.8550 (best=0.8641)
	class 0: mean = 0.1279 std = 0.1965 fraction = 0.7278
	class 1: mean = 0.6531 std = 0.2738 fraction = 0.2722
	model time = 17.59 seconds, data time = 12.70 seconds
EPOCH 44 starting
EPOCH 44 finished in 31.727 seconds with lr = 3.31e-07:
	loss = 0.28930, accuracy = 0.8535 (best=0.8548)
	val accuracy = 0.8500 (best=0.8641)
	class 0: mean = 0.1297 std = 0.1984 fraction = 0.7258
	class 1: mean = 0.6574 std = 0.2743 fraction = 0.2742
	model time = 17.64 seconds, data time = 12.75 seconds
EPOCH 45 starting
EPOCH 45 finished in 31.734 seconds with lr = 3.14e-07:
	loss = 0.28737, accuracy = 0.8537 (best=0.8548)
	val accuracy = 0.8438 (best=0.8641)
	class 0: mean = 0.1278 std = 0.1971 fraction = 0.7269
	class 1: mean = 0.6559 std = 0.2747 fraction = 0.2731
	model time = 17.61 seconds, data time = 12.80 seconds
EPOCH 46 starting
EPOCH 46 finished in 31.749 seconds with lr = 3.00e-07:
	loss = 0.28689, accuracy = 0.8546 (best=0.8548)
	val accuracy = 0.8584 (best=0.8641)
	class 0: mean = 0.1283 std = 0.1970 fraction = 0.7295
	class 1: mean = 0.6558 std = 0.2746 fraction = 0.2705
	model time = 17.61 seconds, data time = 12.82 seconds
EPOCH 47 starting
EPOCH 47 finished in 31.819 seconds with lr = 3.00e-07:
	loss = 0.28768, accuracy = 0.8535 (best=0.8548)
	val accuracy = 0.8441 (best=0.8641)
	class 0: mean = 0.1296 std = 0.1987 fraction = 0.7288
	class 1: mean = 0.6571 std = 0.2737 fraction = 0.2712
	model time = 17.70 seconds, data time = 12.80 seconds
