Training with t = [10], dt = 2, distance = 3
EPOCH 1 starting
EPOCH 1 finished in 37.661 seconds with lr = 1.00e-04:
	loss = 0.32540, accuracy = 0.8571 (best=0.8571)
	val accuracy = 0.8185 (best=0.8185)
	class 0: mean = 0.1364 std = 0.1836 fraction = 0.7424
	class 1: mean = 0.6083 std = 0.2995 fraction = 0.2576
	model time = 17.12 seconds, data time = 18.20 seconds
EPOCH 2 starting
EPOCH 2 finished in 36.970 seconds with lr = 9.50e-05:
	loss = 0.29089, accuracy = 0.8729 (best=0.8729)
	val accuracy = 0.8166 (best=0.8185)
	class 0: mean = 0.1217 std = 0.1817 fraction = 0.7419
	class 1: mean = 0.6501 std = 0.2987 fraction = 0.2581
	model time = 16.77 seconds, data time = 17.96 seconds
EPOCH 3 starting
EPOCH 3 finished in 36.997 seconds with lr = 9.02e-05:
	loss = 0.28430, accuracy = 0.8778 (best=0.8778)
	val accuracy = 0.8126 (best=0.8185)
	class 0: mean = 0.1181 std = 0.1807 fraction = 0.7420
	class 1: mean = 0.6608 std = 0.3000 fraction = 0.2580
	model time = 16.77 seconds, data time = 17.98 seconds
EPOCH 4 starting
EPOCH 4 finished in 36.972 seconds with lr = 8.57e-05:
	loss = 0.27965, accuracy = 0.8797 (best=0.8797)
	val accuracy = 0.8187 (best=0.8187)
	class 0: mean = 0.1162 std = 0.1805 fraction = 0.7410
	class 1: mean = 0.6675 std = 0.2998 fraction = 0.2590
	model time = 16.78 seconds, data time = 17.93 seconds
EPOCH 5 starting
EPOCH 5 finished in 36.915 seconds with lr = 8.15e-05:
	loss = 0.27520, accuracy = 0.8812 (best=0.8812)
	val accuracy = 0.8148 (best=0.8187)
	class 0: mean = 0.1141 std = 0.1801 fraction = 0.7431
	class 1: mean = 0.6707 std = 0.3000 fraction = 0.2569
	model time = 16.74 seconds, data time = 17.91 seconds
EPOCH 6 starting
EPOCH 6 finished in 36.839 seconds with lr = 7.74e-05:
	loss = 0.27256, accuracy = 0.8829 (best=0.8829)
	val accuracy = 0.8219 (best=0.8219)
	class 0: mean = 0.1130 std = 0.1784 fraction = 0.7410
	class 1: mean = 0.6765 std = 0.3016 fraction = 0.2590
	model time = 16.70 seconds, data time = 17.90 seconds
EPOCH 7 starting
EPOCH 7 finished in 36.886 seconds with lr = 7.35e-05:
	loss = 0.26895, accuracy = 0.8851 (best=0.8851)
	val accuracy = 0.8198 (best=0.8219)
	class 0: mean = 0.1114 std = 0.1795 fraction = 0.7410
	class 1: mean = 0.6813 std = 0.2991 fraction = 0.2590
	model time = 16.71 seconds, data time = 17.92 seconds
EPOCH 8 starting
EPOCH 8 finished in 36.814 seconds with lr = 6.98e-05:
	loss = 0.27098, accuracy = 0.8834 (best=0.8851)
	val accuracy = 0.8245 (best=0.8245)
	class 0: mean = 0.1125 std = 0.1799 fraction = 0.7424
	class 1: mean = 0.6769 std = 0.2988 fraction = 0.2576
	model time = 16.67 seconds, data time = 17.90 seconds
EPOCH 9 starting
EPOCH 9 finished in 36.886 seconds with lr = 6.63e-05:
	loss = 0.26785, accuracy = 0.8848 (best=0.8851)
	val accuracy = 0.8287 (best=0.8287)
	class 0: mean = 0.1110 std = 0.1806 fraction = 0.7409
	class 1: mean = 0.6819 std = 0.2972 fraction = 0.2591
	model time = 16.70 seconds, data time = 17.92 seconds
EPOCH 10 starting
EPOCH 10 finished in 36.745 seconds with lr = 6.30e-05:
	loss = 0.27197, accuracy = 0.8829 (best=0.8851)
	val accuracy = 0.8234 (best=0.8287)
	class 0: mean = 0.1132 std = 0.1806 fraction = 0.7406
	class 1: mean = 0.6779 std = 0.2977 fraction = 0.2594
	model time = 16.61 seconds, data time = 17.90 seconds
EPOCH 11 starting
EPOCH 11 finished in 36.877 seconds with lr = 5.99e-05:
	loss = 0.26659, accuracy = 0.8860 (best=0.8860)
	val accuracy = 0.8206 (best=0.8287)
	class 0: mean = 0.1103 std = 0.1785 fraction = 0.7419
	class 1: mean = 0.6829 std = 0.2995 fraction = 0.2581
	model time = 16.68 seconds, data time = 17.95 seconds
EPOCH 12 starting
EPOCH 12 finished in 36.844 seconds with lr = 5.69e-05:
	loss = 0.26657, accuracy = 0.8873 (best=0.8873)
	val accuracy = 0.8199 (best=0.8287)
	class 0: mean = 0.1099 std = 0.1792 fraction = 0.7410
	class 1: mean = 0.6859 std = 0.2990 fraction = 0.2590
	model time = 16.67 seconds, data time = 17.92 seconds
EPOCH 13 starting
EPOCH 13 finished in 36.798 seconds with lr = 5.40e-05:
	loss = 0.26575, accuracy = 0.8865 (best=0.8873)
	val accuracy = 0.8217 (best=0.8287)
	class 0: mean = 0.1098 std = 0.1788 fraction = 0.7414
	class 1: mean = 0.6845 std = 0.2989 fraction = 0.2586
	model time = 16.61 seconds, data time = 17.95 seconds
EPOCH 14 starting
EPOCH 14 finished in 36.798 seconds with lr = 5.13e-05:
	loss = 0.26608, accuracy = 0.8862 (best=0.8873)
	val accuracy = 0.8168 (best=0.8287)
	class 0: mean = 0.1101 std = 0.1798 fraction = 0.7406
	class 1: mean = 0.6858 std = 0.2977 fraction = 0.2594
	model time = 16.64 seconds, data time = 17.91 seconds
EPOCH 15 starting
EPOCH 15 finished in 36.745 seconds with lr = 4.88e-05:
	loss = 0.26418, accuracy = 0.8869 (best=0.8873)
	val accuracy = 0.8250 (best=0.8287)
	class 0: mean = 0.1093 std = 0.1798 fraction = 0.7420
	class 1: mean = 0.6853 std = 0.2966 fraction = 0.2580
	model time = 16.58 seconds, data time = 17.94 seconds
EPOCH 16 starting
EPOCH 16 finished in 36.669 seconds with lr = 4.63e-05:
	loss = 0.26436, accuracy = 0.8884 (best=0.8884)
	val accuracy = 0.8220 (best=0.8287)
	class 0: mean = 0.1092 std = 0.1788 fraction = 0.7417
	class 1: mean = 0.6871 std = 0.2979 fraction = 0.2583
	model time = 16.55 seconds, data time = 17.88 seconds
EPOCH 17 starting
EPOCH 17 finished in 36.644 seconds with lr = 4.40e-05:
	loss = 0.26211, accuracy = 0.8883 (best=0.8884)
	val accuracy = 0.8190 (best=0.8287)
	class 0: mean = 0.1080 std = 0.1792 fraction = 0.7428
	class 1: mean = 0.6887 std = 0.2972 fraction = 0.2572
	model time = 16.56 seconds, data time = 17.88 seconds
EPOCH 18 starting
EPOCH 18 finished in 36.700 seconds with lr = 4.18e-05:
	loss = 0.26312, accuracy = 0.8876 (best=0.8884)
	val accuracy = 0.8134 (best=0.8287)
	class 0: mean = 0.1084 std = 0.1786 fraction = 0.7417
	class 1: mean = 0.6876 std = 0.2982 fraction = 0.2583
	model time = 16.65 seconds, data time = 17.84 seconds
EPOCH 19 starting
EPOCH 19 finished in 36.612 seconds with lr = 3.97e-05:
	loss = 0.26266, accuracy = 0.8888 (best=0.8888)
	val accuracy = 0.8239 (best=0.8287)
	class 0: mean = 0.1083 std = 0.1791 fraction = 0.7419
	class 1: mean = 0.6888 std = 0.2974 fraction = 0.2581
	model time = 16.56 seconds, data time = 17.84 seconds
EPOCH 20 starting
EPOCH 20 finished in 36.542 seconds with lr = 3.77e-05:
	loss = 0.26179, accuracy = 0.8884 (best=0.8888)
	val accuracy = 0.8209 (best=0.8287)
	class 0: mean = 0.1082 std = 0.1789 fraction = 0.7402
	class 1: mean = 0.6918 std = 0.2978 fraction = 0.2598
	model time = 16.47 seconds, data time = 17.87 seconds
EPOCH 21 starting
EPOCH 21 finished in 36.674 seconds with lr = 3.58e-05:
	loss = 0.26080, accuracy = 0.8892 (best=0.8892)
	val accuracy = 0.8295 (best=0.8295)
	class 0: mean = 0.1075 std = 0.1783 fraction = 0.7426
	class 1: mean = 0.6900 std = 0.2975 fraction = 0.2574
	model time = 16.58 seconds, data time = 17.88 seconds
EPOCH 22 starting
EPOCH 22 finished in 36.564 seconds with lr = 3.41e-05:
	loss = 0.26110, accuracy = 0.8884 (best=0.8892)
	val accuracy = 0.8232 (best=0.8295)
	class 0: mean = 0.1079 std = 0.1786 fraction = 0.7413
	class 1: mean = 0.6910 std = 0.2982 fraction = 0.2587
	model time = 16.48 seconds, data time = 17.87 seconds
EPOCH 23 starting
EPOCH 23 finished in 36.470 seconds with lr = 3.24e-05:
	loss = 0.26275, accuracy = 0.8883 (best=0.8892)
	val accuracy = 0.8237 (best=0.8295)
	class 0: mean = 0.1083 std = 0.1785 fraction = 0.7424
	class 1: mean = 0.6883 std = 0.2987 fraction = 0.2576
	model time = 16.42 seconds, data time = 17.83 seconds
EPOCH 24 starting
EPOCH 24 finished in 36.724 seconds with lr = 3.07e-05:
	loss = 0.25902, accuracy = 0.8903 (best=0.8903)
	val accuracy = 0.8234 (best=0.8295)
	class 0: mean = 0.1065 std = 0.1775 fraction = 0.7418
	class 1: mean = 0.6932 std = 0.2981 fraction = 0.2582
	model time = 16.61 seconds, data time = 17.92 seconds
EPOCH 25 starting
EPOCH 25 finished in 36.463 seconds with lr = 2.92e-05:
	loss = 0.26214, accuracy = 0.8885 (best=0.8903)
	val accuracy = 0.8233 (best=0.8295)
	class 0: mean = 0.1084 std = 0.1792 fraction = 0.7392
	class 1: mean = 0.6924 std = 0.2971 fraction = 0.2608
	model time = 16.43 seconds, data time = 17.84 seconds
EPOCH 26 starting
EPOCH 26 finished in 36.432 seconds with lr = 2.77e-05:
	loss = 0.25934, accuracy = 0.8901 (best=0.8903)
	val accuracy = 0.8177 (best=0.8295)
	class 0: mean = 0.1071 std = 0.1782 fraction = 0.7426
	class 1: mean = 0.6920 std = 0.2977 fraction = 0.2574
	model time = 16.44 seconds, data time = 17.80 seconds
EPOCH 27 starting
EPOCH 27 finished in 36.388 seconds with lr = 2.64e-05:
	loss = 0.25709, accuracy = 0.8910 (best=0.8910)
	val accuracy = 0.8246 (best=0.8295)
	class 0: mean = 0.1056 std = 0.1773 fraction = 0.7429
	class 1: mean = 0.6947 std = 0.2981 fraction = 0.2571
	model time = 16.40 seconds, data time = 17.81 seconds
EPOCH 28 starting
EPOCH 28 finished in 36.414 seconds with lr = 2.50e-05:
	loss = 0.25846, accuracy = 0.8902 (best=0.8910)
	val accuracy = 0.8222 (best=0.8295)
	class 0: mean = 0.1065 std = 0.1778 fraction = 0.7425
	class 1: mean = 0.6926 std = 0.2977 fraction = 0.2575
	model time = 16.41 seconds, data time = 17.81 seconds
EPOCH 29 starting
EPOCH 29 finished in 36.388 seconds with lr = 2.38e-05:
	loss = 0.25912, accuracy = 0.8895 (best=0.8910)
	val accuracy = 0.8219 (best=0.8295)
	class 0: mean = 0.1071 std = 0.1778 fraction = 0.7405
	class 1: mean = 0.6948 std = 0.2986 fraction = 0.2595
	model time = 16.40 seconds, data time = 17.82 seconds
EPOCH 30 starting
EPOCH 30 finished in 36.413 seconds with lr = 2.26e-05:
	loss = 0.25894, accuracy = 0.8898 (best=0.8910)
	val accuracy = 0.8233 (best=0.8295)
	class 0: mean = 0.1067 std = 0.1773 fraction = 0.7424
	class 1: mean = 0.6931 std = 0.2986 fraction = 0.2576
	model time = 16.40 seconds, data time = 17.83 seconds
EPOCH 31 starting
EPOCH 31 finished in 36.397 seconds with lr = 2.15e-05:
	loss = 0.25886, accuracy = 0.8904 (best=0.8910)
	val accuracy = 0.8236 (best=0.8295)
	class 0: mean = 0.1069 std = 0.1782 fraction = 0.7416
	class 1: mean = 0.6939 std = 0.2981 fraction = 0.2584
	model time = 16.38 seconds, data time = 17.82 seconds
EPOCH 32 starting
EPOCH 32 finished in 36.473 seconds with lr = 2.04e-05:
	loss = 0.25854, accuracy = 0.8903 (best=0.8910)
	val accuracy = 0.8259 (best=0.8295)
	class 0: mean = 0.1062 std = 0.1779 fraction = 0.7409
	class 1: mean = 0.6952 std = 0.2980 fraction = 0.2591
	model time = 16.44 seconds, data time = 17.84 seconds
EPOCH 33 starting
EPOCH 33 finished in 36.498 seconds with lr = 1.94e-05:
	loss = 0.25721, accuracy = 0.8904 (best=0.8910)
	val accuracy = 0.8175 (best=0.8295)
	class 0: mean = 0.1062 std = 0.1778 fraction = 0.7422
	class 1: mean = 0.6953 std = 0.2980 fraction = 0.2578
	model time = 16.45 seconds, data time = 17.84 seconds
EPOCH 34 starting
EPOCH 34 finished in 36.521 seconds with lr = 1.84e-05:
	loss = 0.25838, accuracy = 0.8900 (best=0.8910)
	val accuracy = 0.8187 (best=0.8295)
	class 0: mean = 0.1064 std = 0.1781 fraction = 0.7420
	class 1: mean = 0.6939 std = 0.2974 fraction = 0.2580
	model time = 16.47 seconds, data time = 17.84 seconds
EPOCH 35 starting
EPOCH 35 finished in 36.484 seconds with lr = 1.75e-05:
	loss = 0.25868, accuracy = 0.8899 (best=0.8910)
	val accuracy = 0.8252 (best=0.8295)
	class 0: mean = 0.1068 std = 0.1780 fraction = 0.7418
	class 1: mean = 0.6920 std = 0.2969 fraction = 0.2582
	model time = 16.45 seconds, data time = 17.83 seconds
EPOCH 36 starting
EPOCH 36 finished in 36.495 seconds with lr = 1.66e-05:
	loss = 0.25760, accuracy = 0.8909 (best=0.8910)
	val accuracy = 0.8266 (best=0.8295)
	class 0: mean = 0.1061 std = 0.1780 fraction = 0.7416
	class 1: mean = 0.6965 std = 0.2980 fraction = 0.2584
	model time = 16.46 seconds, data time = 17.83 seconds
EPOCH 37 starting
EPOCH 37 finished in 36.512 seconds with lr = 1.58e-05:
	loss = 0.25851, accuracy = 0.8895 (best=0.8910)
	val accuracy = 0.8247 (best=0.8295)
	class 0: mean = 0.1061 std = 0.1775 fraction = 0.7432
	class 1: mean = 0.6918 std = 0.2981 fraction = 0.2568
	model time = 16.47 seconds, data time = 17.83 seconds
EPOCH 38 starting
EPOCH 38 finished in 36.488 seconds with lr = 1.50e-05:
	loss = 0.25757, accuracy = 0.8908 (best=0.8910)
	val accuracy = 0.8227 (best=0.8295)
	class 0: mean = 0.1063 std = 0.1784 fraction = 0.7422
	class 1: mean = 0.6954 std = 0.2971 fraction = 0.2578
	model time = 16.45 seconds, data time = 17.83 seconds
EPOCH 39 starting
EPOCH 39 finished in 36.526 seconds with lr = 1.42e-05:
	loss = 0.25796, accuracy = 0.8903 (best=0.8910)
	val accuracy = 0.8209 (best=0.8295)
	class 0: mean = 0.1066 std = 0.1783 fraction = 0.7415
	class 1: mean = 0.6948 std = 0.2973 fraction = 0.2585
	model time = 16.48 seconds, data time = 17.84 seconds
EPOCH 40 starting
EPOCH 40 finished in 36.501 seconds with lr = 1.35e-05:
	loss = 0.25544, accuracy = 0.8911 (best=0.8911)
	val accuracy = 0.8249 (best=0.8295)
	class 0: mean = 0.1050 std = 0.1771 fraction = 0.7431
	class 1: mean = 0.6950 std = 0.2967 fraction = 0.2569
	model time = 16.47 seconds, data time = 17.82 seconds
EPOCH 41 starting
EPOCH 41 finished in 36.521 seconds with lr = 1.29e-05:
	loss = 0.25800, accuracy = 0.8907 (best=0.8911)
	val accuracy = 0.8241 (best=0.8295)
	class 0: mean = 0.1064 std = 0.1782 fraction = 0.7423
	class 1: mean = 0.6950 std = 0.2974 fraction = 0.2577
	model time = 16.49 seconds, data time = 17.83 seconds
EPOCH 42 starting
EPOCH 42 finished in 36.519 seconds with lr = 1.22e-05:
	loss = 0.25683, accuracy = 0.8908 (best=0.8911)
	val accuracy = 0.8210 (best=0.8295)
	class 0: mean = 0.1059 std = 0.1785 fraction = 0.7415
	class 1: mean = 0.6954 std = 0.2964 fraction = 0.2585
	model time = 16.47 seconds, data time = 17.84 seconds
EPOCH 43 starting
EPOCH 43 finished in 36.516 seconds with lr = 1.16e-05:
	loss = 0.25748, accuracy = 0.8907 (best=0.8911)
	val accuracy = 0.8241 (best=0.8295)
	class 0: mean = 0.1064 std = 0.1782 fraction = 0.7405
	class 1: mean = 0.6970 std = 0.2968 fraction = 0.2595
	model time = 16.47 seconds, data time = 17.85 seconds
EPOCH 44 starting
EPOCH 44 finished in 36.536 seconds with lr = 1.10e-05:
	loss = 0.26120, accuracy = 0.8891 (best=0.8911)
	val accuracy = 0.8235 (best=0.8295)
	class 0: mean = 0.1079 std = 0.1789 fraction = 0.7411
	class 1: mean = 0.6922 std = 0.2979 fraction = 0.2589
	model time = 16.48 seconds, data time = 17.84 seconds
EPOCH 45 starting
EPOCH 45 finished in 36.530 seconds with lr = 1.05e-05:
	loss = 0.25502, accuracy = 0.8920 (best=0.8920)
	val accuracy = 0.8270 (best=0.8295)
	class 0: mean = 0.1045 std = 0.1775 fraction = 0.7421
	class 1: mean = 0.6978 std = 0.2964 fraction = 0.2579
	model time = 16.48 seconds, data time = 17.85 seconds
EPOCH 46 starting
EPOCH 46 finished in 36.527 seconds with lr = 9.94e-06:
	loss = 0.25728, accuracy = 0.8908 (best=0.8920)
	val accuracy = 0.8261 (best=0.8295)
	class 0: mean = 0.1063 std = 0.1778 fraction = 0.7408
	class 1: mean = 0.6962 std = 0.2971 fraction = 0.2592
	model time = 16.47 seconds, data time = 17.84 seconds
EPOCH 47 starting
EPOCH 47 finished in 36.562 seconds with lr = 9.45e-06:
	loss = 0.25925, accuracy = 0.8893 (best=0.8920)
	val accuracy = 0.8276 (best=0.8295)
	class 0: mean = 0.1067 std = 0.1786 fraction = 0.7422
	class 1: mean = 0.6926 std = 0.2979 fraction = 0.2578
	model time = 16.49 seconds, data time = 17.85 seconds
EPOCH 48 starting
EPOCH 48 finished in 36.657 seconds with lr = 8.97e-06:
	loss = 0.25643, accuracy = 0.8907 (best=0.8920)
	val accuracy = 0.8260 (best=0.8295)
	class 0: mean = 0.1059 std = 0.1780 fraction = 0.7436
	class 1: mean = 0.6944 std = 0.2969 fraction = 0.2564
	model time = 16.60 seconds, data time = 17.84 seconds
EPOCH 49 starting
EPOCH 49 finished in 36.511 seconds with lr = 8.53e-06:
	loss = 0.26039, accuracy = 0.8893 (best=0.8920)
	val accuracy = 0.8259 (best=0.8295)
	class 0: mean = 0.1073 std = 0.1787 fraction = 0.7413
	class 1: mean = 0.6918 std = 0.2975 fraction = 0.2587
	model time = 16.46 seconds, data time = 17.84 seconds
EPOCH 50 starting
EPOCH 50 finished in 36.508 seconds with lr = 8.10e-06:
	loss = 0.25800, accuracy = 0.8903 (best=0.8920)
	val accuracy = 0.8220 (best=0.8295)
	class 0: mean = 0.1064 std = 0.1778 fraction = 0.7416
	class 1: mean = 0.6950 std = 0.2980 fraction = 0.2584
	model time = 16.47 seconds, data time = 17.84 seconds
EPOCH 51 starting
EPOCH 51 finished in 36.546 seconds with lr = 7.69e-06:
	loss = 0.25605, accuracy = 0.8919 (best=0.8920)
	val accuracy = 0.8236 (best=0.8295)
	class 0: mean = 0.1056 std = 0.1774 fraction = 0.7421
	class 1: mean = 0.6974 std = 0.2972 fraction = 0.2579
	model time = 16.51 seconds, data time = 17.83 seconds
Training with t = [10], dt = 2, distance = 3
EPOCH 1 starting
EPOCH 1 finished in 53.586 seconds with lr = 1.50e-05:
	loss = 0.30226, accuracy = 0.8480 (best=0.8480)
	val accuracy = 0.8482 (best=0.8482)
	class 0: mean = 0.1334 std = 0.2006 fraction = 0.7276
	class 1: mean = 0.6450 std = 0.2784 fraction = 0.2724
	model time = 28.66 seconds, data time = 21.83 seconds
EPOCH 2 starting
EPOCH 2 finished in 53.642 seconds with lr = 1.42e-05:
	loss = 0.28622, accuracy = 0.8543 (best=0.8543)
	val accuracy = 0.8519 (best=0.8519)
	class 0: mean = 0.1277 std = 0.1981 fraction = 0.7266
	class 1: mean = 0.6607 std = 0.2750 fraction = 0.2734
	model time = 28.61 seconds, data time = 21.95 seconds
EPOCH 3 starting
EPOCH 3 finished in 53.611 seconds with lr = 1.35e-05:
	loss = 0.28107, accuracy = 0.8581 (best=0.8581)
	val accuracy = 0.8526 (best=0.8526)
	class 0: mean = 0.1251 std = 0.1970 fraction = 0.7276
	class 1: mean = 0.6663 std = 0.2764 fraction = 0.2724
	model time = 28.64 seconds, data time = 21.89 seconds
EPOCH 4 starting
EPOCH 4 finished in 53.669 seconds with lr = 1.29e-05:
	loss = 0.27863, accuracy = 0.8596 (best=0.8596)
	val accuracy = 0.8578 (best=0.8578)
	class 0: mean = 0.1243 std = 0.1974 fraction = 0.7260
	class 1: mean = 0.6709 std = 0.2757 fraction = 0.2740
	model time = 28.63 seconds, data time = 21.96 seconds
EPOCH 5 starting
EPOCH 5 finished in 53.663 seconds with lr = 1.22e-05:
	loss = 0.27681, accuracy = 0.8613 (best=0.8613)
	val accuracy = 0.8571 (best=0.8578)
	class 0: mean = 0.1234 std = 0.1960 fraction = 0.7259
	class 1: mean = 0.6731 std = 0.2769 fraction = 0.2741
	model time = 28.65 seconds, data time = 21.93 seconds
EPOCH 6 starting
EPOCH 6 finished in 54.078 seconds with lr = 1.16e-05:
	loss = 0.27786, accuracy = 0.8600 (best=0.8613)
	val accuracy = 0.8560 (best=0.8578)
	class 0: mean = 0.1239 std = 0.1969 fraction = 0.7269
	class 1: mean = 0.6715 std = 0.2769 fraction = 0.2731
	model time = 28.89 seconds, data time = 22.09 seconds
EPOCH 7 starting
EPOCH 7 finished in 54.003 seconds with lr = 1.10e-05:
	loss = 0.27687, accuracy = 0.8616 (best=0.8616)
	val accuracy = 0.8617 (best=0.8617)
	class 0: mean = 0.1231 std = 0.1962 fraction = 0.7271
	class 1: mean = 0.6722 std = 0.2768 fraction = 0.2729
	model time = 28.85 seconds, data time = 22.04 seconds
EPOCH 8 starting
EPOCH 8 finished in 53.943 seconds with lr = 1.05e-05:
	loss = 0.27434, accuracy = 0.8626 (best=0.8626)
	val accuracy = 0.8525 (best=0.8617)
	class 0: mean = 0.1222 std = 0.1966 fraction = 0.7270
	class 1: mean = 0.6745 std = 0.2751 fraction = 0.2730
	model time = 28.81 seconds, data time = 22.05 seconds
EPOCH 9 starting
EPOCH 9 finished in 53.666 seconds with lr = 9.95e-06:
	loss = 0.27200, accuracy = 0.8646 (best=0.8646)
	val accuracy = 0.8534 (best=0.8617)
	class 0: mean = 0.1212 std = 0.1964 fraction = 0.7264
	class 1: mean = 0.6779 std = 0.2749 fraction = 0.2736
	model time = 28.64 seconds, data time = 21.95 seconds
EPOCH 10 starting
EPOCH 10 finished in 53.559 seconds with lr = 9.45e-06:
	loss = 0.27165, accuracy = 0.8635 (best=0.8646)
	val accuracy = 0.8562 (best=0.8617)
	class 0: mean = 0.1211 std = 0.1960 fraction = 0.7273
	class 1: mean = 0.6784 std = 0.2765 fraction = 0.2727
	model time = 28.58 seconds, data time = 21.91 seconds
EPOCH 11 starting
EPOCH 11 finished in 53.667 seconds with lr = 8.98e-06:
	loss = 0.27008, accuracy = 0.8656 (best=0.8656)
	val accuracy = 0.8512 (best=0.8617)
	class 0: mean = 0.1202 std = 0.1951 fraction = 0.7282
	class 1: mean = 0.6785 std = 0.2766 fraction = 0.2718
	model time = 28.70 seconds, data time = 21.89 seconds
EPOCH 12 starting
EPOCH 12 finished in 53.556 seconds with lr = 8.53e-06:
	loss = 0.27062, accuracy = 0.8651 (best=0.8656)
	val accuracy = 0.8487 (best=0.8617)
	class 0: mean = 0.1203 std = 0.1957 fraction = 0.7274
	class 1: mean = 0.6790 std = 0.2763 fraction = 0.2726
	model time = 28.58 seconds, data time = 21.90 seconds
EPOCH 13 starting
EPOCH 13 finished in 53.646 seconds with lr = 8.11e-06:
	loss = 0.26748, accuracy = 0.8672 (best=0.8672)
	val accuracy = 0.8624 (best=0.8624)
	class 0: mean = 0.1188 std = 0.1948 fraction = 0.7285
	class 1: mean = 0.6823 std = 0.2767 fraction = 0.2715
	model time = 28.61 seconds, data time = 21.92 seconds
EPOCH 14 starting
EPOCH 14 finished in 53.646 seconds with lr = 7.70e-06:
	loss = 0.26951, accuracy = 0.8656 (best=0.8672)
	val accuracy = 0.8579 (best=0.8624)
	class 0: mean = 0.1200 std = 0.1948 fraction = 0.7260
	class 1: mean = 0.6810 std = 0.2772 fraction = 0.2740
	model time = 28.62 seconds, data time = 21.94 seconds
EPOCH 15 starting
EPOCH 15 finished in 53.645 seconds with lr = 7.32e-06:
	loss = 0.26707, accuracy = 0.8687 (best=0.8687)
	val accuracy = 0.8577 (best=0.8624)
	class 0: mean = 0.1188 std = 0.1952 fraction = 0.7263
	class 1: mean = 0.6855 std = 0.2760 fraction = 0.2737
	model time = 28.62 seconds, data time = 21.95 seconds
EPOCH 16 starting
EPOCH 16 finished in 53.538 seconds with lr = 6.95e-06:
	loss = 0.26816, accuracy = 0.8668 (best=0.8687)
	val accuracy = 0.8543 (best=0.8624)
	class 0: mean = 0.1190 std = 0.1951 fraction = 0.7277
	class 1: mean = 0.6815 std = 0.2764 fraction = 0.2723
	model time = 28.58 seconds, data time = 21.89 seconds
EPOCH 17 starting
EPOCH 17 finished in 53.559 seconds with lr = 6.60e-06:
	loss = 0.26686, accuracy = 0.8685 (best=0.8687)
	val accuracy = 0.8484 (best=0.8624)
	class 0: mean = 0.1185 std = 0.1952 fraction = 0.7279
	class 1: mean = 0.6837 std = 0.2760 fraction = 0.2721
	model time = 28.58 seconds, data time = 21.90 seconds
EPOCH 18 starting
EPOCH 18 finished in 53.556 seconds with lr = 6.27e-06:
	loss = 0.26457, accuracy = 0.8691 (best=0.8691)
	val accuracy = 0.8545 (best=0.8624)
	class 0: mean = 0.1181 std = 0.1950 fraction = 0.7260
	class 1: mean = 0.6872 std = 0.2752 fraction = 0.2740
	model time = 28.55 seconds, data time = 21.93 seconds
EPOCH 19 starting
EPOCH 19 finished in 53.536 seconds with lr = 5.96e-06:
	loss = 0.26610, accuracy = 0.8691 (best=0.8691)
	val accuracy = 0.8548 (best=0.8624)
	class 0: mean = 0.1174 std = 0.1937 fraction = 0.7290
	class 1: mean = 0.6821 std = 0.2768 fraction = 0.2710
	model time = 28.57 seconds, data time = 21.88 seconds
EPOCH 20 starting
EPOCH 20 finished in 53.523 seconds with lr = 5.66e-06:
	loss = 0.26483, accuracy = 0.8689 (best=0.8691)
	val accuracy = 0.8566 (best=0.8624)
	class 0: mean = 0.1179 std = 0.1950 fraction = 0.7282
	class 1: mean = 0.6861 std = 0.2756 fraction = 0.2718
	model time = 28.57 seconds, data time = 21.87 seconds
EPOCH 21 starting
EPOCH 21 finished in 53.535 seconds with lr = 5.38e-06:
	loss = 0.26441, accuracy = 0.8701 (best=0.8701)
	val accuracy = 0.8579 (best=0.8624)
	class 0: mean = 0.1176 std = 0.1939 fraction = 0.7270
	class 1: mean = 0.6870 std = 0.2762 fraction = 0.2730
	model time = 28.56 seconds, data time = 21.90 seconds
EPOCH 22 starting
EPOCH 22 finished in 53.632 seconds with lr = 5.11e-06:
	loss = 0.26503, accuracy = 0.8699 (best=0.8701)
	val accuracy = 0.8577 (best=0.8624)
	class 0: mean = 0.1174 std = 0.1942 fraction = 0.7288
	class 1: mean = 0.6848 std = 0.2767 fraction = 0.2712
	model time = 28.70 seconds, data time = 21.86 seconds
EPOCH 23 starting
EPOCH 23 finished in 53.515 seconds with lr = 4.85e-06:
	loss = 0.26128, accuracy = 0.8722 (best=0.8722)
	val accuracy = 0.8561 (best=0.8624)
	class 0: mean = 0.1158 std = 0.1937 fraction = 0.7281
	class 1: mean = 0.6893 std = 0.2758 fraction = 0.2719
	model time = 28.57 seconds, data time = 21.87 seconds
EPOCH 24 starting
EPOCH 24 finished in 53.498 seconds with lr = 4.61e-06:
	loss = 0.26244, accuracy = 0.8711 (best=0.8722)
	val accuracy = 0.8580 (best=0.8624)
	class 0: mean = 0.1159 std = 0.1938 fraction = 0.7282
	class 1: mean = 0.6885 std = 0.2766 fraction = 0.2718
	model time = 28.55 seconds, data time = 21.85 seconds
EPOCH 25 starting
EPOCH 25 finished in 53.500 seconds with lr = 4.38e-06:
	loss = 0.26344, accuracy = 0.8701 (best=0.8722)
	val accuracy = 0.8569 (best=0.8624)
	class 0: mean = 0.1179 std = 0.1960 fraction = 0.7261
	class 1: mean = 0.6906 std = 0.2736 fraction = 0.2739
	model time = 28.54 seconds, data time = 21.88 seconds
EPOCH 26 starting
EPOCH 26 finished in 53.495 seconds with lr = 4.16e-06:
	loss = 0.26229, accuracy = 0.8722 (best=0.8722)
	val accuracy = 0.8512 (best=0.8624)
	class 0: mean = 0.1159 std = 0.1941 fraction = 0.7270
	class 1: mean = 0.6895 std = 0.2758 fraction = 0.2730
	model time = 28.54 seconds, data time = 21.88 seconds
EPOCH 27 starting
EPOCH 27 finished in 53.403 seconds with lr = 3.95e-06:
	loss = 0.26140, accuracy = 0.8720 (best=0.8722)
	val accuracy = 0.8512 (best=0.8624)
	class 0: mean = 0.1161 std = 0.1939 fraction = 0.7286
	class 1: mean = 0.6900 std = 0.2758 fraction = 0.2714
	model time = 28.54 seconds, data time = 21.78 seconds
EPOCH 28 starting
EPOCH 28 finished in 53.398 seconds with lr = 3.76e-06:
	loss = 0.26173, accuracy = 0.8719 (best=0.8722)
	val accuracy = 0.8564 (best=0.8624)
	class 0: mean = 0.1162 std = 0.1942 fraction = 0.7267
	class 1: mean = 0.6906 std = 0.2743 fraction = 0.2733
	model time = 28.55 seconds, data time = 21.77 seconds
EPOCH 29 starting
EPOCH 29 finished in 53.364 seconds with lr = 3.57e-06:
	loss = 0.26005, accuracy = 0.8725 (best=0.8725)
	val accuracy = 0.8598 (best=0.8624)
	class 0: mean = 0.1156 std = 0.1939 fraction = 0.7270
	class 1: mean = 0.6931 std = 0.2759 fraction = 0.2730
	model time = 28.52 seconds, data time = 21.77 seconds
EPOCH 30 starting
EPOCH 30 finished in 53.399 seconds with lr = 3.39e-06:
	loss = 0.26032, accuracy = 0.8733 (best=0.8733)
	val accuracy = 0.8572 (best=0.8624)
	class 0: mean = 0.1157 std = 0.1942 fraction = 0.7263
	class 1: mean = 0.6925 std = 0.2746 fraction = 0.2737
	model time = 28.49 seconds, data time = 21.84 seconds
EPOCH 31 starting
EPOCH 31 finished in 53.238 seconds with lr = 3.22e-06:
	loss = 0.26191, accuracy = 0.8717 (best=0.8733)
	val accuracy = 0.8588 (best=0.8624)
	class 0: mean = 0.1162 std = 0.1937 fraction = 0.7276
	class 1: mean = 0.6886 std = 0.2756 fraction = 0.2724
	model time = 28.40 seconds, data time = 21.77 seconds
EPOCH 32 starting
EPOCH 32 finished in 53.153 seconds with lr = 3.06e-06:
	loss = 0.26198, accuracy = 0.8714 (best=0.8733)
	val accuracy = 0.8549 (best=0.8624)
	class 0: mean = 0.1165 std = 0.1944 fraction = 0.7256
	class 1: mean = 0.6911 std = 0.2751 fraction = 0.2744
	model time = 28.29 seconds, data time = 21.80 seconds
EPOCH 33 starting
EPOCH 33 finished in 53.206 seconds with lr = 2.91e-06:
	loss = 0.25925, accuracy = 0.8741 (best=0.8741)
	val accuracy = 0.8588 (best=0.8624)
	class 0: mean = 0.1152 std = 0.1940 fraction = 0.7270
	class 1: mean = 0.6948 std = 0.2750 fraction = 0.2730
	model time = 28.40 seconds, data time = 21.76 seconds
EPOCH 34 starting
EPOCH 34 finished in 53.304 seconds with lr = 2.76e-06:
	loss = 0.26107, accuracy = 0.8727 (best=0.8741)
	val accuracy = 0.8530 (best=0.8624)
	class 0: mean = 0.1161 std = 0.1945 fraction = 0.7266
	class 1: mean = 0.6918 std = 0.2748 fraction = 0.2734
	model time = 28.43 seconds, data time = 21.79 seconds
EPOCH 35 starting
EPOCH 35 finished in 53.261 seconds with lr = 2.62e-06:
	loss = 0.25750, accuracy = 0.8742 (best=0.8742)
	val accuracy = 0.8637 (best=0.8637)
	class 0: mean = 0.1143 std = 0.1937 fraction = 0.7262
	class 1: mean = 0.6963 std = 0.2740 fraction = 0.2738
	model time = 28.46 seconds, data time = 21.74 seconds
EPOCH 36 starting
EPOCH 36 finished in 53.246 seconds with lr = 2.49e-06:
	loss = 0.25983, accuracy = 0.8736 (best=0.8742)
	val accuracy = 0.8582 (best=0.8637)
	class 0: mean = 0.1150 std = 0.1928 fraction = 0.7270
	class 1: mean = 0.6937 std = 0.2765 fraction = 0.2730
	model time = 28.38 seconds, data time = 21.81 seconds
EPOCH 37 starting
EPOCH 37 finished in 53.263 seconds with lr = 2.37e-06:
	loss = 0.25969, accuracy = 0.8735 (best=0.8742)
	val accuracy = 0.8605 (best=0.8637)
	class 0: mean = 0.1155 std = 0.1936 fraction = 0.7258
	class 1: mean = 0.6942 std = 0.2755 fraction = 0.2742
	model time = 28.37 seconds, data time = 21.84 seconds
EPOCH 38 starting
EPOCH 38 finished in 53.210 seconds with lr = 2.25e-06:
	loss = 0.25866, accuracy = 0.8738 (best=0.8742)
	val accuracy = 0.8563 (best=0.8637)
	class 0: mean = 0.1149 std = 0.1932 fraction = 0.7255
	class 1: mean = 0.6953 std = 0.2753 fraction = 0.2745
	model time = 28.37 seconds, data time = 21.78 seconds
EPOCH 39 starting
EPOCH 39 finished in 53.237 seconds with lr = 2.14e-06:
	loss = 0.25933, accuracy = 0.8741 (best=0.8742)
	val accuracy = 0.8550 (best=0.8637)
	class 0: mean = 0.1155 std = 0.1939 fraction = 0.7275
	class 1: mean = 0.6947 std = 0.2759 fraction = 0.2725
	model time = 28.37 seconds, data time = 21.81 seconds
EPOCH 40 starting
EPOCH 40 finished in 53.195 seconds with lr = 2.03e-06:
	loss = 0.25782, accuracy = 0.8749 (best=0.8749)
	val accuracy = 0.8582 (best=0.8637)
	class 0: mean = 0.1142 std = 0.1926 fraction = 0.7260
	class 1: mean = 0.6959 std = 0.2756 fraction = 0.2740
	model time = 28.41 seconds, data time = 21.73 seconds
EPOCH 41 starting
EPOCH 41 finished in 53.303 seconds with lr = 1.93e-06:
	loss = 0.26044, accuracy = 0.8724 (best=0.8749)
	val accuracy = 0.8566 (best=0.8637)
	class 0: mean = 0.1153 std = 0.1932 fraction = 0.7262
	class 1: mean = 0.6931 std = 0.2773 fraction = 0.2738
	model time = 28.42 seconds, data time = 21.83 seconds
EPOCH 42 starting
EPOCH 42 finished in 53.170 seconds with lr = 1.83e-06:
	loss = 0.25738, accuracy = 0.8750 (best=0.8750)
	val accuracy = 0.8555 (best=0.8637)
	class 0: mean = 0.1141 std = 0.1924 fraction = 0.7272
	class 1: mean = 0.6952 std = 0.2755 fraction = 0.2728
	model time = 28.39 seconds, data time = 21.73 seconds
EPOCH 43 starting
EPOCH 43 finished in 53.097 seconds with lr = 1.74e-06:
	loss = 0.25846, accuracy = 0.8752 (best=0.8752)
	val accuracy = 0.8586 (best=0.8637)
	class 0: mean = 0.1148 std = 0.1941 fraction = 0.7266
	class 1: mean = 0.6970 std = 0.2751 fraction = 0.2734
	model time = 28.30 seconds, data time = 21.75 seconds
EPOCH 44 starting
EPOCH 44 finished in 53.082 seconds with lr = 1.65e-06:
	loss = 0.25992, accuracy = 0.8740 (best=0.8752)
	val accuracy = 0.8566 (best=0.8637)
	class 0: mean = 0.1151 std = 0.1933 fraction = 0.7260
	class 1: mean = 0.6937 std = 0.2753 fraction = 0.2740
	model time = 28.30 seconds, data time = 21.72 seconds
EPOCH 45 starting
EPOCH 45 finished in 53.296 seconds with lr = 1.57e-06:
	loss = 0.25707, accuracy = 0.8746 (best=0.8752)
	val accuracy = 0.8595 (best=0.8637)
	class 0: mean = 0.1142 std = 0.1935 fraction = 0.7257
	class 1: mean = 0.6979 std = 0.2750 fraction = 0.2743
	model time = 28.44 seconds, data time = 21.81 seconds
EPOCH 46 starting
EPOCH 46 finished in 53.280 seconds with lr = 1.49e-06:
	loss = 0.25877, accuracy = 0.8734 (best=0.8752)
	val accuracy = 0.8582 (best=0.8637)
	class 0: mean = 0.1154 std = 0.1941 fraction = 0.7266
	class 1: mean = 0.6954 std = 0.2753 fraction = 0.2734
	model time = 28.42 seconds, data time = 21.81 seconds
EPOCH 47 starting
EPOCH 47 finished in 53.137 seconds with lr = 1.42e-06:
	loss = 0.25877, accuracy = 0.8739 (best=0.8752)
	val accuracy = 0.8542 (best=0.8637)
	class 0: mean = 0.1147 std = 0.1930 fraction = 0.7283
	class 1: mean = 0.6927 std = 0.2754 fraction = 0.2717
	model time = 28.37 seconds, data time = 21.73 seconds
EPOCH 48 starting
EPOCH 48 finished in 53.164 seconds with lr = 1.35e-06:
	loss = 0.25789, accuracy = 0.8747 (best=0.8752)
	val accuracy = 0.8520 (best=0.8637)
	class 0: mean = 0.1144 std = 0.1931 fraction = 0.7280
	class 1: mean = 0.6949 std = 0.2755 fraction = 0.2720
	model time = 28.39 seconds, data time = 21.72 seconds
EPOCH 49 starting
EPOCH 49 finished in 53.196 seconds with lr = 1.28e-06:
	loss = 0.25801, accuracy = 0.8738 (best=0.8752)
	val accuracy = 0.8567 (best=0.8637)
	class 0: mean = 0.1145 std = 0.1936 fraction = 0.7254
	class 1: mean = 0.6970 std = 0.2750 fraction = 0.2746
	model time = 28.39 seconds, data time = 21.75 seconds
EPOCH 50 starting
EPOCH 50 finished in 53.268 seconds with lr = 1.21e-06:
	loss = 0.25683, accuracy = 0.8745 (best=0.8752)
	val accuracy = 0.8568 (best=0.8637)
	class 0: mean = 0.1145 std = 0.1934 fraction = 0.7259
	class 1: mean = 0.6975 std = 0.2745 fraction = 0.2741
	model time = 28.38 seconds, data time = 21.83 seconds
EPOCH 51 starting
EPOCH 51 finished in 53.197 seconds with lr = 1.15e-06:
	loss = 0.25782, accuracy = 0.8750 (best=0.8752)
	val accuracy = 0.8567 (best=0.8637)
	class 0: mean = 0.1143 std = 0.1932 fraction = 0.7249
	class 1: mean = 0.6968 std = 0.2757 fraction = 0.2751
	model time = 28.40 seconds, data time = 21.76 seconds
EPOCH 52 starting
EPOCH 52 finished in 53.149 seconds with lr = 1.10e-06:
	loss = 0.25753, accuracy = 0.8740 (best=0.8752)
	val accuracy = 0.8576 (best=0.8637)
	class 0: mean = 0.1148 std = 0.1947 fraction = 0.7260
	class 1: mean = 0.6961 std = 0.2731 fraction = 0.2740
	model time = 28.37 seconds, data time = 21.73 seconds
EPOCH 53 starting
EPOCH 53 finished in 53.075 seconds with lr = 1.04e-06:
	loss = 0.25814, accuracy = 0.8744 (best=0.8752)
	val accuracy = 0.8552 (best=0.8637)
	class 0: mean = 0.1142 std = 0.1938 fraction = 0.7262
	class 1: mean = 0.6961 std = 0.2751 fraction = 0.2738
	model time = 28.29 seconds, data time = 21.73 seconds
EPOCH 54 starting
EPOCH 54 finished in 53.257 seconds with lr = 1.00e-06:
	loss = 0.25822, accuracy = 0.8753 (best=0.8753)
	val accuracy = 0.8538 (best=0.8637)
	class 0: mean = 0.1143 std = 0.1938 fraction = 0.7259
	class 1: mean = 0.6968 std = 0.2749 fraction = 0.2741
	model time = 28.36 seconds, data time = 21.82 seconds
EPOCH 55 starting
EPOCH 55 finished in 53.179 seconds with lr = 1.00e-06:
	loss = 0.25698, accuracy = 0.8755 (best=0.8755)
	val accuracy = 0.8595 (best=0.8637)
	class 0: mean = 0.1143 std = 0.1930 fraction = 0.7273
	class 1: mean = 0.6970 std = 0.2752 fraction = 0.2727
	model time = 28.40 seconds, data time = 21.74 seconds
EPOCH 56 starting
EPOCH 56 finished in 53.381 seconds with lr = 1.00e-06:
	loss = 0.25549, accuracy = 0.8770 (best=0.8770)
	val accuracy = 0.8572 (best=0.8637)
	class 0: mean = 0.1130 std = 0.1922 fraction = 0.7276
	class 1: mean = 0.6980 std = 0.2764 fraction = 0.2724
	model time = 28.52 seconds, data time = 21.81 seconds
EPOCH 57 starting
EPOCH 57 finished in 53.196 seconds with lr = 1.00e-06:
	loss = 0.25702, accuracy = 0.8750 (best=0.8770)
	val accuracy = 0.8613 (best=0.8637)
	class 0: mean = 0.1143 std = 0.1934 fraction = 0.7272
	class 1: mean = 0.6968 std = 0.2745 fraction = 0.2728
	model time = 28.40 seconds, data time = 21.75 seconds
EPOCH 58 starting
EPOCH 58 finished in 53.188 seconds with lr = 1.00e-06:
	loss = 0.25534, accuracy = 0.8759 (best=0.8770)
	val accuracy = 0.8603 (best=0.8637)
	class 0: mean = 0.1130 std = 0.1916 fraction = 0.7285
	class 1: mean = 0.6958 std = 0.2761 fraction = 0.2715
	model time = 28.40 seconds, data time = 21.74 seconds
EPOCH 59 starting
EPOCH 59 finished in 53.304 seconds with lr = 1.00e-06:
	loss = 0.25819, accuracy = 0.8744 (best=0.8770)
	val accuracy = 0.8520 (best=0.8637)
	class 0: mean = 0.1143 std = 0.1937 fraction = 0.7252
	class 1: mean = 0.6964 std = 0.2746 fraction = 0.2748
	model time = 28.39 seconds, data time = 21.83 seconds
EPOCH 60 starting
EPOCH 60 finished in 53.263 seconds with lr = 1.00e-06:
	loss = 0.25787, accuracy = 0.8746 (best=0.8770)
	val accuracy = 0.8575 (best=0.8637)
	class 0: mean = 0.1149 std = 0.1943 fraction = 0.7258
	class 1: mean = 0.6978 std = 0.2752 fraction = 0.2742
	model time = 28.44 seconds, data time = 21.76 seconds
EPOCH 61 starting
EPOCH 61 finished in 53.500 seconds with lr = 1.00e-06:
	loss = 0.25544, accuracy = 0.8761 (best=0.8770)
	val accuracy = 0.8550 (best=0.8637)
	class 0: mean = 0.1132 std = 0.1928 fraction = 0.7285
	class 1: mean = 0.6973 std = 0.2750 fraction = 0.2715
	model time = 28.54 seconds, data time = 21.89 seconds
EPOCH 62 starting
EPOCH 62 finished in 53.420 seconds with lr = 1.00e-06:
	loss = 0.25699, accuracy = 0.8764 (best=0.8770)
	val accuracy = 0.8545 (best=0.8637)
	class 0: mean = 0.1135 std = 0.1929 fraction = 0.7270
	class 1: mean = 0.6968 std = 0.2753 fraction = 0.2730
	model time = 28.54 seconds, data time = 21.80 seconds
EPOCH 63 starting
EPOCH 63 finished in 53.444 seconds with lr = 1.00e-06:
	loss = 0.25767, accuracy = 0.8753 (best=0.8770)
	val accuracy = 0.8547 (best=0.8637)
	class 0: mean = 0.1141 std = 0.1937 fraction = 0.7260
	class 1: mean = 0.6970 std = 0.2748 fraction = 0.2740
	model time = 28.55 seconds, data time = 21.82 seconds
EPOCH 64 starting
EPOCH 64 finished in 53.545 seconds with lr = 1.00e-06:
	loss = 0.25510, accuracy = 0.8763 (best=0.8770)
	val accuracy = 0.8561 (best=0.8637)
	class 0: mean = 0.1129 std = 0.1927 fraction = 0.7277
	class 1: mean = 0.6977 std = 0.2742 fraction = 0.2723
	model time = 28.52 seconds, data time = 21.95 seconds
EPOCH 65 starting
EPOCH 65 finished in 53.275 seconds with lr = 1.00e-06:
	loss = 0.25638, accuracy = 0.8754 (best=0.8770)
	val accuracy = 0.8533 (best=0.8637)
	class 0: mean = 0.1140 std = 0.1938 fraction = 0.7266
	class 1: mean = 0.6987 std = 0.2745 fraction = 0.2734
	model time = 28.45 seconds, data time = 21.75 seconds
EPOCH 66 starting
EPOCH 66 finished in 53.151 seconds with lr = 1.00e-06:
	loss = 0.25766, accuracy = 0.8746 (best=0.8770)
	val accuracy = 0.8526 (best=0.8637)
	class 0: mean = 0.1143 std = 0.1934 fraction = 0.7264
	class 1: mean = 0.6966 std = 0.2748 fraction = 0.2736
	model time = 28.35 seconds, data time = 21.74 seconds
EPOCH 67 starting
EPOCH 67 finished in 53.268 seconds with lr = 1.00e-06:
	loss = 0.25488, accuracy = 0.8766 (best=0.8770)
	val accuracy = 0.8572 (best=0.8637)
	class 0: mean = 0.1129 std = 0.1928 fraction = 0.7284
	class 1: mean = 0.6978 std = 0.2741 fraction = 0.2716
	model time = 28.47 seconds, data time = 21.74 seconds
EPOCH 68 starting
EPOCH 68 finished in 53.168 seconds with lr = 1.00e-06:
	loss = 0.25666, accuracy = 0.8747 (best=0.8770)
	val accuracy = 0.8553 (best=0.8637)
	class 0: mean = 0.1136 std = 0.1941 fraction = 0.7269
	class 1: mean = 0.6973 std = 0.2737 fraction = 0.2731
	model time = 28.34 seconds, data time = 21.77 seconds
EPOCH 69 starting
EPOCH 69 finished in 53.178 seconds with lr = 1.00e-06:
	loss = 0.25716, accuracy = 0.8765 (best=0.8770)
	val accuracy = 0.8561 (best=0.8637)
	class 0: mean = 0.1137 std = 0.1925 fraction = 0.7284
	class 1: mean = 0.6957 std = 0.2753 fraction = 0.2716
	model time = 28.34 seconds, data time = 21.78 seconds
EPOCH 70 starting
EPOCH 70 finished in 53.147 seconds with lr = 1.00e-06:
	loss = 0.25740, accuracy = 0.8752 (best=0.8770)
	val accuracy = 0.8572 (best=0.8637)
	class 0: mean = 0.1138 std = 0.1933 fraction = 0.7274
	class 1: mean = 0.6957 std = 0.2756 fraction = 0.2726
	model time = 28.33 seconds, data time = 21.76 seconds
EPOCH 71 starting
EPOCH 71 finished in 53.196 seconds with lr = 1.00e-06:
	loss = 0.25738, accuracy = 0.8754 (best=0.8770)
	val accuracy = 0.8570 (best=0.8637)
	class 0: mean = 0.1141 std = 0.1938 fraction = 0.7263
	class 1: mean = 0.6968 std = 0.2740 fraction = 0.2737
	model time = 28.34 seconds, data time = 21.79 seconds
EPOCH 72 starting
EPOCH 72 finished in 53.134 seconds with lr = 1.00e-06:
	loss = 0.25667, accuracy = 0.8760 (best=0.8770)
	val accuracy = 0.8589 (best=0.8637)
	class 0: mean = 0.1136 std = 0.1926 fraction = 0.7273
	class 1: mean = 0.6974 std = 0.2754 fraction = 0.2727
	model time = 28.34 seconds, data time = 21.74 seconds
EPOCH 73 starting
EPOCH 73 finished in 53.175 seconds with lr = 1.00e-06:
	loss = 0.25681, accuracy = 0.8759 (best=0.8770)
	val accuracy = 0.8557 (best=0.8637)
	class 0: mean = 0.1138 std = 0.1930 fraction = 0.7265
	class 1: mean = 0.6982 std = 0.2749 fraction = 0.2735
	model time = 28.34 seconds, data time = 21.78 seconds
EPOCH 74 starting
EPOCH 74 finished in 53.026 seconds with lr = 1.00e-06:
	loss = 0.25367, accuracy = 0.8776 (best=0.8776)
	val accuracy = 0.8595 (best=0.8637)
	class 0: mean = 0.1126 std = 0.1923 fraction = 0.7270
	class 1: mean = 0.6997 std = 0.2741 fraction = 0.2730
	model time = 28.27 seconds, data time = 21.71 seconds
EPOCH 75 starting
EPOCH 75 finished in 53.040 seconds with lr = 1.00e-06:
	loss = 0.25515, accuracy = 0.8772 (best=0.8776)
	val accuracy = 0.8562 (best=0.8637)
	class 0: mean = 0.1129 std = 0.1925 fraction = 0.7280
	class 1: mean = 0.6989 std = 0.2753 fraction = 0.2720
	model time = 28.24 seconds, data time = 21.76 seconds
