Saving console output to jobs/logs/distance3_ibm_dem_real_baseline_console.log
  jobs/dist3/job_d3_T10_shots100000_d7b87q15a5qc73dn58rg_.json  -> train=70000, val=10000, test=20000
  jobs/dist3/job_d777qp46ji0c738cgnbg_d3_T10_shots100000.json  -> train=90000, val=10000
Real shots - train: 160000, val: 20000, test: 20000
Calibrating DEM from 180000 shots (all train+val, test excluded)

=== Phase A: DEM fine-tune ===
Epoch 10: loss=0.2952, acc=0.8710, val_acc=0.8276 (c0=0.932, c1=0.556, n1/N=0.28), LFR/rd=1.87%
Epoch 20: loss=0.2855, acc=0.8758, val_acc=0.8255 (c0=0.922, c1=0.588, n1/N=0.29), LFR/rd=1.90%
Epoch 30: loss=0.2855, acc=0.8762, val_acc=0.8313 (c0=0.930, c1=0.570, n1/N=0.28), LFR/rd=1.83%
Epoch 40: loss=0.2847, acc=0.8767, val_acc=0.8323 (c0=0.924, c1=0.570, n1/N=0.26), LFR/rd=1.82%
Early stop at epoch 46: no improvement for 20 epochs (best=0.8370).

=== Phase B: real-data fine-tune ===
Epoch 10: loss=0.2818, acc=0.8572, val_acc=0.8495 (c0=0.923, c1=0.647, n1/N=0.27), LFR/rd=1.62%
Epoch 20: loss=0.2780, acc=0.8603, val_acc=0.8620 (c0=0.919, c1=0.706, n1/N=0.27), LFR/rd=1.47%
Epoch 30: loss=0.2811, acc=0.8589, val_acc=0.8615 (c0=0.936, c1=0.658, n1/N=0.27), LFR/rd=1.48%
Early stop at epoch 35: no improvement for 30 epochs (best=0.8703).

Real test:
 acc = 0.8546  (c0=0.9184, c1=0.6815)
 shots = 20000  (class-0: 14612, class-1: 5388)
 P_L = 0.1454
 LFR/round = 0.0156  (1 - acc^(1/T) with T=10)
