Training with t = [99], dt = 2, distance = 3
EPOCH 1 starting
EPOCH 1 finished in 8.054 seconds with lr = 1.00e-04:
	loss = 0.38393, accuracy = 0.8295 (0.8295)
	class 0: mean = 0.1606 std = 0.1919 fraction = 0.7413
	class 1: mean = 0.5477 std = 0.2873 fraction = 0.2587
	model time = 3.48 seconds, data time = 3.59 seconds
EPOCH 2 starting
EPOCH 2 finished in 7.381 seconds with lr = 9.50e-05:
	loss = 0.32793, accuracy = 0.8557 (0.8557)
	class 0: mean = 0.1380 std = 0.1823 fraction = 0.7410
	class 1: mean = 0.6047 std = 0.2998 fraction = 0.2590
	model time = 3.09 seconds, data time = 3.34 seconds
EPOCH 3 starting
EPOCH 3 finished in 7.362 seconds with lr = 9.02e-05:
	loss = 0.31636, accuracy = 0.8623 (0.8623)
	class 0: mean = 0.1333 std = 0.1807 fraction = 0.7423
	class 1: mean = 0.6157 std = 0.2986 fraction = 0.2577
	model time = 3.07 seconds, data time = 3.34 seconds
EPOCH 4 starting
EPOCH 4 finished in 7.422 seconds with lr = 8.57e-05:
	loss = 0.30174, accuracy = 0.8684 (0.8684)
	class 0: mean = 0.1263 std = 0.1796 fraction = 0.7472
	class 1: mean = 0.6313 std = 0.3024 fraction = 0.2528
	model time = 3.11 seconds, data time = 3.36 seconds
EPOCH 5 starting
EPOCH 5 finished in 7.942 seconds with lr = 8.15e-05:
	loss = 0.30370, accuracy = 0.8672 (0.8684)
	class 0: mean = 0.1274 std = 0.1825 fraction = 0.7394
	class 1: mean = 0.6361 std = 0.2990 fraction = 0.2606
	model time = 3.39 seconds, data time = 3.50 seconds
EPOCH 6 starting
EPOCH 6 finished in 7.869 seconds with lr = 7.74e-05:
	loss = 0.29751, accuracy = 0.8727 (0.8727)
	class 0: mean = 0.1241 std = 0.1817 fraction = 0.7446
	class 1: mean = 0.6411 std = 0.3000 fraction = 0.2554
	model time = 3.39 seconds, data time = 3.50 seconds
EPOCH 7 starting
EPOCH 7 finished in 7.356 seconds with lr = 7.35e-05:
	loss = 0.29624, accuracy = 0.8695 (0.8727)
	class 0: mean = 0.1233 std = 0.1819 fraction = 0.7430
	class 1: mean = 0.6425 std = 0.3001 fraction = 0.2570
	model time = 3.06 seconds, data time = 3.34 seconds
EPOCH 8 starting
EPOCH 8 finished in 7.375 seconds with lr = 6.98e-05:
	loss = 0.29417, accuracy = 0.8731 (0.8731)
	class 0: mean = 0.1235 std = 0.1826 fraction = 0.7386
	class 1: mean = 0.6499 std = 0.2971 fraction = 0.2614
	model time = 3.07 seconds, data time = 3.34 seconds
EPOCH 9 starting
EPOCH 9 finished in 7.489 seconds with lr = 6.63e-05:
	loss = 0.29402, accuracy = 0.8723 (0.8731)
	class 0: mean = 0.1230 std = 0.1826 fraction = 0.7418
	class 1: mean = 0.6477 std = 0.2999 fraction = 0.2582
	model time = 3.15 seconds, data time = 3.37 seconds
EPOCH 10 starting
EPOCH 10 finished in 7.353 seconds with lr = 6.30e-05:
	loss = 0.29447, accuracy = 0.8736 (0.8736)
	class 0: mean = 0.1217 std = 0.1804 fraction = 0.7418
	class 1: mean = 0.6465 std = 0.3007 fraction = 0.2582
	model time = 3.05 seconds, data time = 3.35 seconds
EPOCH 11 starting
EPOCH 11 finished in 7.349 seconds with lr = 5.99e-05:
	loss = 0.29115, accuracy = 0.8738 (0.8738)
	class 0: mean = 0.1226 std = 0.1817 fraction = 0.7385
	class 1: mean = 0.6548 std = 0.2988 fraction = 0.2615
	model time = 3.05 seconds, data time = 3.35 seconds
EPOCH 12 starting
EPOCH 12 finished in 7.311 seconds with lr = 5.69e-05:
	loss = 0.29016, accuracy = 0.8747 (0.8747)
	class 0: mean = 0.1206 std = 0.1804 fraction = 0.7397
	class 1: mean = 0.6554 std = 0.3033 fraction = 0.2603
	model time = 3.03 seconds, data time = 3.33 seconds
EPOCH 13 starting
EPOCH 13 finished in 7.313 seconds with lr = 5.40e-05:
	loss = 0.28287, accuracy = 0.8770 (0.8770)
	class 0: mean = 0.1188 std = 0.1809 fraction = 0.7439
	class 1: mean = 0.6598 std = 0.2992 fraction = 0.2561
	model time = 3.04 seconds, data time = 3.33 seconds
EPOCH 14 starting
EPOCH 14 finished in 7.307 seconds with lr = 5.13e-05:
	loss = 0.28525, accuracy = 0.8773 (0.8773)
	class 0: mean = 0.1182 std = 0.1818 fraction = 0.7390
	class 1: mean = 0.6612 std = 0.2983 fraction = 0.2610
	model time = 3.03 seconds, data time = 3.33 seconds
EPOCH 15 starting
EPOCH 15 finished in 7.380 seconds with lr = 4.88e-05:
	loss = 0.28532, accuracy = 0.8766 (0.8773)
	class 0: mean = 0.1186 std = 0.1796 fraction = 0.7460
	class 1: mean = 0.6554 std = 0.3029 fraction = 0.2540
	model time = 3.08 seconds, data time = 3.35 seconds
EPOCH 16 starting
EPOCH 16 finished in 7.363 seconds with lr = 4.63e-05:
	loss = 0.28662, accuracy = 0.8785 (0.8785)
	class 0: mean = 0.1196 std = 0.1792 fraction = 0.7417
	class 1: mean = 0.6564 std = 0.3007 fraction = 0.2583
	model time = 3.07 seconds, data time = 3.35 seconds
EPOCH 17 starting
EPOCH 17 finished in 7.373 seconds with lr = 4.40e-05:
	loss = 0.28571, accuracy = 0.8771 (0.8785)
	class 0: mean = 0.1187 std = 0.1801 fraction = 0.7393
	class 1: mean = 0.6612 std = 0.3014 fraction = 0.2607
	model time = 3.07 seconds, data time = 3.35 seconds
EPOCH 18 starting
EPOCH 18 finished in 7.380 seconds with lr = 4.18e-05:
	loss = 0.28206, accuracy = 0.8787 (0.8787)
	class 0: mean = 0.1186 std = 0.1815 fraction = 0.7393
	class 1: mean = 0.6665 std = 0.2992 fraction = 0.2607
	model time = 3.08 seconds, data time = 3.34 seconds
EPOCH 19 starting
EPOCH 19 finished in 7.366 seconds with lr = 3.97e-05:
	loss = 0.28420, accuracy = 0.8772 (0.8787)
	class 0: mean = 0.1189 std = 0.1818 fraction = 0.7416
	class 1: mean = 0.6619 std = 0.3003 fraction = 0.2584
	model time = 3.06 seconds, data time = 3.35 seconds
EPOCH 20 starting
EPOCH 20 finished in 7.355 seconds with lr = 3.77e-05:
	loss = 0.28139, accuracy = 0.8767 (0.8787)
	class 0: mean = 0.1174 std = 0.1816 fraction = 0.7391
	class 1: mean = 0.6627 std = 0.2965 fraction = 0.2609
	model time = 3.05 seconds, data time = 3.34 seconds
EPOCH 21 starting
EPOCH 21 finished in 7.404 seconds with lr = 3.58e-05:
	loss = 0.28095, accuracy = 0.8795 (0.8795)
	class 0: mean = 0.1167 std = 0.1810 fraction = 0.7414
	class 1: mean = 0.6648 std = 0.2973 fraction = 0.2586
	model time = 3.09 seconds, data time = 3.35 seconds
EPOCH 22 starting
EPOCH 22 finished in 7.470 seconds with lr = 3.41e-05:
	loss = 0.28114, accuracy = 0.8778 (0.8795)
	class 0: mean = 0.1164 std = 0.1804 fraction = 0.7426
	class 1: mean = 0.6633 std = 0.3011 fraction = 0.2574
	model time = 3.14 seconds, data time = 3.37 seconds
EPOCH 23 starting
EPOCH 23 finished in 7.334 seconds with lr = 3.24e-05:
	loss = 0.27944, accuracy = 0.8801 (0.8801)
	class 0: mean = 0.1168 std = 0.1799 fraction = 0.7424
	class 1: mean = 0.6672 std = 0.3001 fraction = 0.2576
	model time = 3.05 seconds, data time = 3.34 seconds
EPOCH 24 starting
EPOCH 24 finished in 7.334 seconds with lr = 3.07e-05:
	loss = 0.27855, accuracy = 0.8801 (0.8801)
	class 0: mean = 0.1155 std = 0.1801 fraction = 0.7419
	class 1: mean = 0.6662 std = 0.2995 fraction = 0.2581
	model time = 3.05 seconds, data time = 3.34 seconds
EPOCH 25 starting
EPOCH 25 finished in 7.311 seconds with lr = 2.92e-05:
	loss = 0.28156, accuracy = 0.8772 (0.8801)
	class 0: mean = 0.1181 std = 0.1830 fraction = 0.7399
	class 1: mean = 0.6659 std = 0.2964 fraction = 0.2601
	model time = 3.03 seconds, data time = 3.33 seconds
EPOCH 26 starting
EPOCH 26 finished in 7.327 seconds with lr = 2.77e-05:
	loss = 0.27771, accuracy = 0.8797 (0.8801)
	class 0: mean = 0.1169 std = 0.1820 fraction = 0.7426
	class 1: mean = 0.6683 std = 0.2974 fraction = 0.2574
	model time = 3.04 seconds, data time = 3.33 seconds
EPOCH 27 starting
EPOCH 27 finished in 7.354 seconds with lr = 2.64e-05:
	loss = 0.27926, accuracy = 0.8788 (0.8801)
	class 0: mean = 0.1151 std = 0.1797 fraction = 0.7439
	class 1: mean = 0.6627 std = 0.2999 fraction = 0.2561
	model time = 3.06 seconds, data time = 3.33 seconds
EPOCH 28 starting
EPOCH 28 finished in 7.360 seconds with lr = 2.50e-05:
	loss = 0.27504, accuracy = 0.8810 (0.8810)
	class 0: mean = 0.1157 std = 0.1813 fraction = 0.7391
	class 1: mean = 0.6748 std = 0.2972 fraction = 0.2609
	model time = 3.06 seconds, data time = 3.34 seconds
EPOCH 29 starting
EPOCH 29 finished in 7.385 seconds with lr = 2.38e-05:
	loss = 0.28180, accuracy = 0.8789 (0.8810)
	class 0: mean = 0.1170 std = 0.1807 fraction = 0.7408
	class 1: mean = 0.6645 std = 0.2986 fraction = 0.2592
	model time = 3.08 seconds, data time = 3.35 seconds
EPOCH 30 starting
EPOCH 30 finished in 7.395 seconds with lr = 2.26e-05:
	loss = 0.27845, accuracy = 0.8799 (0.8810)
	class 0: mean = 0.1156 std = 0.1815 fraction = 0.7397
	class 1: mean = 0.6719 std = 0.2983 fraction = 0.2603
	model time = 3.09 seconds, data time = 3.35 seconds
EPOCH 31 starting
EPOCH 31 finished in 7.365 seconds with lr = 2.15e-05:
	loss = 0.27962, accuracy = 0.8796 (0.8810)
	class 0: mean = 0.1163 std = 0.1799 fraction = 0.7432
	class 1: mean = 0.6644 std = 0.2999 fraction = 0.2568
	model time = 3.06 seconds, data time = 3.35 seconds
EPOCH 32 starting
EPOCH 32 finished in 7.474 seconds with lr = 2.04e-05:
	loss = 0.27605, accuracy = 0.8824 (0.8824)
	class 0: mean = 0.1149 std = 0.1784 fraction = 0.7417
	class 1: mean = 0.6689 std = 0.2997 fraction = 0.2583
	model time = 3.14 seconds, data time = 3.37 seconds
EPOCH 33 starting
EPOCH 33 finished in 7.357 seconds with lr = 1.94e-05:
	loss = 0.27646, accuracy = 0.8798 (0.8824)
	class 0: mean = 0.1161 std = 0.1833 fraction = 0.7393
	class 1: mean = 0.6730 std = 0.2949 fraction = 0.2607
	model time = 3.06 seconds, data time = 3.34 seconds
EPOCH 34 starting
EPOCH 34 finished in 7.349 seconds with lr = 1.84e-05:
	loss = 0.27728, accuracy = 0.8806 (0.8824)
	class 0: mean = 0.1143 std = 0.1804 fraction = 0.7408
	class 1: mean = 0.6690 std = 0.2991 fraction = 0.2592
	model time = 3.06 seconds, data time = 3.34 seconds
EPOCH 35 starting
EPOCH 35 finished in 7.333 seconds with lr = 1.75e-05:
	loss = 0.27691, accuracy = 0.8799 (0.8824)
	class 0: mean = 0.1149 std = 0.1799 fraction = 0.7397
	class 1: mean = 0.6713 std = 0.2997 fraction = 0.2603
	model time = 3.04 seconds, data time = 3.34 seconds
EPOCH 36 starting
EPOCH 36 finished in 7.321 seconds with lr = 1.66e-05:
	loss = 0.27146, accuracy = 0.8826 (0.8826)
	class 0: mean = 0.1139 std = 0.1791 fraction = 0.7428
	class 1: mean = 0.6738 std = 0.2985 fraction = 0.2572
	model time = 3.04 seconds, data time = 3.33 seconds
EPOCH 37 starting
EPOCH 37 finished in 7.320 seconds with lr = 1.58e-05:
	loss = 0.27164, accuracy = 0.8846 (0.8846)
	class 0: mean = 0.1124 std = 0.1790 fraction = 0.7423
	class 1: mean = 0.6769 std = 0.2994 fraction = 0.2577
	model time = 3.04 seconds, data time = 3.33 seconds
EPOCH 38 starting
EPOCH 38 finished in 7.390 seconds with lr = 1.50e-05:
	loss = 0.27935, accuracy = 0.8798 (0.8846)
	class 0: mean = 0.1164 std = 0.1804 fraction = 0.7381
	class 1: mean = 0.6698 std = 0.2996 fraction = 0.2619
	model time = 3.08 seconds, data time = 3.35 seconds
EPOCH 39 starting
EPOCH 39 finished in 7.335 seconds with lr = 1.42e-05:
	loss = 0.27828, accuracy = 0.8790 (0.8846)
	class 0: mean = 0.1170 std = 0.1810 fraction = 0.7375
	class 1: mean = 0.6733 std = 0.2987 fraction = 0.2625
	model time = 3.04 seconds, data time = 3.34 seconds
Training with t = [99], dt = 2, distance = 3
EPOCH 1 starting
EPOCH 1 finished in 21.486 seconds with lr = 1.00e-04:
	loss = 0.29779, accuracy = 0.8504 (0.8504)
	class 0: mean = 0.1313 std = 0.1961 fraction = 0.7300
	class 1: mean = 0.6462 std = 0.2810 fraction = 0.2700
	model time = 11.37 seconds, data time = 8.72 seconds
EPOCH 2 starting
EPOCH 2 finished in 21.380 seconds with lr = 9.50e-05:
	loss = 0.28676, accuracy = 0.8549 (0.8549)
	class 0: mean = 0.1273 std = 0.1976 fraction = 0.7287
	class 1: mean = 0.6578 std = 0.2763 fraction = 0.2713
	model time = 11.30 seconds, data time = 8.68 seconds
EPOCH 3 starting
EPOCH 3 finished in 21.347 seconds with lr = 9.02e-05:
	loss = 0.28255, accuracy = 0.8581 (0.8581)
	class 0: mean = 0.1257 std = 0.1981 fraction = 0.7273
	class 1: mean = 0.6667 std = 0.2761 fraction = 0.2727
	model time = 11.25 seconds, data time = 8.70 seconds
EPOCH 4 starting
EPOCH 4 finished in 21.391 seconds with lr = 8.57e-05:
	loss = 0.27788, accuracy = 0.8605 (0.8605)
	class 0: mean = 0.1231 std = 0.1952 fraction = 0.7292
	class 1: mean = 0.6673 std = 0.2786 fraction = 0.2708
	model time = 11.29 seconds, data time = 8.71 seconds
EPOCH 5 starting
EPOCH 5 finished in 21.481 seconds with lr = 8.15e-05:
	loss = 0.27492, accuracy = 0.8605 (0.8605)
	class 0: mean = 0.1231 std = 0.1975 fraction = 0.7244
	class 1: mean = 0.6778 std = 0.2761 fraction = 0.2756
	model time = 11.38 seconds, data time = 8.71 seconds
EPOCH 6 starting
EPOCH 6 finished in 21.288 seconds with lr = 7.74e-05:
	loss = 0.27285, accuracy = 0.8640 (0.8640)
	class 0: mean = 0.1211 std = 0.1956 fraction = 0.7265
	class 1: mean = 0.6781 std = 0.2780 fraction = 0.2735
	model time = 11.22 seconds, data time = 8.67 seconds
EPOCH 7 starting
EPOCH 7 finished in 21.370 seconds with lr = 7.35e-05:
	loss = 0.27133, accuracy = 0.8655 (0.8655)
	class 0: mean = 0.1195 std = 0.1940 fraction = 0.7308
	class 1: mean = 0.6749 std = 0.2794 fraction = 0.2692
	model time = 11.28 seconds, data time = 8.71 seconds
EPOCH 8 starting
EPOCH 8 finished in 21.251 seconds with lr = 6.98e-05:
	loss = 0.27131, accuracy = 0.8642 (0.8655)
	class 0: mean = 0.1206 std = 0.1966 fraction = 0.7278
	class 1: mean = 0.6787 std = 0.2756 fraction = 0.2722
	model time = 11.19 seconds, data time = 8.67 seconds
EPOCH 9 starting
EPOCH 9 finished in 21.245 seconds with lr = 6.63e-05:
	loss = 0.27220, accuracy = 0.8645 (0.8655)
	class 0: mean = 0.1207 std = 0.1969 fraction = 0.7287
	class 1: mean = 0.6762 std = 0.2751 fraction = 0.2713
	model time = 11.19 seconds, data time = 8.66 seconds
EPOCH 10 starting
EPOCH 10 finished in 21.365 seconds with lr = 6.30e-05:
	loss = 0.27172, accuracy = 0.8651 (0.8655)
	class 0: mean = 0.1199 std = 0.1953 fraction = 0.7271
	class 1: mean = 0.6788 std = 0.2775 fraction = 0.2729
	model time = 11.29 seconds, data time = 8.68 seconds
EPOCH 11 starting
EPOCH 11 finished in 21.296 seconds with lr = 5.99e-05:
	loss = 0.26925, accuracy = 0.8670 (0.8670)
	class 0: mean = 0.1198 std = 0.1961 fraction = 0.7279
	class 1: mean = 0.6817 std = 0.2754 fraction = 0.2721
	model time = 11.25 seconds, data time = 8.66 seconds
EPOCH 12 starting
EPOCH 12 finished in 21.259 seconds with lr = 5.69e-05:
	loss = 0.26347, accuracy = 0.8705 (0.8705)
	class 0: mean = 0.1170 std = 0.1944 fraction = 0.7263
	class 1: mean = 0.6904 std = 0.2769 fraction = 0.2737
	model time = 11.24 seconds, data time = 8.64 seconds
EPOCH 13 starting
EPOCH 13 finished in 21.293 seconds with lr = 5.40e-05:
	loss = 0.26282, accuracy = 0.8710 (0.8710)
	class 0: mean = 0.1164 std = 0.1933 fraction = 0.7279
	class 1: mean = 0.6885 std = 0.2775 fraction = 0.2721
	model time = 11.25 seconds, data time = 8.66 seconds
EPOCH 14 starting
EPOCH 14 finished in 21.439 seconds with lr = 5.13e-05:
	loss = 0.25924, accuracy = 0.8733 (0.8733)
	class 0: mean = 0.1144 std = 0.1934 fraction = 0.7290
	class 1: mean = 0.6926 std = 0.2768 fraction = 0.2710
	model time = 11.34 seconds, data time = 8.67 seconds
EPOCH 15 starting
EPOCH 15 finished in 21.468 seconds with lr = 4.88e-05:
	loss = 0.25853, accuracy = 0.8737 (0.8737)
	class 0: mean = 0.1141 std = 0.1915 fraction = 0.7288
	class 1: mean = 0.6918 std = 0.2782 fraction = 0.2712
	model time = 11.37 seconds, data time = 8.70 seconds
EPOCH 16 starting
EPOCH 16 finished in 22.196 seconds with lr = 4.63e-05:
	loss = 0.25307, accuracy = 0.8775 (0.8775)
	class 0: mean = 0.1115 std = 0.1912 fraction = 0.7267
	class 1: mean = 0.7031 std = 0.2771 fraction = 0.2733
	model time = 11.81 seconds, data time = 8.89 seconds
EPOCH 17 starting
EPOCH 17 finished in 21.906 seconds with lr = 4.40e-05:
	loss = 0.25241, accuracy = 0.8787 (0.8787)
	class 0: mean = 0.1111 std = 0.1910 fraction = 0.7307
	class 1: mean = 0.7007 std = 0.2769 fraction = 0.2693
	model time = 11.67 seconds, data time = 8.83 seconds
EPOCH 18 starting
EPOCH 18 finished in 21.457 seconds with lr = 4.18e-05:
	loss = 0.25727, accuracy = 0.8770 (0.8787)
	class 0: mean = 0.1133 std = 0.1925 fraction = 0.7282
	class 1: mean = 0.6966 std = 0.2767 fraction = 0.2718
	model time = 11.36 seconds, data time = 8.70 seconds
EPOCH 19 starting
EPOCH 19 finished in 21.392 seconds with lr = 3.97e-05:
	loss = 0.25386, accuracy = 0.8791 (0.8791)
	class 0: mean = 0.1118 std = 0.1917 fraction = 0.7283
	class 1: mean = 0.6999 std = 0.2762 fraction = 0.2717
	model time = 11.35 seconds, data time = 8.66 seconds
EPOCH 20 starting
EPOCH 20 finished in 21.407 seconds with lr = 3.77e-05:
	loss = 0.24947, accuracy = 0.8816 (0.8816)
	class 0: mean = 0.1097 std = 0.1895 fraction = 0.7285
	class 1: mean = 0.7054 std = 0.2771 fraction = 0.2715
	model time = 11.31 seconds, data time = 8.69 seconds
EPOCH 21 starting
EPOCH 21 finished in 21.371 seconds with lr = 3.58e-05:
	loss = 0.24826, accuracy = 0.8798 (0.8816)
	class 0: mean = 0.1095 std = 0.1900 fraction = 0.7292
	class 1: mean = 0.7056 std = 0.2772 fraction = 0.2708
	model time = 11.31 seconds, data time = 8.67 seconds
EPOCH 22 starting
EPOCH 22 finished in 21.554 seconds with lr = 3.41e-05:
	loss = 0.25180, accuracy = 0.8806 (0.8816)
	class 0: mean = 0.1106 std = 0.1906 fraction = 0.7280
	class 1: mean = 0.7034 std = 0.2773 fraction = 0.2720
	model time = 11.42 seconds, data time = 8.72 seconds
EPOCH 23 starting
EPOCH 23 finished in 21.279 seconds with lr = 3.24e-05:
	loss = 0.24718, accuracy = 0.8836 (0.8836)
	class 0: mean = 0.1087 std = 0.1914 fraction = 0.7283
	class 1: mean = 0.7092 std = 0.2731 fraction = 0.2717
	model time = 11.23 seconds, data time = 8.66 seconds
EPOCH 24 starting
EPOCH 24 finished in 21.375 seconds with lr = 3.07e-05:
	loss = 0.24779, accuracy = 0.8821 (0.8836)
	class 0: mean = 0.1092 std = 0.1915 fraction = 0.7280
	class 1: mean = 0.7087 std = 0.2739 fraction = 0.2720
	model time = 11.30 seconds, data time = 8.68 seconds
EPOCH 25 starting
EPOCH 25 finished in 21.454 seconds with lr = 2.92e-05:
	loss = 0.24773, accuracy = 0.8819 (0.8836)
	class 0: mean = 0.1099 std = 0.1905 fraction = 0.7265
	class 1: mean = 0.7087 std = 0.2746 fraction = 0.2735
	model time = 11.36 seconds, data time = 8.70 seconds
EPOCH 26 starting
EPOCH 26 finished in 21.470 seconds with lr = 2.77e-05:
	loss = 0.24561, accuracy = 0.8855 (0.8855)
	class 0: mean = 0.1076 std = 0.1883 fraction = 0.7266
	class 1: mean = 0.7128 std = 0.2775 fraction = 0.2734
	model time = 11.35 seconds, data time = 8.71 seconds
EPOCH 27 starting
EPOCH 27 finished in 21.262 seconds with lr = 2.64e-05:
	loss = 0.24389, accuracy = 0.8853 (0.8855)
	class 0: mean = 0.1066 std = 0.1878 fraction = 0.7312
	class 1: mean = 0.7106 std = 0.2778 fraction = 0.2688
	model time = 11.22 seconds, data time = 8.66 seconds
EPOCH 28 starting
EPOCH 28 finished in 21.396 seconds with lr = 2.50e-05:
	loss = 0.23710, accuracy = 0.8891 (0.8891)
	class 0: mean = 0.1039 std = 0.1862 fraction = 0.7314
	class 1: mean = 0.7164 std = 0.2750 fraction = 0.2686
	model time = 11.33 seconds, data time = 8.68 seconds
EPOCH 29 starting
EPOCH 29 finished in 21.526 seconds with lr = 2.38e-05:
	loss = 0.24103, accuracy = 0.8878 (0.8891)
	class 0: mean = 0.1058 std = 0.1884 fraction = 0.7266
	class 1: mean = 0.7185 std = 0.2741 fraction = 0.2734
	model time = 11.40 seconds, data time = 8.73 seconds
EPOCH 30 starting
EPOCH 30 finished in 21.315 seconds with lr = 2.26e-05:
	loss = 0.23766, accuracy = 0.8896 (0.8896)
	class 0: mean = 0.1032 std = 0.1856 fraction = 0.7308
	class 1: mean = 0.7193 std = 0.2771 fraction = 0.2692
	model time = 11.24 seconds, data time = 8.68 seconds
EPOCH 31 starting
EPOCH 31 finished in 21.374 seconds with lr = 2.15e-05:
	loss = 0.23914, accuracy = 0.8907 (0.8907)
	class 0: mean = 0.1040 std = 0.1864 fraction = 0.7301
	class 1: mean = 0.7181 std = 0.2756 fraction = 0.2699
	model time = 11.29 seconds, data time = 8.69 seconds
EPOCH 32 starting
EPOCH 32 finished in 21.384 seconds with lr = 2.04e-05:
	loss = 0.23786, accuracy = 0.8905 (0.8907)
	class 0: mean = 0.1043 std = 0.1883 fraction = 0.7286
	class 1: mean = 0.7208 std = 0.2726 fraction = 0.2714
	model time = 11.31 seconds, data time = 8.68 seconds
EPOCH 33 starting
EPOCH 33 finished in 21.436 seconds with lr = 1.94e-05:
	loss = 0.23713, accuracy = 0.8906 (0.8907)
	class 0: mean = 0.1033 std = 0.1874 fraction = 0.7315
	class 1: mean = 0.7212 std = 0.2740 fraction = 0.2685
	model time = 11.34 seconds, data time = 8.70 seconds
EPOCH 34 starting
EPOCH 34 finished in 21.327 seconds with lr = 1.84e-05:
	loss = 0.23396, accuracy = 0.8933 (0.8933)
	class 0: mean = 0.1020 std = 0.1859 fraction = 0.7273
	class 1: mean = 0.7249 std = 0.2726 fraction = 0.2727
	model time = 11.25 seconds, data time = 8.67 seconds
EPOCH 35 starting
EPOCH 35 finished in 21.304 seconds with lr = 1.75e-05:
	loss = 0.23414, accuracy = 0.8914 (0.8933)
	class 0: mean = 0.1031 std = 0.1881 fraction = 0.7289
	class 1: mean = 0.7244 std = 0.2709 fraction = 0.2711
	model time = 11.25 seconds, data time = 8.67 seconds
EPOCH 36 starting
EPOCH 36 finished in 21.235 seconds with lr = 1.66e-05:
	loss = 0.23512, accuracy = 0.8946 (0.8946)
	class 0: mean = 0.1017 std = 0.1857 fraction = 0.7292
	class 1: mean = 0.7240 std = 0.2736 fraction = 0.2708
	model time = 11.21 seconds, data time = 8.64 seconds
EPOCH 37 starting
EPOCH 37 finished in 21.245 seconds with lr = 1.58e-05:
	loss = 0.23413, accuracy = 0.8921 (0.8946)
	class 0: mean = 0.1021 std = 0.1864 fraction = 0.7283
	class 1: mean = 0.7257 std = 0.2723 fraction = 0.2717
	model time = 11.21 seconds, data time = 8.65 seconds
EPOCH 38 starting
EPOCH 38 finished in 21.277 seconds with lr = 1.50e-05:
	loss = 0.23628, accuracy = 0.8930 (0.8946)
	class 0: mean = 0.1024 std = 0.1864 fraction = 0.7290
	class 1: mean = 0.7248 std = 0.2751 fraction = 0.2710
	model time = 11.22 seconds, data time = 8.66 seconds
EPOCH 39 starting
EPOCH 39 finished in 21.230 seconds with lr = 1.42e-05:
	loss = 0.23000, accuracy = 0.8954 (0.8954)
	class 0: mean = 0.1004 std = 0.1844 fraction = 0.7296
	class 1: mean = 0.7289 std = 0.2724 fraction = 0.2704
	model time = 11.21 seconds, data time = 8.64 seconds
EPOCH 40 starting
EPOCH 40 finished in 21.237 seconds with lr = 1.35e-05:
	loss = 0.23205, accuracy = 0.8949 (0.8954)
	class 0: mean = 0.1013 std = 0.1854 fraction = 0.7286
	class 1: mean = 0.7287 std = 0.2727 fraction = 0.2714
	model time = 11.21 seconds, data time = 8.64 seconds
EPOCH 41 starting
EPOCH 41 finished in 21.237 seconds with lr = 1.29e-05:
	loss = 0.22852, accuracy = 0.8970 (0.8970)
	class 0: mean = 0.0995 std = 0.1843 fraction = 0.7292
	class 1: mean = 0.7322 std = 0.2715 fraction = 0.2708
	model time = 11.21 seconds, data time = 8.64 seconds
EPOCH 42 starting
EPOCH 42 finished in 21.288 seconds with lr = 1.22e-05:
	loss = 0.22793, accuracy = 0.8973 (0.8973)
	class 0: mean = 0.0987 std = 0.1837 fraction = 0.7290
	class 1: mean = 0.7326 std = 0.2718 fraction = 0.2710
	model time = 11.24 seconds, data time = 8.66 seconds
EPOCH 43 starting
EPOCH 43 finished in 21.236 seconds with lr = 1.16e-05:
	loss = 0.22860, accuracy = 0.8972 (0.8973)
	class 0: mean = 0.0997 std = 0.1847 fraction = 0.7263
	class 1: mean = 0.7350 std = 0.2708 fraction = 0.2737
	model time = 11.21 seconds, data time = 8.64 seconds
EPOCH 44 starting
EPOCH 44 finished in 21.253 seconds with lr = 1.10e-05:
	loss = 0.22266, accuracy = 0.9002 (0.9002)
	class 0: mean = 0.0979 std = 0.1827 fraction = 0.7261
	class 1: mean = 0.7413 std = 0.2693 fraction = 0.2739
	model time = 11.22 seconds, data time = 8.65 seconds
EPOCH 45 starting
EPOCH 45 finished in 21.304 seconds with lr = 1.05e-05:
	loss = 0.23053, accuracy = 0.8970 (0.9002)
	class 0: mean = 0.0997 std = 0.1848 fraction = 0.7288
	class 1: mean = 0.7324 std = 0.2738 fraction = 0.2712
	model time = 11.23 seconds, data time = 8.67 seconds
