Training with t = [10], dt = 2, distance = 3, lr = 1.00e-04, weight_decay = 1.00e-05
EPOCH 1 starting
EPOCH 1 finished in 21.295 seconds with lr = 1.00e-04:
	loss = 0.34808, accuracy = 0.8464 (best=0.8464)
	val accuracy = 0.8181 (best=0.8181)
	class 0: mean = 0.1471 std = 0.1870 fraction = 0.7387
	class 1: mean = 0.5867 std = 0.2953 fraction = 0.2613
	model time = 9.71 seconds, data time = 10.50 seconds
EPOCH 2 starting
EPOCH 2 finished in 20.969 seconds with lr = 9.50e-05:
	loss = 0.30498, accuracy = 0.8680 (best=0.8680)
	val accuracy = 0.8200 (best=0.8200)
	class 0: mean = 0.1270 std = 0.1806 fraction = 0.7439
	class 1: mean = 0.6307 std = 0.3017 fraction = 0.2561
	model time = 9.44 seconds, data time = 10.40 seconds
EPOCH 3 starting
EPOCH 3 finished in 20.872 seconds with lr = 9.02e-05:
	loss = 0.29428, accuracy = 0.8721 (best=0.8721)
	val accuracy = 0.8203 (best=0.8203)
	class 0: mean = 0.1233 std = 0.1831 fraction = 0.7409
	class 1: mean = 0.6480 std = 0.2978 fraction = 0.2591
	model time = 9.43 seconds, data time = 10.32 seconds
EPOCH 4 starting
EPOCH 4 finished in 20.770 seconds with lr = 8.57e-05:
	loss = 0.28961, accuracy = 0.8744 (best=0.8744)
	val accuracy = 0.8113 (best=0.8203)
	class 0: mean = 0.1211 std = 0.1823 fraction = 0.7413
	class 1: mean = 0.6537 std = 0.2977 fraction = 0.2587
	model time = 9.43 seconds, data time = 10.21 seconds
EPOCH 5 starting
EPOCH 5 finished in 20.803 seconds with lr = 8.15e-05:
	loss = 0.28398, accuracy = 0.8767 (best=0.8767)
	val accuracy = 0.8216 (best=0.8216)
	class 0: mean = 0.1182 std = 0.1813 fraction = 0.7414
	class 1: mean = 0.6610 std = 0.2994 fraction = 0.2586
	model time = 9.43 seconds, data time = 10.24 seconds
EPOCH 6 starting
EPOCH 6 finished in 20.766 seconds with lr = 7.74e-05:
	loss = 0.28419, accuracy = 0.8765 (best=0.8767)
	val accuracy = 0.8178 (best=0.8216)
	class 0: mean = 0.1182 std = 0.1814 fraction = 0.7411
	class 1: mean = 0.6620 std = 0.2994 fraction = 0.2589
	model time = 9.43 seconds, data time = 10.21 seconds
EPOCH 7 starting
EPOCH 7 finished in 20.831 seconds with lr = 7.35e-05:
	loss = 0.27958, accuracy = 0.8795 (best=0.8795)
	val accuracy = 0.8094 (best=0.8216)
	class 0: mean = 0.1164 std = 0.1801 fraction = 0.7437
	class 1: mean = 0.6635 std = 0.2991 fraction = 0.2563
	model time = 9.43 seconds, data time = 10.25 seconds
EPOCH 8 starting
EPOCH 8 finished in 20.796 seconds with lr = 6.98e-05:
	loss = 0.27961, accuracy = 0.8792 (best=0.8795)
	val accuracy = 0.8216 (best=0.8216)
	class 0: mean = 0.1164 std = 0.1826 fraction = 0.7394
	class 1: mean = 0.6686 std = 0.2971 fraction = 0.2606
	model time = 9.43 seconds, data time = 10.23 seconds
EPOCH 9 starting
EPOCH 9 finished in 20.771 seconds with lr = 6.63e-05:
	loss = 0.27808, accuracy = 0.8811 (best=0.8811)
	val accuracy = 0.8244 (best=0.8244)
	class 0: mean = 0.1155 std = 0.1806 fraction = 0.7420
	class 1: mean = 0.6684 std = 0.2986 fraction = 0.2580
	model time = 9.38 seconds, data time = 10.23 seconds
EPOCH 10 starting
EPOCH 10 finished in 20.841 seconds with lr = 6.30e-05:
	loss = 0.27507, accuracy = 0.8816 (best=0.8816)
	val accuracy = 0.8241 (best=0.8244)
	class 0: mean = 0.1140 std = 0.1806 fraction = 0.7422
	class 1: mean = 0.6714 std = 0.2983 fraction = 0.2578
	model time = 9.42 seconds, data time = 10.27 seconds
EPOCH 11 starting
EPOCH 11 finished in 21.203 seconds with lr = 5.99e-05:
	loss = 0.27336, accuracy = 0.8823 (best=0.8823)
	val accuracy = 0.8209 (best=0.8244)
	class 0: mean = 0.1135 std = 0.1801 fraction = 0.7413
	class 1: mean = 0.6748 std = 0.2988 fraction = 0.2587
	model time = 9.62 seconds, data time = 10.44 seconds
EPOCH 12 starting
EPOCH 12 finished in 21.181 seconds with lr = 5.69e-05:
	loss = 0.27374, accuracy = 0.8824 (best=0.8824)
	val accuracy = 0.8194 (best=0.8244)
	class 0: mean = 0.1134 std = 0.1800 fraction = 0.7430
	class 1: mean = 0.6722 std = 0.2985 fraction = 0.2570
	model time = 9.61 seconds, data time = 10.42 seconds
EPOCH 13 starting
EPOCH 13 finished in 21.232 seconds with lr = 5.40e-05:
	loss = 0.27407, accuracy = 0.8827 (best=0.8827)
	val accuracy = 0.8159 (best=0.8244)
	class 0: mean = 0.1137 std = 0.1803 fraction = 0.7412
	class 1: mean = 0.6751 std = 0.2994 fraction = 0.2588
	model time = 9.61 seconds, data time = 10.49 seconds
EPOCH 14 starting
EPOCH 14 finished in 21.160 seconds with lr = 5.13e-05:
	loss = 0.27208, accuracy = 0.8835 (best=0.8835)
	val accuracy = 0.8309 (best=0.8309)
	class 0: mean = 0.1130 std = 0.1793 fraction = 0.7422
	class 1: mean = 0.6747 std = 0.2991 fraction = 0.2578
	model time = 9.59 seconds, data time = 10.44 seconds
EPOCH 15 starting
EPOCH 15 finished in 21.097 seconds with lr = 4.88e-05:
	loss = 0.26911, accuracy = 0.8846 (best=0.8846)
	val accuracy = 0.8222 (best=0.8309)
	class 0: mean = 0.1114 std = 0.1795 fraction = 0.7433
	class 1: mean = 0.6782 std = 0.2984 fraction = 0.2567
	model time = 9.56 seconds, data time = 10.40 seconds
EPOCH 16 starting
EPOCH 16 finished in 21.053 seconds with lr = 4.63e-05:
	loss = 0.26788, accuracy = 0.8850 (best=0.8850)
	val accuracy = 0.8234 (best=0.8309)
	class 0: mean = 0.1105 std = 0.1797 fraction = 0.7422
	class 1: mean = 0.6808 std = 0.2970 fraction = 0.2578
	model time = 9.55 seconds, data time = 10.37 seconds
EPOCH 17 starting
EPOCH 17 finished in 21.208 seconds with lr = 4.40e-05:
	loss = 0.26770, accuracy = 0.8855 (best=0.8855)
	val accuracy = 0.8209 (best=0.8309)
	class 0: mean = 0.1110 std = 0.1797 fraction = 0.7405
	class 1: mean = 0.6839 std = 0.2981 fraction = 0.2595
	model time = 9.62 seconds, data time = 10.48 seconds
EPOCH 18 starting
EPOCH 18 finished in 20.784 seconds with lr = 4.18e-05:
	loss = 0.26886, accuracy = 0.8853 (best=0.8855)
	val accuracy = 0.8078 (best=0.8309)
	class 0: mean = 0.1112 std = 0.1799 fraction = 0.7407
	class 1: mean = 0.6819 std = 0.2978 fraction = 0.2593
	model time = 9.38 seconds, data time = 10.25 seconds
EPOCH 19 starting
EPOCH 19 finished in 20.870 seconds with lr = 3.97e-05:
	loss = 0.27094, accuracy = 0.8827 (best=0.8855)
	val accuracy = 0.8184 (best=0.8309)
	class 0: mean = 0.1119 std = 0.1797 fraction = 0.7429
	class 1: mean = 0.6777 std = 0.3001 fraction = 0.2571
	model time = 9.44 seconds, data time = 10.30 seconds
EPOCH 20 starting
EPOCH 20 finished in 21.161 seconds with lr = 3.77e-05:
	loss = 0.26913, accuracy = 0.8835 (best=0.8855)
	val accuracy = 0.8300 (best=0.8309)
	class 0: mean = 0.1116 std = 0.1803 fraction = 0.7427
	class 1: mean = 0.6794 std = 0.2980 fraction = 0.2573
	model time = 9.58 seconds, data time = 10.46 seconds
EPOCH 21 starting
EPOCH 21 finished in 21.150 seconds with lr = 3.58e-05:
	loss = 0.27111, accuracy = 0.8839 (best=0.8855)
	val accuracy = 0.8153 (best=0.8309)
	class 0: mean = 0.1119 std = 0.1795 fraction = 0.7417
	class 1: mean = 0.6766 std = 0.2985 fraction = 0.2583
	model time = 9.57 seconds, data time = 10.47 seconds
EPOCH 22 starting
EPOCH 22 finished in 20.886 seconds with lr = 3.41e-05:
	loss = 0.26779, accuracy = 0.8848 (best=0.8855)
	val accuracy = 0.8203 (best=0.8309)
	class 0: mean = 0.1117 std = 0.1808 fraction = 0.7399
	class 1: mean = 0.6846 std = 0.2975 fraction = 0.2601
	model time = 9.43 seconds, data time = 10.31 seconds
EPOCH 23 starting
EPOCH 23 finished in 21.290 seconds with lr = 3.24e-05:
	loss = 0.26843, accuracy = 0.8857 (best=0.8857)
	val accuracy = 0.8341 (best=0.8341)
	class 0: mean = 0.1111 std = 0.1788 fraction = 0.7408
	class 1: mean = 0.6827 std = 0.2992 fraction = 0.2592
	model time = 9.70 seconds, data time = 10.50 seconds
EPOCH 24 starting
EPOCH 24 finished in 20.837 seconds with lr = 3.07e-05:
	loss = 0.26893, accuracy = 0.8850 (best=0.8857)
	val accuracy = 0.8281 (best=0.8341)
	class 0: mean = 0.1117 std = 0.1801 fraction = 0.7414
	class 1: mean = 0.6809 std = 0.2976 fraction = 0.2586
	model time = 9.42 seconds, data time = 10.28 seconds
EPOCH 25 starting
EPOCH 25 finished in 20.912 seconds with lr = 2.92e-05:
	loss = 0.26835, accuracy = 0.8857 (best=0.8857)
	val accuracy = 0.8197 (best=0.8341)
	class 0: mean = 0.1105 std = 0.1795 fraction = 0.7426
	class 1: mean = 0.6799 std = 0.2982 fraction = 0.2574
	model time = 9.44 seconds, data time = 10.33 seconds
EPOCH 26 starting
EPOCH 26 finished in 20.976 seconds with lr = 2.77e-05:
	loss = 0.26511, accuracy = 0.8865 (best=0.8865)
	val accuracy = 0.8309 (best=0.8341)
	class 0: mean = 0.1097 std = 0.1798 fraction = 0.7403
	class 1: mean = 0.6856 std = 0.2961 fraction = 0.2597
	model time = 9.41 seconds, data time = 10.42 seconds
EPOCH 27 starting
EPOCH 27 finished in 20.828 seconds with lr = 2.64e-05:
	loss = 0.26253, accuracy = 0.8873 (best=0.8873)
	val accuracy = 0.8175 (best=0.8341)
	class 0: mean = 0.1086 std = 0.1787 fraction = 0.7422
	class 1: mean = 0.6889 std = 0.2986 fraction = 0.2578
	model time = 9.39 seconds, data time = 10.30 seconds
EPOCH 28 starting
EPOCH 28 finished in 20.858 seconds with lr = 2.50e-05:
	loss = 0.26424, accuracy = 0.8871 (best=0.8873)
	val accuracy = 0.8219 (best=0.8341)
	class 0: mean = 0.1090 std = 0.1779 fraction = 0.7424
	class 1: mean = 0.6847 std = 0.2988 fraction = 0.2576
	model time = 9.40 seconds, data time = 10.29 seconds
EPOCH 29 starting
EPOCH 29 finished in 20.844 seconds with lr = 2.38e-05:
	loss = 0.26387, accuracy = 0.8868 (best=0.8873)
	val accuracy = 0.8272 (best=0.8341)
	class 0: mean = 0.1094 std = 0.1801 fraction = 0.7396
	class 1: mean = 0.6897 std = 0.2970 fraction = 0.2604
	model time = 9.40 seconds, data time = 10.30 seconds
EPOCH 30 starting
EPOCH 30 finished in 20.831 seconds with lr = 2.26e-05:
	loss = 0.26631, accuracy = 0.8869 (best=0.8873)
	val accuracy = 0.8184 (best=0.8341)
	class 0: mean = 0.1100 std = 0.1803 fraction = 0.7412
	class 1: mean = 0.6857 std = 0.2971 fraction = 0.2588
	model time = 9.39 seconds, data time = 10.28 seconds
EPOCH 31 starting
EPOCH 31 finished in 20.798 seconds with lr = 2.15e-05:
	loss = 0.26367, accuracy = 0.8867 (best=0.8873)
	val accuracy = 0.8241 (best=0.8341)
	class 0: mean = 0.1086 std = 0.1783 fraction = 0.7435
	class 1: mean = 0.6838 std = 0.2980 fraction = 0.2565
	model time = 9.39 seconds, data time = 10.25 seconds
EPOCH 32 starting
EPOCH 32 finished in 20.808 seconds with lr = 2.04e-05:
	loss = 0.26638, accuracy = 0.8869 (best=0.8873)
	val accuracy = 0.8209 (best=0.8341)
	class 0: mean = 0.1109 std = 0.1802 fraction = 0.7412
	class 1: mean = 0.6847 std = 0.2966 fraction = 0.2588
	model time = 9.41 seconds, data time = 10.24 seconds
EPOCH 33 starting
EPOCH 33 finished in 20.860 seconds with lr = 1.94e-05:
	loss = 0.26585, accuracy = 0.8865 (best=0.8873)
	val accuracy = 0.8237 (best=0.8341)
	class 0: mean = 0.1098 std = 0.1799 fraction = 0.7407
	class 1: mean = 0.6849 std = 0.2968 fraction = 0.2593
	model time = 9.40 seconds, data time = 10.31 seconds
Training with t = [10], dt = 2, distance = 3, lr = 1.50e-05, weight_decay = 7.00e-05
EPOCH 1 starting
EPOCH 1 finished in 15.969 seconds with lr = 1.50e-05:
	loss = 0.32519, accuracy = 0.8381 (best=0.8381)
	val accuracy = 0.8409 (best=0.8409)
	class 0: mean = 0.1421 std = 0.2036 fraction = 0.7279
	class 1: mean = 0.6270 std = 0.2856 fraction = 0.2721
	model time = 8.45 seconds, data time = 6.49 seconds
EPOCH 2 starting
EPOCH 2 finished in 15.906 seconds with lr = 1.42e-05:
	loss = 0.30124, accuracy = 0.8488 (best=0.8488)
	val accuracy = 0.8466 (best=0.8466)
	class 0: mean = 0.1340 std = 0.1986 fraction = 0.7256
	class 1: mean = 0.6428 std = 0.2762 fraction = 0.2744
	model time = 8.36 seconds, data time = 6.51 seconds
EPOCH 3 starting
EPOCH 3 finished in 15.920 seconds with lr = 1.35e-05:
	loss = 0.28849, accuracy = 0.8524 (best=0.8524)
	val accuracy = 0.8528 (best=0.8528)
	class 0: mean = 0.1294 std = 0.1985 fraction = 0.7254
	class 1: mean = 0.6583 std = 0.2751 fraction = 0.2746
	model time = 8.38 seconds, data time = 6.50 seconds
EPOCH 4 starting
EPOCH 4 finished in 15.855 seconds with lr = 1.29e-05:
	loss = 0.28477, accuracy = 0.8562 (best=0.8562)
	val accuracy = 0.8459 (best=0.8528)
	class 0: mean = 0.1266 std = 0.1957 fraction = 0.7314
	class 1: mean = 0.6579 std = 0.2785 fraction = 0.2686
	model time = 8.35 seconds, data time = 6.47 seconds
EPOCH 5 starting
EPOCH 5 finished in 15.876 seconds with lr = 1.22e-05:
	loss = 0.28794, accuracy = 0.8546 (best=0.8562)
	val accuracy = 0.8469 (best=0.8528)
	class 0: mean = 0.1277 std = 0.1976 fraction = 0.7302
	class 1: mean = 0.6558 std = 0.2766 fraction = 0.2698
	model time = 8.36 seconds, data time = 6.48 seconds
EPOCH 6 starting
EPOCH 6 finished in 15.874 seconds with lr = 1.16e-05:
	loss = 0.28797, accuracy = 0.8554 (best=0.8562)
	val accuracy = 0.8519 (best=0.8528)
	class 0: mean = 0.1281 std = 0.1988 fraction = 0.7254
	class 1: mean = 0.6595 std = 0.2737 fraction = 0.2746
	model time = 8.36 seconds, data time = 6.48 seconds
EPOCH 7 starting
EPOCH 7 finished in 15.904 seconds with lr = 1.10e-05:
	loss = 0.28609, accuracy = 0.8567 (best=0.8567)
	val accuracy = 0.8453 (best=0.8528)
	class 0: mean = 0.1277 std = 0.1993 fraction = 0.7256
	class 1: mean = 0.6637 std = 0.2743 fraction = 0.2744
	model time = 8.37 seconds, data time = 6.50 seconds
EPOCH 8 starting
EPOCH 8 finished in 15.864 seconds with lr = 1.05e-05:
	loss = 0.28494, accuracy = 0.8559 (best=0.8567)
	val accuracy = 0.8525 (best=0.8528)
	class 0: mean = 0.1277 std = 0.1989 fraction = 0.7246
	class 1: mean = 0.6652 std = 0.2743 fraction = 0.2754
	model time = 8.35 seconds, data time = 6.48 seconds
EPOCH 9 starting
EPOCH 9 finished in 15.876 seconds with lr = 9.95e-06:
	loss = 0.28143, accuracy = 0.8571 (best=0.8571)
	val accuracy = 0.8584 (best=0.8584)
	class 0: mean = 0.1261 std = 0.1986 fraction = 0.7249
	class 1: mean = 0.6676 std = 0.2728 fraction = 0.2751
	model time = 8.36 seconds, data time = 6.48 seconds
EPOCH 10 starting
EPOCH 10 finished in 15.892 seconds with lr = 9.45e-06:
	loss = 0.28057, accuracy = 0.8589 (best=0.8589)
	val accuracy = 0.8444 (best=0.8584)
	class 0: mean = 0.1251 std = 0.1974 fraction = 0.7271
	class 1: mean = 0.6666 std = 0.2749 fraction = 0.2729
	model time = 8.35 seconds, data time = 6.50 seconds
EPOCH 11 starting
EPOCH 11 finished in 15.953 seconds with lr = 8.98e-06:
	loss = 0.28289, accuracy = 0.8573 (best=0.8589)
	val accuracy = 0.8478 (best=0.8584)
	class 0: mean = 0.1260 std = 0.1978 fraction = 0.7274
	class 1: mean = 0.6633 std = 0.2748 fraction = 0.2726
	model time = 8.38 seconds, data time = 6.53 seconds
EPOCH 12 starting
EPOCH 12 finished in 15.911 seconds with lr = 8.53e-06:
	loss = 0.28397, accuracy = 0.8565 (best=0.8589)
	val accuracy = 0.8478 (best=0.8584)
	class 0: mean = 0.1265 std = 0.1980 fraction = 0.7247
	class 1: mean = 0.6654 std = 0.2754 fraction = 0.2753
	model time = 8.37 seconds, data time = 6.50 seconds
EPOCH 13 starting
EPOCH 13 finished in 15.904 seconds with lr = 8.11e-06:
	loss = 0.27865, accuracy = 0.8600 (best=0.8600)
	val accuracy = 0.8578 (best=0.8584)
	class 0: mean = 0.1250 std = 0.1977 fraction = 0.7282
	class 1: mean = 0.6715 std = 0.2750 fraction = 0.2718
	model time = 8.36 seconds, data time = 6.51 seconds
EPOCH 14 starting
EPOCH 14 finished in 15.907 seconds with lr = 7.70e-06:
	loss = 0.28358, accuracy = 0.8599 (best=0.8600)
	val accuracy = 0.8497 (best=0.8584)
	class 0: mean = 0.1262 std = 0.1970 fraction = 0.7245
	class 1: mean = 0.6662 std = 0.2767 fraction = 0.2755
	model time = 8.37 seconds, data time = 6.50 seconds
EPOCH 15 starting
EPOCH 15 finished in 15.925 seconds with lr = 7.32e-06:
	loss = 0.27973, accuracy = 0.8609 (best=0.8609)
	val accuracy = 0.8547 (best=0.8584)
	class 0: mean = 0.1240 std = 0.1962 fraction = 0.7284
	class 1: mean = 0.6671 std = 0.2768 fraction = 0.2716
	model time = 8.37 seconds, data time = 6.51 seconds
EPOCH 16 starting
EPOCH 16 finished in 15.946 seconds with lr = 6.95e-06:
	loss = 0.28511, accuracy = 0.8556 (best=0.8609)
	val accuracy = 0.8678 (best=0.8678)
	class 0: mean = 0.1276 std = 0.1980 fraction = 0.7254
	class 1: mean = 0.6642 std = 0.2754 fraction = 0.2746
	model time = 8.37 seconds, data time = 6.53 seconds
EPOCH 17 starting
EPOCH 17 finished in 15.896 seconds with lr = 6.60e-06:
	loss = 0.28230, accuracy = 0.8576 (best=0.8609)
	val accuracy = 0.8528 (best=0.8678)
	class 0: mean = 0.1258 std = 0.1978 fraction = 0.7265
	class 1: mean = 0.6654 std = 0.2747 fraction = 0.2735
	model time = 8.35 seconds, data time = 6.50 seconds
EPOCH 18 starting
EPOCH 18 finished in 15.853 seconds with lr = 6.27e-06:
	loss = 0.27639, accuracy = 0.8606 (best=0.8609)
	val accuracy = 0.8562 (best=0.8678)
	class 0: mean = 0.1222 std = 0.1953 fraction = 0.7287
	class 1: mean = 0.6704 std = 0.2776 fraction = 0.2713
	model time = 8.34 seconds, data time = 6.46 seconds
EPOCH 19 starting
EPOCH 19 finished in 15.835 seconds with lr = 5.96e-06:
	loss = 0.27969, accuracy = 0.8607 (best=0.8609)
	val accuracy = 0.8422 (best=0.8678)
	class 0: mean = 0.1252 std = 0.1972 fraction = 0.7239
	class 1: mean = 0.6694 std = 0.2743 fraction = 0.2761
	model time = 8.34 seconds, data time = 6.45 seconds
EPOCH 20 starting
EPOCH 20 finished in 15.881 seconds with lr = 5.66e-06:
	loss = 0.28260, accuracy = 0.8583 (best=0.8609)
	val accuracy = 0.8559 (best=0.8678)
	class 0: mean = 0.1261 std = 0.1980 fraction = 0.7247
	class 1: mean = 0.6683 std = 0.2755 fraction = 0.2753
	model time = 8.37 seconds, data time = 6.47 seconds
EPOCH 21 starting
EPOCH 21 finished in 15.857 seconds with lr = 5.38e-06:
	loss = 0.28038, accuracy = 0.8593 (best=0.8609)
	val accuracy = 0.8491 (best=0.8678)
	class 0: mean = 0.1251 std = 0.1977 fraction = 0.7279
	class 1: mean = 0.6657 std = 0.2735 fraction = 0.2721
	model time = 8.34 seconds, data time = 6.47 seconds
EPOCH 22 starting
EPOCH 22 finished in 16.006 seconds with lr = 5.11e-06:
	loss = 0.28050, accuracy = 0.8601 (best=0.8609)
	val accuracy = 0.8528 (best=0.8678)
	class 0: mean = 0.1256 std = 0.1994 fraction = 0.7240
	class 1: mean = 0.6710 std = 0.2718 fraction = 0.2760
	model time = 8.42 seconds, data time = 6.53 seconds
EPOCH 23 starting
EPOCH 23 finished in 15.977 seconds with lr = 4.85e-06:
	loss = 0.27771, accuracy = 0.8604 (best=0.8609)
	val accuracy = 0.8500 (best=0.8678)
	class 0: mean = 0.1239 std = 0.1980 fraction = 0.7267
	class 1: mean = 0.6704 std = 0.2737 fraction = 0.2733
	model time = 8.40 seconds, data time = 6.53 seconds
EPOCH 24 starting
EPOCH 24 finished in 15.979 seconds with lr = 4.61e-06:
	loss = 0.27893, accuracy = 0.8613 (best=0.8613)
	val accuracy = 0.8497 (best=0.8678)
	class 0: mean = 0.1255 std = 0.1983 fraction = 0.7252
	class 1: mean = 0.6721 std = 0.2750 fraction = 0.2748
	model time = 8.39 seconds, data time = 6.53 seconds
EPOCH 25 starting
EPOCH 25 finished in 16.223 seconds with lr = 4.38e-06:
	loss = 0.27714, accuracy = 0.8606 (best=0.8613)
	val accuracy = 0.8531 (best=0.8678)
	class 0: mean = 0.1234 std = 0.1981 fraction = 0.7247
	class 1: mean = 0.6732 std = 0.2749 fraction = 0.2753
	model time = 8.60 seconds, data time = 6.56 seconds
EPOCH 26 starting
EPOCH 26 finished in 16.032 seconds with lr = 4.16e-06:
	loss = 0.27937, accuracy = 0.8595 (best=0.8613)
	val accuracy = 0.8578 (best=0.8678)
	class 0: mean = 0.1253 std = 0.1994 fraction = 0.7263
	class 1: mean = 0.6714 std = 0.2714 fraction = 0.2737
	model time = 8.42 seconds, data time = 6.57 seconds
