Training with t = [99], dt = 2, distance = 3
EPOCH 1 starting
EPOCH 1 finished in 147.031 seconds with lr = 3.00e-04:
	loss = 0.35718, accuracy = 0.8380 (0.8380)
	class 0: mean = 0.1525 std = 0.1846 fraction = 0.7418
	class 1: mean = 0.5646 std = 0.2867 fraction = 0.2582
	model time = 110.65 seconds, data time = 24.73 seconds
EPOCH 2 starting
EPOCH 2 finished in 146.058 seconds with lr = 2.85e-04:
	loss = 0.30995, accuracy = 0.8630 (0.8630)
	class 0: mean = 0.1306 std = 0.1851 fraction = 0.7409
	class 1: mean = 0.6276 std = 0.2952 fraction = 0.2591
	model time = 109.87 seconds, data time = 24.62 seconds
EPOCH 3 starting
EPOCH 3 finished in 145.724 seconds with lr = 2.71e-04:
	loss = 0.29876, accuracy = 0.8688 (0.8688)
	class 0: mean = 0.1251 std = 0.1837 fraction = 0.7416
	class 1: mean = 0.6413 std = 0.2971 fraction = 0.2584
	model time = 109.58 seconds, data time = 24.52 seconds
EPOCH 4 starting
EPOCH 4 finished in 145.796 seconds with lr = 2.57e-04:
	loss = 0.29324, accuracy = 0.8714 (0.8714)
	class 0: mean = 0.1229 std = 0.1838 fraction = 0.7405
	class 1: mean = 0.6500 std = 0.2969 fraction = 0.2595
	model time = 109.61 seconds, data time = 24.63 seconds
EPOCH 5 starting
EPOCH 5 finished in 145.699 seconds with lr = 2.44e-04:
	loss = 0.29058, accuracy = 0.8738 (0.8738)
	class 0: mean = 0.1211 std = 0.1827 fraction = 0.7413
	class 1: mean = 0.6530 std = 0.2986 fraction = 0.2587
	model time = 109.49 seconds, data time = 24.57 seconds
EPOCH 6 starting
EPOCH 6 finished in 145.869 seconds with lr = 2.32e-04:
	loss = 0.28519, accuracy = 0.8759 (0.8759)
	class 0: mean = 0.1190 std = 0.1824 fraction = 0.7415
	class 1: mean = 0.6592 std = 0.2978 fraction = 0.2585
	model time = 109.73 seconds, data time = 24.58 seconds
EPOCH 7 starting
EPOCH 7 finished in 145.782 seconds with lr = 2.21e-04:
	loss = 0.28344, accuracy = 0.8769 (0.8769)
	class 0: mean = 0.1180 std = 0.1826 fraction = 0.7412
	class 1: mean = 0.6620 std = 0.2975 fraction = 0.2588
	model time = 109.64 seconds, data time = 24.53 seconds
EPOCH 8 starting
EPOCH 8 finished in 145.908 seconds with lr = 2.10e-04:
	loss = 0.28092, accuracy = 0.8786 (0.8786)
	class 0: mean = 0.1168 std = 0.1824 fraction = 0.7417
	class 1: mean = 0.6646 std = 0.2969 fraction = 0.2583
	model time = 109.67 seconds, data time = 24.61 seconds
EPOCH 9 starting
EPOCH 9 finished in 145.856 seconds with lr = 1.99e-04:
	loss = 0.27904, accuracy = 0.8793 (0.8793)
	class 0: mean = 0.1159 std = 0.1814 fraction = 0.7417
	class 1: mean = 0.6675 std = 0.2985 fraction = 0.2583
	model time = 109.72 seconds, data time = 24.58 seconds
EPOCH 10 starting
EPOCH 10 finished in 145.835 seconds with lr = 1.89e-04:
	loss = 0.27749, accuracy = 0.8803 (0.8803)
	class 0: mean = 0.1153 std = 0.1813 fraction = 0.7415
	class 1: mean = 0.6696 std = 0.2981 fraction = 0.2585
	model time = 109.60 seconds, data time = 24.63 seconds
EPOCH 11 starting
EPOCH 11 finished in 145.773 seconds with lr = 1.80e-04:
	loss = 0.27535, accuracy = 0.8814 (0.8814)
	class 0: mean = 0.1142 std = 0.1810 fraction = 0.7411
	class 1: mean = 0.6732 std = 0.2983 fraction = 0.2589
	model time = 109.67 seconds, data time = 24.51 seconds
EPOCH 12 starting
EPOCH 12 finished in 146.200 seconds with lr = 1.71e-04:
	loss = 0.27407, accuracy = 0.8820 (0.8820)
	class 0: mean = 0.1137 std = 0.1811 fraction = 0.7418
	class 1: mean = 0.6735 std = 0.2979 fraction = 0.2582
	model time = 109.81 seconds, data time = 24.77 seconds
EPOCH 13 starting
EPOCH 13 finished in 145.887 seconds with lr = 1.62e-04:
	loss = 0.27481, accuracy = 0.8816 (0.8820)
	class 0: mean = 0.1141 std = 0.1819 fraction = 0.7408
	class 1: mean = 0.6740 std = 0.2968 fraction = 0.2592
	model time = 109.75 seconds, data time = 24.54 seconds
EPOCH 14 starting
EPOCH 14 finished in 146.000 seconds with lr = 1.54e-04:
	loss = 0.27234, accuracy = 0.8826 (0.8826)
	class 0: mean = 0.1131 std = 0.1815 fraction = 0.7407
	class 1: mean = 0.6771 std = 0.2967 fraction = 0.2593
	model time = 109.83 seconds, data time = 24.55 seconds
EPOCH 15 starting
EPOCH 15 finished in 145.835 seconds with lr = 1.46e-04:
	loss = 0.27095, accuracy = 0.8838 (0.8838)
	class 0: mean = 0.1122 std = 0.1812 fraction = 0.7414
	class 1: mean = 0.6784 std = 0.2965 fraction = 0.2586
	model time = 109.64 seconds, data time = 24.62 seconds
EPOCH 16 starting
EPOCH 16 finished in 146.110 seconds with lr = 1.39e-04:
	loss = 0.27165, accuracy = 0.8836 (0.8838)
	class 0: mean = 0.1126 std = 0.1808 fraction = 0.7413
	class 1: mean = 0.6778 std = 0.2976 fraction = 0.2587
	model time = 109.79 seconds, data time = 24.69 seconds
EPOCH 17 starting
EPOCH 17 finished in 146.287 seconds with lr = 1.32e-04:
	loss = 0.26964, accuracy = 0.8839 (0.8839)
	class 0: mean = 0.1117 std = 0.1807 fraction = 0.7415
	class 1: mean = 0.6796 std = 0.2972 fraction = 0.2585
	model time = 110.11 seconds, data time = 24.66 seconds
EPOCH 18 starting
EPOCH 18 finished in 146.408 seconds with lr = 1.25e-04:
	loss = 0.26876, accuracy = 0.8848 (0.8848)
	class 0: mean = 0.1111 std = 0.1803 fraction = 0.7422
	class 1: mean = 0.6804 std = 0.2975 fraction = 0.2578
	model time = 110.04 seconds, data time = 24.79 seconds
EPOCH 19 starting
EPOCH 19 finished in 146.324 seconds with lr = 1.19e-04:
	loss = 0.26991, accuracy = 0.8842 (0.8848)
	class 0: mean = 0.1118 std = 0.1809 fraction = 0.7413
	class 1: mean = 0.6799 std = 0.2970 fraction = 0.2587
	model time = 110.04 seconds, data time = 24.70 seconds
EPOCH 20 starting
EPOCH 20 finished in 146.430 seconds with lr = 1.13e-04:
	loss = 0.26799, accuracy = 0.8849 (0.8849)
	class 0: mean = 0.1109 std = 0.1803 fraction = 0.7414
	class 1: mean = 0.6820 std = 0.2973 fraction = 0.2586
	model time = 110.16 seconds, data time = 24.71 seconds
EPOCH 21 starting
EPOCH 21 finished in 146.299 seconds with lr = 1.08e-04:
	loss = 0.26906, accuracy = 0.8850 (0.8850)
	class 0: mean = 0.1113 std = 0.1804 fraction = 0.7413
	class 1: mean = 0.6814 std = 0.2975 fraction = 0.2587
	model time = 109.97 seconds, data time = 24.74 seconds
EPOCH 22 starting
EPOCH 22 finished in 146.846 seconds with lr = 1.02e-04:
	loss = 0.26832, accuracy = 0.8847 (0.8850)
	class 0: mean = 0.1112 std = 0.1806 fraction = 0.7408
	class 1: mean = 0.6820 std = 0.2971 fraction = 0.2592
	model time = 110.39 seconds, data time = 24.91 seconds
EPOCH 23 starting
EPOCH 23 finished in 146.865 seconds with lr = 9.71e-05:
	loss = 0.26725, accuracy = 0.8855 (0.8855)
	class 0: mean = 0.1107 std = 0.1810 fraction = 0.7417
	class 1: mean = 0.6827 std = 0.2962 fraction = 0.2583
	model time = 110.41 seconds, data time = 24.85 seconds
EPOCH 24 starting
EPOCH 24 finished in 146.303 seconds with lr = 9.22e-05:
	loss = 0.26670, accuracy = 0.8862 (0.8862)
	class 0: mean = 0.1103 std = 0.1801 fraction = 0.7410
	class 1: mean = 0.6844 std = 0.2971 fraction = 0.2590
	model time = 109.94 seconds, data time = 24.82 seconds
EPOCH 25 starting
EPOCH 25 finished in 146.638 seconds with lr = 8.76e-05:
	loss = 0.26670, accuracy = 0.8855 (0.8862)
	class 0: mean = 0.1105 std = 0.1805 fraction = 0.7409
	class 1: mean = 0.6841 std = 0.2969 fraction = 0.2591
	model time = 110.32 seconds, data time = 24.76 seconds
EPOCH 26 starting
EPOCH 26 finished in 146.212 seconds with lr = 8.32e-05:
	loss = 0.26660, accuracy = 0.8857 (0.8862)
	class 0: mean = 0.1103 std = 0.1802 fraction = 0.7408
	class 1: mean = 0.6847 std = 0.2972 fraction = 0.2592
	model time = 109.96 seconds, data time = 24.67 seconds
EPOCH 27 starting
EPOCH 27 finished in 146.236 seconds with lr = 7.91e-05:
	loss = 0.26629, accuracy = 0.8860 (0.8862)
	class 0: mean = 0.1105 std = 0.1805 fraction = 0.7404
	class 1: mean = 0.6857 std = 0.2966 fraction = 0.2596
	model time = 109.87 seconds, data time = 24.69 seconds
EPOCH 28 starting
EPOCH 28 finished in 146.209 seconds with lr = 7.51e-05:
	loss = 0.26717, accuracy = 0.8853 (0.8862)
	class 0: mean = 0.1103 std = 0.1802 fraction = 0.7409
	class 1: mean = 0.6837 std = 0.2972 fraction = 0.2591
	model time = 109.90 seconds, data time = 24.68 seconds
EPOCH 29 starting
EPOCH 29 finished in 145.889 seconds with lr = 7.13e-05:
	loss = 0.26544, accuracy = 0.8865 (0.8865)
	class 0: mean = 0.1098 std = 0.1804 fraction = 0.7409
	class 1: mean = 0.6866 std = 0.2966 fraction = 0.2591
	model time = 109.55 seconds, data time = 24.62 seconds
EPOCH 30 starting
EPOCH 30 finished in 145.476 seconds with lr = 6.78e-05:
	loss = 0.26613, accuracy = 0.8862 (0.8865)
	class 0: mean = 0.1101 std = 0.1797 fraction = 0.7410
	class 1: mean = 0.6851 std = 0.2976 fraction = 0.2590
	model time = 109.13 seconds, data time = 24.52 seconds
EPOCH 31 starting
EPOCH 31 finished in 145.083 seconds with lr = 6.44e-05:
	loss = 0.26602, accuracy = 0.8858 (0.8865)
	class 0: mean = 0.1101 std = 0.1806 fraction = 0.7406
	class 1: mean = 0.6859 std = 0.2965 fraction = 0.2594
	model time = 108.93 seconds, data time = 24.30 seconds
EPOCH 32 starting
EPOCH 32 finished in 144.957 seconds with lr = 6.12e-05:
	loss = 0.26482, accuracy = 0.8868 (0.8868)
	class 0: mean = 0.1094 std = 0.1799 fraction = 0.7422
	class 1: mean = 0.6853 std = 0.2967 fraction = 0.2578
	model time = 108.82 seconds, data time = 24.31 seconds
EPOCH 33 starting
EPOCH 33 finished in 144.689 seconds with lr = 5.81e-05:
	loss = 0.26420, accuracy = 0.8873 (0.8873)
	class 0: mean = 0.1092 std = 0.1798 fraction = 0.7410
	class 1: mean = 0.6876 std = 0.2969 fraction = 0.2590
	model time = 108.64 seconds, data time = 24.21 seconds
EPOCH 34 starting
EPOCH 34 finished in 144.584 seconds with lr = 5.52e-05:
	loss = 0.26421, accuracy = 0.8869 (0.8873)
	class 0: mean = 0.1093 std = 0.1802 fraction = 0.7410
	class 1: mean = 0.6874 std = 0.2963 fraction = 0.2590
	model time = 108.53 seconds, data time = 24.17 seconds
EPOCH 35 starting
EPOCH 35 finished in 144.438 seconds with lr = 5.24e-05:
	loss = 0.26409, accuracy = 0.8873 (0.8873)
	class 0: mean = 0.1092 std = 0.1800 fraction = 0.7405
	class 1: mean = 0.6883 std = 0.2965 fraction = 0.2595
	model time = 108.50 seconds, data time = 24.09 seconds
EPOCH 36 starting
EPOCH 36 finished in 144.099 seconds with lr = 4.98e-05:
	loss = 0.26342, accuracy = 0.8873 (0.8873)
	class 0: mean = 0.1086 std = 0.1795 fraction = 0.7421
	class 1: mean = 0.6873 std = 0.2970 fraction = 0.2579
	model time = 108.13 seconds, data time = 24.05 seconds
EPOCH 37 starting
EPOCH 37 finished in 144.058 seconds with lr = 4.73e-05:
	loss = 0.26399, accuracy = 0.8871 (0.8873)
	class 0: mean = 0.1091 std = 0.1798 fraction = 0.7416
	class 1: mean = 0.6871 std = 0.2968 fraction = 0.2584
	model time = 108.05 seconds, data time = 24.10 seconds
EPOCH 38 starting
EPOCH 38 finished in 144.062 seconds with lr = 4.50e-05:
	loss = 0.26414, accuracy = 0.8871 (0.8873)
	class 0: mean = 0.1092 std = 0.1802 fraction = 0.7414
	class 1: mean = 0.6873 std = 0.2964 fraction = 0.2586
	model time = 108.11 seconds, data time = 24.02 seconds
EPOCH 39 starting
EPOCH 39 finished in 144.108 seconds with lr = 4.27e-05:
	loss = 0.26279, accuracy = 0.8877 (0.8877)
	class 0: mean = 0.1086 std = 0.1794 fraction = 0.7415
	class 1: mean = 0.6884 std = 0.2970 fraction = 0.2585
	model time = 108.13 seconds, data time = 24.04 seconds
EPOCH 40 starting
EPOCH 40 finished in 144.198 seconds with lr = 4.06e-05:
	loss = 0.26308, accuracy = 0.8879 (0.8879)
	class 0: mean = 0.1086 std = 0.1794 fraction = 0.7420
	class 1: mean = 0.6877 std = 0.2971 fraction = 0.2580
	model time = 108.23 seconds, data time = 24.04 seconds
EPOCH 41 starting
EPOCH 41 finished in 144.302 seconds with lr = 3.86e-05:
	loss = 0.26321, accuracy = 0.8877 (0.8879)
	class 0: mean = 0.1088 std = 0.1799 fraction = 0.7414
	class 1: mean = 0.6885 std = 0.2966 fraction = 0.2586
	model time = 108.30 seconds, data time = 24.07 seconds
EPOCH 42 starting
EPOCH 42 finished in 144.293 seconds with lr = 3.66e-05:
	loss = 0.26301, accuracy = 0.8873 (0.8879)
	class 0: mean = 0.1088 std = 0.1798 fraction = 0.7408
	class 1: mean = 0.6890 std = 0.2965 fraction = 0.2592
	model time = 108.29 seconds, data time = 24.06 seconds
EPOCH 43 starting
EPOCH 43 finished in 144.319 seconds with lr = 3.48e-05:
	loss = 0.26367, accuracy = 0.8875 (0.8879)
	class 0: mean = 0.1091 std = 0.1797 fraction = 0.7409
	class 1: mean = 0.6883 std = 0.2970 fraction = 0.2591
	model time = 108.32 seconds, data time = 24.07 seconds
EPOCH 44 starting
EPOCH 44 finished in 144.066 seconds with lr = 3.31e-05:
	loss = 0.26367, accuracy = 0.8872 (0.8879)
	class 0: mean = 0.1089 std = 0.1797 fraction = 0.7414
	class 1: mean = 0.6880 std = 0.2970 fraction = 0.2586
	model time = 108.10 seconds, data time = 24.00 seconds
EPOCH 45 starting
EPOCH 45 finished in 144.183 seconds with lr = 3.14e-05:
	loss = 0.26266, accuracy = 0.8878 (0.8879)
	class 0: mean = 0.1085 std = 0.1797 fraction = 0.7419
	class 1: mean = 0.6882 std = 0.2965 fraction = 0.2581
	model time = 108.22 seconds, data time = 24.01 seconds
EPOCH 46 starting
EPOCH 46 finished in 144.203 seconds with lr = 2.98e-05:
	loss = 0.26249, accuracy = 0.8880 (0.8880)
	class 0: mean = 0.1084 std = 0.1793 fraction = 0.7422
	class 1: mean = 0.6882 std = 0.2967 fraction = 0.2578
	model time = 108.25 seconds, data time = 23.99 seconds
EPOCH 47 starting
EPOCH 47 finished in 144.377 seconds with lr = 2.83e-05:
	loss = 0.26242, accuracy = 0.8880 (0.8880)
	class 0: mean = 0.1083 std = 0.1794 fraction = 0.7416
	class 1: mean = 0.6893 std = 0.2968 fraction = 0.2584
	model time = 108.37 seconds, data time = 24.08 seconds
EPOCH 48 starting
EPOCH 48 finished in 144.294 seconds with lr = 2.69e-05:
	loss = 0.26341, accuracy = 0.8874 (0.8880)
	class 0: mean = 0.1088 std = 0.1796 fraction = 0.7415
	class 1: mean = 0.6877 std = 0.2968 fraction = 0.2585
	model time = 108.37 seconds, data time = 24.03 seconds
EPOCH 49 starting
EPOCH 49 finished in 144.665 seconds with lr = 2.56e-05:
	loss = 0.26217, accuracy = 0.8883 (0.8883)
	class 0: mean = 0.1082 std = 0.1792 fraction = 0.7419
	class 1: mean = 0.6892 std = 0.2969 fraction = 0.2581
	model time = 108.71 seconds, data time = 24.15 seconds
EPOCH 50 starting
Training with t = [99], dt = 2, distance = 3
EPOCH 1 starting
EPOCH 1 finished in 84.031 seconds with lr = 1.00e-04:
	loss = 0.38719, accuracy = 0.8217 (0.8217)
	class 0: mean = 0.1665 std = 0.1843 fraction = 0.7414
	class 1: mean = 0.5282 std = 0.2770 fraction = 0.2586
	model time = 50.50 seconds, data time = 18.59 seconds
EPOCH 2 starting
EPOCH 2 finished in 83.371 seconds with lr = 9.50e-05:
	loss = 0.32898, accuracy = 0.8537 (0.8537)
	class 0: mean = 0.1398 std = 0.1847 fraction = 0.7403
	class 1: mean = 0.6026 std = 0.2924 fraction = 0.2597
	model time = 50.17 seconds, data time = 18.41 seconds
EPOCH 3 starting
EPOCH 3 finished in 83.466 seconds with lr = 9.02e-05:
	loss = 0.31606, accuracy = 0.8604 (0.8604)
	class 0: mean = 0.1334 std = 0.1846 fraction = 0.7411
	class 1: mean = 0.6193 std = 0.2951 fraction = 0.2589
	model time = 50.28 seconds, data time = 18.40 seconds
EPOCH 4 starting
EPOCH 4 finished in 83.458 seconds with lr = 8.57e-05:
	loss = 0.30925, accuracy = 0.8638 (0.8638)
	class 0: mean = 0.1302 std = 0.1842 fraction = 0.7409
	class 1: mean = 0.6284 std = 0.2962 fraction = 0.2591
	model time = 50.30 seconds, data time = 18.38 seconds
EPOCH 5 starting
EPOCH 5 finished in 83.096 seconds with lr = 8.15e-05:
	loss = 0.30197, accuracy = 0.8675 (0.8675)
	class 0: mean = 0.1268 std = 0.1841 fraction = 0.7413
	class 1: mean = 0.6375 std = 0.2959 fraction = 0.2587
	model time = 50.02 seconds, data time = 18.32 seconds
EPOCH 6 starting
EPOCH 6 finished in 80.899 seconds with lr = 7.74e-05:
	loss = 0.30084, accuracy = 0.8677 (0.8677)
	class 0: mean = 0.1262 std = 0.1837 fraction = 0.7415
	class 1: mean = 0.6385 std = 0.2970 fraction = 0.2585
	model time = 48.10 seconds, data time = 17.69 seconds
EPOCH 7 starting
EPOCH 7 finished in 80.900 seconds with lr = 7.35e-05:
	loss = 0.29685, accuracy = 0.8696 (0.8696)
	class 0: mean = 0.1243 std = 0.1837 fraction = 0.7419
	class 1: mean = 0.6428 std = 0.2967 fraction = 0.2581
	model time = 48.09 seconds, data time = 17.64 seconds
EPOCH 8 starting
EPOCH 8 finished in 80.947 seconds with lr = 6.98e-05:
	loss = 0.29673, accuracy = 0.8701 (0.8701)
	class 0: mean = 0.1245 std = 0.1836 fraction = 0.7407
	class 1: mean = 0.6451 std = 0.2972 fraction = 0.2593
	model time = 47.97 seconds, data time = 17.63 seconds
EPOCH 9 starting
EPOCH 9 finished in 80.969 seconds with lr = 6.63e-05:
	loss = 0.29426, accuracy = 0.8711 (0.8711)
	class 0: mean = 0.1233 std = 0.1836 fraction = 0.7402
	class 1: mean = 0.6491 std = 0.2974 fraction = 0.2598
	model time = 48.05 seconds, data time = 17.69 seconds
EPOCH 10 starting
EPOCH 10 finished in 81.153 seconds with lr = 6.30e-05:
	loss = 0.29261, accuracy = 0.8722 (0.8722)
	class 0: mean = 0.1223 std = 0.1833 fraction = 0.7407
	class 1: mean = 0.6504 std = 0.2974 fraction = 0.2593
	model time = 48.23 seconds, data time = 17.73 seconds
EPOCH 11 starting
EPOCH 11 finished in 81.050 seconds with lr = 5.99e-05:
	loss = 0.29254, accuracy = 0.8720 (0.8722)
	class 0: mean = 0.1225 std = 0.1836 fraction = 0.7409
	class 1: mean = 0.6504 std = 0.2969 fraction = 0.2591
	model time = 48.18 seconds, data time = 17.71 seconds
EPOCH 12 starting
EPOCH 12 finished in 81.042 seconds with lr = 5.69e-05:
	loss = 0.28863, accuracy = 0.8741 (0.8741)
	class 0: mean = 0.1208 std = 0.1838 fraction = 0.7403
	class 1: mean = 0.6559 std = 0.2960 fraction = 0.2597
	model time = 48.15 seconds, data time = 17.71 seconds
EPOCH 13 starting
EPOCH 13 finished in 80.922 seconds with lr = 5.40e-05:
	loss = 0.28799, accuracy = 0.8744 (0.8744)
	class 0: mean = 0.1202 std = 0.1822 fraction = 0.7420
	class 1: mean = 0.6544 std = 0.2979 fraction = 0.2580
	model time = 47.97 seconds, data time = 17.61 seconds
EPOCH 14 starting
EPOCH 14 finished in 80.869 seconds with lr = 5.13e-05:
	loss = 0.28770, accuracy = 0.8742 (0.8744)
	class 0: mean = 0.1203 std = 0.1829 fraction = 0.7408
	class 1: mean = 0.6564 std = 0.2974 fraction = 0.2592
	model time = 48.05 seconds, data time = 17.61 seconds
EPOCH 15 starting
EPOCH 15 finished in 81.077 seconds with lr = 4.88e-05:
	loss = 0.28591, accuracy = 0.8754 (0.8754)
	class 0: mean = 0.1195 std = 0.1833 fraction = 0.7403
	class 1: mean = 0.6597 std = 0.2968 fraction = 0.2597
	model time = 47.98 seconds, data time = 17.74 seconds
EPOCH 16 starting
EPOCH 16 finished in 80.740 seconds with lr = 4.63e-05:
	loss = 0.28597, accuracy = 0.8753 (0.8754)
	class 0: mean = 0.1196 std = 0.1826 fraction = 0.7404
	class 1: mean = 0.6591 std = 0.2977 fraction = 0.2596
	model time = 47.91 seconds, data time = 17.67 seconds
EPOCH 17 starting
EPOCH 17 finished in 80.869 seconds with lr = 4.40e-05:
	loss = 0.28695, accuracy = 0.8748 (0.8754)
	class 0: mean = 0.1200 std = 0.1833 fraction = 0.7391
	class 1: mean = 0.6594 std = 0.2972 fraction = 0.2609
	model time = 48.04 seconds, data time = 17.67 seconds
EPOCH 18 starting
EPOCH 18 finished in 81.046 seconds with lr = 4.18e-05:
	loss = 0.28582, accuracy = 0.8754 (0.8754)
	class 0: mean = 0.1196 std = 0.1837 fraction = 0.7400
	class 1: mean = 0.6604 std = 0.2962 fraction = 0.2600
	model time = 48.08 seconds, data time = 17.77 seconds
EPOCH 19 starting
EPOCH 19 finished in 81.206 seconds with lr = 3.97e-05:
	loss = 0.28528, accuracy = 0.8763 (0.8763)
	class 0: mean = 0.1190 std = 0.1825 fraction = 0.7407
	class 1: mean = 0.6599 std = 0.2973 fraction = 0.2593
	model time = 48.13 seconds, data time = 17.79 seconds
EPOCH 20 starting
EPOCH 20 finished in 82.714 seconds with lr = 3.77e-05:
	loss = 0.28336, accuracy = 0.8766 (0.8766)
	class 0: mean = 0.1186 std = 0.1828 fraction = 0.7403
	class 1: mean = 0.6623 std = 0.2968 fraction = 0.2597
	model time = 49.42 seconds, data time = 18.20 seconds
EPOCH 21 starting
EPOCH 21 finished in 82.388 seconds with lr = 3.58e-05:
	loss = 0.28321, accuracy = 0.8772 (0.8772)
	class 0: mean = 0.1181 std = 0.1825 fraction = 0.7412
	class 1: mean = 0.6621 std = 0.2974 fraction = 0.2588
	model time = 49.22 seconds, data time = 18.15 seconds
EPOCH 22 starting
EPOCH 22 finished in 82.089 seconds with lr = 3.41e-05:
	loss = 0.28276, accuracy = 0.8771 (0.8772)
	class 0: mean = 0.1179 std = 0.1819 fraction = 0.7411
	class 1: mean = 0.6625 std = 0.2979 fraction = 0.2589
	model time = 49.06 seconds, data time = 18.08 seconds
EPOCH 23 starting
EPOCH 23 finished in 80.960 seconds with lr = 3.24e-05:
	loss = 0.28229, accuracy = 0.8771 (0.8772)
	class 0: mean = 0.1180 std = 0.1826 fraction = 0.7399
	class 1: mean = 0.6648 std = 0.2972 fraction = 0.2601
	model time = 47.93 seconds, data time = 17.79 seconds
EPOCH 24 starting
EPOCH 24 finished in 80.930 seconds with lr = 3.07e-05:
	loss = 0.28260, accuracy = 0.8771 (0.8772)
	class 0: mean = 0.1179 std = 0.1823 fraction = 0.7419
	class 1: mean = 0.6616 std = 0.2976 fraction = 0.2581
	model time = 47.96 seconds, data time = 17.75 seconds
EPOCH 25 starting
EPOCH 25 finished in 80.688 seconds with lr = 2.92e-05:
	loss = 0.28144, accuracy = 0.8781 (0.8781)
	class 0: mean = 0.1173 std = 0.1824 fraction = 0.7406
	class 1: mean = 0.6647 std = 0.2971 fraction = 0.2594
	model time = 47.78 seconds, data time = 17.70 seconds
EPOCH 26 starting
EPOCH 26 finished in 80.690 seconds with lr = 2.77e-05:
	loss = 0.28046, accuracy = 0.8786 (0.8786)
	class 0: mean = 0.1169 std = 0.1820 fraction = 0.7405
	class 1: mean = 0.6667 std = 0.2977 fraction = 0.2595
	model time = 47.78 seconds, data time = 17.67 seconds
EPOCH 27 starting
EPOCH 27 finished in 80.797 seconds with lr = 2.64e-05:
	loss = 0.28022, accuracy = 0.8786 (0.8786)
	class 0: mean = 0.1168 std = 0.1817 fraction = 0.7408
	class 1: mean = 0.6665 std = 0.2982 fraction = 0.2592
	model time = 47.71 seconds, data time = 17.70 seconds
EPOCH 28 starting
EPOCH 28 finished in 80.678 seconds with lr = 2.50e-05:
	loss = 0.27982, accuracy = 0.8785 (0.8786)
	class 0: mean = 0.1166 std = 0.1819 fraction = 0.7408
	class 1: mean = 0.6663 std = 0.2975 fraction = 0.2592
	model time = 47.72 seconds, data time = 17.72 seconds
EPOCH 29 starting
EPOCH 29 finished in 80.762 seconds with lr = 2.38e-05:
	loss = 0.28037, accuracy = 0.8786 (0.8786)
	class 0: mean = 0.1167 std = 0.1818 fraction = 0.7416
	class 1: mean = 0.6653 std = 0.2977 fraction = 0.2584
	model time = 47.81 seconds, data time = 17.67 seconds
EPOCH 30 starting
EPOCH 30 finished in 80.737 seconds with lr = 2.26e-05:
	loss = 0.27863, accuracy = 0.8792 (0.8792)
	class 0: mean = 0.1161 std = 0.1821 fraction = 0.7415
	class 1: mean = 0.6676 std = 0.2973 fraction = 0.2585
	model time = 47.70 seconds, data time = 17.66 seconds
EPOCH 31 starting
EPOCH 31 finished in 80.857 seconds with lr = 2.15e-05:
	loss = 0.27890, accuracy = 0.8791 (0.8792)
	class 0: mean = 0.1163 std = 0.1819 fraction = 0.7404
	class 1: mean = 0.6683 std = 0.2974 fraction = 0.2596
	model time = 47.94 seconds, data time = 17.77 seconds
EPOCH 32 starting
EPOCH 32 finished in 80.688 seconds with lr = 2.04e-05:
	loss = 0.28074, accuracy = 0.8784 (0.8792)
	class 0: mean = 0.1170 std = 0.1821 fraction = 0.7397
	class 1: mean = 0.6672 std = 0.2977 fraction = 0.2603
	model time = 47.79 seconds, data time = 17.68 seconds
EPOCH 33 starting
EPOCH 33 finished in 82.571 seconds with lr = 1.94e-05:
	loss = 0.27895, accuracy = 0.8793 (0.8793)
	class 0: mean = 0.1162 std = 0.1820 fraction = 0.7404
	class 1: mean = 0.6685 std = 0.2972 fraction = 0.2596
	model time = 49.60 seconds, data time = 18.11 seconds
EPOCH 34 starting
EPOCH 34 finished in 82.418 seconds with lr = 1.84e-05:
	loss = 0.27716, accuracy = 0.8801 (0.8801)
	class 0: mean = 0.1153 std = 0.1813 fraction = 0.7416
	class 1: mean = 0.6692 std = 0.2978 fraction = 0.2584
	model time = 49.28 seconds, data time = 18.12 seconds
EPOCH 35 starting
EPOCH 35 finished in 82.111 seconds with lr = 1.75e-05:
	loss = 0.27845, accuracy = 0.8799 (0.8801)
	class 0: mean = 0.1162 std = 0.1820 fraction = 0.7404
	class 1: mean = 0.6695 std = 0.2975 fraction = 0.2596
	model time = 49.10 seconds, data time = 18.08 seconds
EPOCH 36 starting
EPOCH 36 finished in 82.035 seconds with lr = 1.66e-05:
	loss = 0.28000, accuracy = 0.8787 (0.8801)
	class 0: mean = 0.1165 std = 0.1822 fraction = 0.7413
	class 1: mean = 0.6661 std = 0.2972 fraction = 0.2587
	model time = 49.05 seconds, data time = 17.99 seconds
EPOCH 37 starting
EPOCH 37 finished in 82.215 seconds with lr = 1.58e-05:
	loss = 0.27950, accuracy = 0.8791 (0.8801)
	class 0: mean = 0.1164 std = 0.1819 fraction = 0.7402
	class 1: mean = 0.6682 std = 0.2972 fraction = 0.2598
	model time = 49.04 seconds, data time = 18.02 seconds
EPOCH 38 starting
EPOCH 38 finished in 82.121 seconds with lr = 1.50e-05:
	loss = 0.27812, accuracy = 0.8799 (0.8801)
	class 0: mean = 0.1158 std = 0.1818 fraction = 0.7406
	class 1: mean = 0.6698 std = 0.2974 fraction = 0.2594
	model time = 49.04 seconds, data time = 18.05 seconds
EPOCH 39 starting
EPOCH 39 finished in 82.206 seconds with lr = 1.42e-05:
	loss = 0.27827, accuracy = 0.8796 (0.8801)
	class 0: mean = 0.1159 std = 0.1817 fraction = 0.7401
	class 1: mean = 0.6694 std = 0.2975 fraction = 0.2599
	model time = 49.15 seconds, data time = 18.05 seconds
EPOCH 40 starting
EPOCH 40 finished in 82.118 seconds with lr = 1.35e-05:
	loss = 0.27726, accuracy = 0.8803 (0.8803)
	class 0: mean = 0.1152 std = 0.1817 fraction = 0.7424
	class 1: mean = 0.6689 std = 0.2972 fraction = 0.2576
	model time = 49.07 seconds, data time = 18.05 seconds
EPOCH 41 starting
EPOCH 41 finished in 82.164 seconds with lr = 1.29e-05:
	loss = 0.27782, accuracy = 0.8802 (0.8803)
	class 0: mean = 0.1155 std = 0.1817 fraction = 0.7406
	class 1: mean = 0.6698 std = 0.2971 fraction = 0.2594
	model time = 49.14 seconds, data time = 18.04 seconds
EPOCH 42 starting
EPOCH 42 finished in 82.178 seconds with lr = 1.22e-05:
	loss = 0.27715, accuracy = 0.8803 (0.8803)
	class 0: mean = 0.1152 std = 0.1815 fraction = 0.7411
	class 1: mean = 0.6703 std = 0.2975 fraction = 0.2589
	model time = 48.97 seconds, data time = 18.05 seconds
EPOCH 43 starting
EPOCH 43 finished in 82.009 seconds with lr = 1.16e-05:
	loss = 0.27763, accuracy = 0.8796 (0.8803)
	class 0: mean = 0.1157 std = 0.1820 fraction = 0.7408
	class 1: mean = 0.6700 std = 0.2972 fraction = 0.2592
	model time = 48.95 seconds, data time = 18.02 seconds
EPOCH 44 starting
EPOCH 44 finished in 82.126 seconds with lr = 1.10e-05:
	loss = 0.27696, accuracy = 0.8803 (0.8803)
	class 0: mean = 0.1153 std = 0.1816 fraction = 0.7401
	class 1: mean = 0.6717 std = 0.2976 fraction = 0.2599
	model time = 48.93 seconds, data time = 18.03 seconds
EPOCH 45 starting
EPOCH 45 finished in 82.023 seconds with lr = 1.05e-05:
	loss = 0.27674, accuracy = 0.8805 (0.8805)
	class 0: mean = 0.1153 std = 0.1813 fraction = 0.7412
	class 1: mean = 0.6708 std = 0.2980 fraction = 0.2588
	model time = 48.96 seconds, data time = 18.05 seconds
EPOCH 46 starting
EPOCH 46 finished in 82.109 seconds with lr = 9.94e-06:
	loss = 0.27608, accuracy = 0.8804 (0.8805)
	class 0: mean = 0.1146 std = 0.1813 fraction = 0.7414
	class 1: mean = 0.6709 std = 0.2975 fraction = 0.2586
	model time = 49.08 seconds, data time = 18.03 seconds
EPOCH 47 starting
EPOCH 47 finished in 82.395 seconds with lr = 9.45e-06:
	loss = 0.27703, accuracy = 0.8804 (0.8805)
	class 0: mean = 0.1155 std = 0.1817 fraction = 0.7402
	class 1: mean = 0.6717 std = 0.2973 fraction = 0.2598
	model time = 49.15 seconds, data time = 18.17 seconds
EPOCH 48 starting
EPOCH 48 finished in 82.243 seconds with lr = 8.97e-06:
	loss = 0.27568, accuracy = 0.8807 (0.8807)
	class 0: mean = 0.1144 std = 0.1815 fraction = 0.7413
	class 1: mean = 0.6716 std = 0.2974 fraction = 0.2587
	model time = 49.17 seconds, data time = 18.03 seconds
EPOCH 49 starting
EPOCH 49 finished in 82.143 seconds with lr = 8.53e-06:
	loss = 0.27700, accuracy = 0.8803 (0.8807)
	class 0: mean = 0.1155 std = 0.1820 fraction = 0.7406
	class 1: mean = 0.6709 std = 0.2967 fraction = 0.2594
	model time = 49.01 seconds, data time = 18.03 seconds
EPOCH 50 starting
EPOCH 50 finished in 81.960 seconds with lr = 8.10e-06:
	loss = 0.27639, accuracy = 0.8805 (0.8807)
	class 0: mean = 0.1152 std = 0.1817 fraction = 0.7405
	class 1: mean = 0.6718 std = 0.2969 fraction = 0.2595
	model time = 48.90 seconds, data time = 18.01 seconds
EPOCH 51 starting
EPOCH 51 finished in 82.174 seconds with lr = 7.69e-06:
	loss = 0.27666, accuracy = 0.8803 (0.8807)
	class 0: mean = 0.1151 std = 0.1817 fraction = 0.7406
	class 1: mean = 0.6709 std = 0.2971 fraction = 0.2594
	model time = 49.04 seconds, data time = 18.08 seconds
EPOCH 52 starting
EPOCH 52 finished in 81.969 seconds with lr = 7.31e-06:
	loss = 0.27651, accuracy = 0.8801 (0.8807)
	class 0: mean = 0.1151 std = 0.1817 fraction = 0.7402
	class 1: mean = 0.6717 std = 0.2973 fraction = 0.2598
	model time = 48.92 seconds, data time = 18.02 seconds
EPOCH 53 starting
EPOCH 53 finished in 82.141 seconds with lr = 6.94e-06:
	loss = 0.27694, accuracy = 0.8804 (0.8807)
	class 0: mean = 0.1153 std = 0.1818 fraction = 0.7408
	class 1: mean = 0.6709 std = 0.2972 fraction = 0.2592
	model time = 49.12 seconds, data time = 18.02 seconds
EPOCH 54 starting
EPOCH 54 finished in 82.111 seconds with lr = 6.60e-06:
	loss = 0.27667, accuracy = 0.8803 (0.8807)
	class 0: mean = 0.1152 std = 0.1816 fraction = 0.7406
	class 1: mean = 0.6711 std = 0.2974 fraction = 0.2594
	model time = 49.05 seconds, data time = 18.03 seconds
EPOCH 55 starting
EPOCH 55 finished in 81.986 seconds with lr = 6.27e-06:
	loss = 0.27621, accuracy = 0.8806 (0.8807)
	class 0: mean = 0.1149 std = 0.1815 fraction = 0.7408
	class 1: mean = 0.6713 std = 0.2972 fraction = 0.2592
	model time = 48.98 seconds, data time = 18.01 seconds
EPOCH 56 starting
EPOCH 56 finished in 82.062 seconds with lr = 5.95e-06:
	loss = 0.27657, accuracy = 0.8805 (0.8807)
	class 0: mean = 0.1151 std = 0.1815 fraction = 0.7404
	class 1: mean = 0.6719 std = 0.2976 fraction = 0.2596
	model time = 48.89 seconds, data time = 18.02 seconds
EPOCH 57 starting
EPOCH 57 finished in 81.894 seconds with lr = 5.66e-06:
	loss = 0.27619, accuracy = 0.8802 (0.8807)
	class 0: mean = 0.1152 std = 0.1825 fraction = 0.7403
	class 1: mean = 0.6721 std = 0.2961 fraction = 0.2597
	model time = 48.89 seconds, data time = 18.00 seconds
EPOCH 58 starting
EPOCH 58 finished in 81.992 seconds with lr = 5.37e-06:
	loss = 0.27563, accuracy = 0.8810 (0.8810)
	class 0: mean = 0.1147 std = 0.1818 fraction = 0.7404
	class 1: mean = 0.6727 std = 0.2968 fraction = 0.2596
	model time = 48.99 seconds, data time = 18.02 seconds
EPOCH 59 starting
EPOCH 59 finished in 82.052 seconds with lr = 5.10e-06:
	loss = 0.27781, accuracy = 0.8803 (0.8810)
	class 0: mean = 0.1157 std = 0.1825 fraction = 0.7402
	class 1: mean = 0.6712 std = 0.2969 fraction = 0.2598
	model time = 48.92 seconds, data time = 17.99 seconds
EPOCH 60 starting
EPOCH 60 finished in 81.963 seconds with lr = 4.85e-06:
	loss = 0.27564, accuracy = 0.8815 (0.8815)
	class 0: mean = 0.1147 std = 0.1811 fraction = 0.7395
	class 1: mean = 0.6733 std = 0.2973 fraction = 0.2605
	model time = 48.98 seconds, data time = 18.00 seconds
EPOCH 61 starting
EPOCH 61 finished in 82.094 seconds with lr = 4.61e-06:
	loss = 0.27626, accuracy = 0.8808 (0.8815)
	class 0: mean = 0.1150 std = 0.1819 fraction = 0.7410
	class 1: mean = 0.6724 std = 0.2975 fraction = 0.2590
	model time = 49.10 seconds, data time = 18.00 seconds
EPOCH 62 starting
EPOCH 62 finished in 82.037 seconds with lr = 4.38e-06:
	loss = 0.27539, accuracy = 0.8812 (0.8815)
	class 0: mean = 0.1143 std = 0.1809 fraction = 0.7418
	class 1: mean = 0.6709 std = 0.2976 fraction = 0.2582
	model time = 49.07 seconds, data time = 17.97 seconds
EPOCH 63 starting
EPOCH 63 finished in 82.009 seconds with lr = 4.16e-06:
	loss = 0.27530, accuracy = 0.8808 (0.8815)
	class 0: mean = 0.1148 std = 0.1820 fraction = 0.7403
	class 1: mean = 0.6735 std = 0.2965 fraction = 0.2597
	model time = 49.00 seconds, data time = 17.99 seconds
EPOCH 64 starting
EPOCH 64 finished in 81.842 seconds with lr = 3.95e-06:
	loss = 0.27588, accuracy = 0.8807 (0.8815)
	class 0: mean = 0.1145 std = 0.1814 fraction = 0.7414
	class 1: mean = 0.6710 std = 0.2973 fraction = 0.2586
	model time = 48.89 seconds, data time = 17.96 seconds
EPOCH 65 starting
EPOCH 65 finished in 82.000 seconds with lr = 3.75e-06:
	loss = 0.27644, accuracy = 0.8803 (0.8815)
	class 0: mean = 0.1154 std = 0.1822 fraction = 0.7402
	class 1: mean = 0.6721 std = 0.2965 fraction = 0.2598
	model time = 48.99 seconds, data time = 17.99 seconds
EPOCH 66 starting
EPOCH 66 finished in 82.064 seconds with lr = 3.56e-06:
	loss = 0.27650, accuracy = 0.8806 (0.8815)
	class 0: mean = 0.1151 std = 0.1816 fraction = 0.7396
	class 1: mean = 0.6729 std = 0.2974 fraction = 0.2604
	model time = 48.92 seconds, data time = 17.98 seconds
EPOCH 67 starting
EPOCH 67 finished in 81.950 seconds with lr = 3.39e-06:
	loss = 0.27515, accuracy = 0.8813 (0.8815)
	class 0: mean = 0.1145 std = 0.1816 fraction = 0.7414
	class 1: mean = 0.6724 std = 0.2969 fraction = 0.2586
	model time = 48.89 seconds, data time = 17.99 seconds
EPOCH 68 starting
EPOCH 68 finished in 82.184 seconds with lr = 3.22e-06:
	loss = 0.27624, accuracy = 0.8812 (0.8815)
	class 0: mean = 0.1147 std = 0.1818 fraction = 0.7414
	class 1: mean = 0.6715 std = 0.2971 fraction = 0.2586
	model time = 49.08 seconds, data time = 18.02 seconds
EPOCH 69 starting
EPOCH 69 finished in 82.084 seconds with lr = 3.06e-06:
	loss = 0.27493, accuracy = 0.8819 (0.8819)
	class 0: mean = 0.1142 std = 0.1813 fraction = 0.7407
	class 1: mean = 0.6736 std = 0.2973 fraction = 0.2593
	model time = 49.08 seconds, data time = 17.96 seconds
EPOCH 70 starting
EPOCH 70 finished in 81.944 seconds with lr = 2.90e-06:
	loss = 0.27645, accuracy = 0.8812 (0.8819)
	class 0: mean = 0.1148 std = 0.1813 fraction = 0.7404
	class 1: mean = 0.6722 std = 0.2978 fraction = 0.2596
	model time = 48.92 seconds, data time = 17.96 seconds
EPOCH 71 starting
EPOCH 71 finished in 82.019 seconds with lr = 2.76e-06:
	loss = 0.27507, accuracy = 0.8809 (0.8819)
	class 0: mean = 0.1145 std = 0.1812 fraction = 0.7407
	class 1: mean = 0.6725 std = 0.2972 fraction = 0.2593
	model time = 48.83 seconds, data time = 18.01 seconds
EPOCH 72 starting
EPOCH 72 finished in 81.839 seconds with lr = 2.62e-06:
	loss = 0.27628, accuracy = 0.8804 (0.8819)
	class 0: mean = 0.1148 std = 0.1818 fraction = 0.7415
	class 1: mean = 0.6710 std = 0.2973 fraction = 0.2585
	model time = 48.82 seconds, data time = 17.95 seconds
EPOCH 73 starting
EPOCH 73 finished in 81.953 seconds with lr = 2.49e-06:
	loss = 0.27483, accuracy = 0.8806 (0.8819)
	class 0: mean = 0.1145 std = 0.1816 fraction = 0.7411
	class 1: mean = 0.6726 std = 0.2970 fraction = 0.2589
	model time = 48.81 seconds, data time = 17.96 seconds
EPOCH 74 starting
EPOCH 74 finished in 81.848 seconds with lr = 2.36e-06:
	loss = 0.27458, accuracy = 0.8816 (0.8819)
	class 0: mean = 0.1142 std = 0.1815 fraction = 0.7404
	class 1: mean = 0.6738 std = 0.2969 fraction = 0.2596
	model time = 48.80 seconds, data time = 18.00 seconds
EPOCH 75 starting
EPOCH 75 finished in 82.156 seconds with lr = 2.25e-06:
	loss = 0.27511, accuracy = 0.8809 (0.8819)
	class 0: mean = 0.1144 std = 0.1814 fraction = 0.7416
	class 1: mean = 0.6724 std = 0.2973 fraction = 0.2584
	model time = 49.11 seconds, data time = 18.06 seconds
EPOCH 76 starting
EPOCH 76 finished in 82.025 seconds with lr = 2.13e-06:
	loss = 0.27563, accuracy = 0.8809 (0.8819)
	class 0: mean = 0.1148 std = 0.1815 fraction = 0.7408
	class 1: mean = 0.6727 std = 0.2977 fraction = 0.2592
	model time = 49.00 seconds, data time = 17.99 seconds
EPOCH 77 starting
EPOCH 77 finished in 82.091 seconds with lr = 2.03e-06:
	loss = 0.27547, accuracy = 0.8814 (0.8819)
	class 0: mean = 0.1143 std = 0.1808 fraction = 0.7414
	class 1: mean = 0.6719 std = 0.2980 fraction = 0.2586
	model time = 49.07 seconds, data time = 18.00 seconds
EPOCH 78 starting
EPOCH 78 finished in 81.948 seconds with lr = 1.93e-06:
	loss = 0.27557, accuracy = 0.8807 (0.8819)
	class 0: mean = 0.1144 std = 0.1812 fraction = 0.7415
	class 1: mean = 0.6713 std = 0.2973 fraction = 0.2585
	model time = 48.85 seconds, data time = 17.95 seconds
EPOCH 79 starting
EPOCH 79 finished in 81.819 seconds with lr = 1.83e-06:
	loss = 0.27553, accuracy = 0.8809 (0.8819)
	class 0: mean = 0.1149 std = 0.1818 fraction = 0.7404
	class 1: mean = 0.6729 std = 0.2967 fraction = 0.2596
	model time = 48.76 seconds, data time = 18.02 seconds
EPOCH 80 starting
EPOCH 80 finished in 81.948 seconds with lr = 1.74e-06:
	loss = 0.27558, accuracy = 0.8810 (0.8819)
	class 0: mean = 0.1145 std = 0.1812 fraction = 0.7408
	class 1: mean = 0.6724 std = 0.2975 fraction = 0.2592
	model time = 48.89 seconds, data time = 18.01 seconds
EPOCH 81 starting
EPOCH 81 finished in 81.813 seconds with lr = 1.65e-06:
	loss = 0.27587, accuracy = 0.8807 (0.8819)
	class 0: mean = 0.1146 std = 0.1814 fraction = 0.7412
	class 1: mean = 0.6720 std = 0.2974 fraction = 0.2588
	model time = 48.80 seconds, data time = 17.99 seconds
EPOCH 82 starting
EPOCH 82 finished in 81.936 seconds with lr = 1.57e-06:
	loss = 0.27580, accuracy = 0.8810 (0.8819)
	class 0: mean = 0.1144 std = 0.1812 fraction = 0.7405
	class 1: mean = 0.6725 std = 0.2979 fraction = 0.2595
	model time = 48.90 seconds, data time = 18.00 seconds
EPOCH 83 starting
EPOCH 83 finished in 82.069 seconds with lr = 1.49e-06:
	loss = 0.27577, accuracy = 0.8811 (0.8819)
	class 0: mean = 0.1148 std = 0.1817 fraction = 0.7410
	class 1: mean = 0.6725 std = 0.2971 fraction = 0.2590
	model time = 48.91 seconds, data time = 18.03 seconds
EPOCH 84 starting
EPOCH 84 finished in 82.011 seconds with lr = 1.42e-06:
	loss = 0.27599, accuracy = 0.8808 (0.8819)
	class 0: mean = 0.1148 std = 0.1819 fraction = 0.7401
	class 1: mean = 0.6727 std = 0.2970 fraction = 0.2599
	model time = 48.97 seconds, data time = 18.00 seconds
EPOCH 85 starting
EPOCH 85 finished in 82.176 seconds with lr = 1.35e-06:
	loss = 0.27498, accuracy = 0.8812 (0.8819)
	class 0: mean = 0.1143 std = 0.1812 fraction = 0.7423
	class 1: mean = 0.6719 std = 0.2973 fraction = 0.2577
	model time = 48.94 seconds, data time = 17.99 seconds
EPOCH 86 starting
EPOCH 86 finished in 82.002 seconds with lr = 1.28e-06:
	loss = 0.27506, accuracy = 0.8814 (0.8819)
	class 0: mean = 0.1144 std = 0.1815 fraction = 0.7403
	class 1: mean = 0.6738 std = 0.2971 fraction = 0.2597
	model time = 48.82 seconds, data time = 18.15 seconds
EPOCH 87 starting
EPOCH 87 finished in 81.932 seconds with lr = 1.21e-06:
	loss = 0.27456, accuracy = 0.8814 (0.8819)
	class 0: mean = 0.1145 std = 0.1819 fraction = 0.7407
	class 1: mean = 0.6739 std = 0.2967 fraction = 0.2593
	model time = 48.96 seconds, data time = 17.97 seconds
EPOCH 88 starting
EPOCH 88 finished in 82.056 seconds with lr = 1.15e-06:
	loss = 0.27617, accuracy = 0.8809 (0.8819)
	class 0: mean = 0.1145 std = 0.1817 fraction = 0.7414
	class 1: mean = 0.6712 std = 0.2973 fraction = 0.2586
	model time = 48.82 seconds, data time = 18.00 seconds
EPOCH 89 starting
EPOCH 89 finished in 81.931 seconds with lr = 1.10e-06:
	loss = 0.27463, accuracy = 0.8810 (0.8819)
	class 0: mean = 0.1146 std = 0.1817 fraction = 0.7402
	class 1: mean = 0.6738 std = 0.2964 fraction = 0.2598
	model time = 48.89 seconds, data time = 18.01 seconds
EPOCH 90 starting
EPOCH 90 finished in 81.958 seconds with lr = 1.04e-06:
	loss = 0.27453, accuracy = 0.8813 (0.8819)
	class 0: mean = 0.1143 std = 0.1816 fraction = 0.7414
	class 1: mean = 0.6733 std = 0.2966 fraction = 0.2586
	model time = 48.97 seconds, data time = 17.97 seconds
EPOCH 91 starting
EPOCH 91 finished in 81.913 seconds with lr = 1.00e-06:
	loss = 0.27560, accuracy = 0.8808 (0.8819)
	class 0: mean = 0.1141 std = 0.1814 fraction = 0.7417
	class 1: mean = 0.6717 std = 0.2978 fraction = 0.2583
	model time = 48.93 seconds, data time = 17.96 seconds
EPOCH 92 starting
EPOCH 92 finished in 81.817 seconds with lr = 1.00e-06:
	loss = 0.27663, accuracy = 0.8808 (0.8819)
	class 0: mean = 0.1151 std = 0.1821 fraction = 0.7404
	class 1: mean = 0.6723 std = 0.2972 fraction = 0.2596
	model time = 48.88 seconds, data time = 17.91 seconds
EPOCH 93 starting
EPOCH 93 finished in 81.574 seconds with lr = 1.00e-06:
	loss = 0.27485, accuracy = 0.8815 (0.8819)
	class 0: mean = 0.1144 std = 0.1812 fraction = 0.7414
	class 1: mean = 0.6725 std = 0.2969 fraction = 0.2586
	model time = 48.67 seconds, data time = 17.87 seconds
EPOCH 94 starting
EPOCH 94 finished in 81.705 seconds with lr = 1.00e-06:
	loss = 0.27453, accuracy = 0.8812 (0.8819)
	class 0: mean = 0.1142 std = 0.1816 fraction = 0.7402
	class 1: mean = 0.6740 std = 0.2967 fraction = 0.2598
	model time = 48.80 seconds, data time = 17.84 seconds
EPOCH 95 starting
EPOCH 95 finished in 81.764 seconds with lr = 1.00e-06:
	loss = 0.27519, accuracy = 0.8812 (0.8819)
	class 0: mean = 0.1142 std = 0.1814 fraction = 0.7409
	class 1: mean = 0.6726 std = 0.2973 fraction = 0.2591
	model time = 48.74 seconds, data time = 17.87 seconds
EPOCH 96 starting
EPOCH 96 finished in 81.605 seconds with lr = 1.00e-06:
	loss = 0.27476, accuracy = 0.8814 (0.8819)
	class 0: mean = 0.1143 std = 0.1812 fraction = 0.7415
	class 1: mean = 0.6723 std = 0.2969 fraction = 0.2585
	model time = 48.67 seconds, data time = 17.86 seconds
EPOCH 97 starting
EPOCH 97 finished in 81.603 seconds with lr = 1.00e-06:
	loss = 0.27563, accuracy = 0.8807 (0.8819)
	class 0: mean = 0.1147 std = 0.1818 fraction = 0.7408
	class 1: mean = 0.6728 std = 0.2970 fraction = 0.2592
	model time = 48.74 seconds, data time = 17.85 seconds
EPOCH 98 starting
EPOCH 98 finished in 81.586 seconds with lr = 1.00e-06:
	loss = 0.27432, accuracy = 0.8817 (0.8819)
	class 0: mean = 0.1137 std = 0.1810 fraction = 0.7411
	class 1: mean = 0.6737 std = 0.2977 fraction = 0.2589
	model time = 48.73 seconds, data time = 17.83 seconds
EPOCH 99 starting
EPOCH 99 finished in 81.656 seconds with lr = 1.00e-06:
	loss = 0.27562, accuracy = 0.8812 (0.8819)
	class 0: mean = 0.1148 std = 0.1814 fraction = 0.7412
	class 1: mean = 0.6723 std = 0.2973 fraction = 0.2588
	model time = 48.77 seconds, data time = 17.86 seconds
EPOCH 100 starting
EPOCH 100 finished in 81.522 seconds with lr = 1.00e-06:
	loss = 0.27456, accuracy = 0.8814 (0.8819)
	class 0: mean = 0.1143 std = 0.1814 fraction = 0.7415
	class 1: mean = 0.6735 std = 0.2974 fraction = 0.2585
	model time = 48.53 seconds, data time = 17.82 seconds
EPOCH 101 starting
EPOCH 101 finished in 81.438 seconds with lr = 1.00e-06:
	loss = 0.27565, accuracy = 0.8809 (0.8819)
	class 0: mean = 0.1145 std = 0.1816 fraction = 0.7404
	class 1: mean = 0.6728 std = 0.2973 fraction = 0.2596
	model time = 48.63 seconds, data time = 17.81 seconds
EPOCH 102 starting
EPOCH 102 finished in 81.509 seconds with lr = 1.00e-06:
	loss = 0.27476, accuracy = 0.8814 (0.8819)
	class 0: mean = 0.1145 std = 0.1814 fraction = 0.7402
	class 1: mean = 0.6739 std = 0.2966 fraction = 0.2598
	model time = 48.55 seconds, data time = 17.79 seconds
EPOCH 103 starting
EPOCH 103 finished in 81.381 seconds with lr = 1.00e-06:
	loss = 0.27548, accuracy = 0.8815 (0.8819)
	class 0: mean = 0.1145 std = 0.1813 fraction = 0.7404
	class 1: mean = 0.6730 std = 0.2970 fraction = 0.2596
	model time = 48.57 seconds, data time = 17.80 seconds
EPOCH 104 starting
EPOCH 104 finished in 81.601 seconds with lr = 1.00e-06:
	loss = 0.27640, accuracy = 0.8807 (0.8819)
	class 0: mean = 0.1149 std = 0.1822 fraction = 0.7398
	class 1: mean = 0.6733 std = 0.2973 fraction = 0.2602
	model time = 48.78 seconds, data time = 17.81 seconds
EPOCH 105 starting
EPOCH 105 finished in 81.574 seconds with lr = 1.00e-06:
	loss = 0.27678, accuracy = 0.8802 (0.8819)
	class 0: mean = 0.1154 std = 0.1823 fraction = 0.7395
	class 1: mean = 0.6726 std = 0.2970 fraction = 0.2605
	model time = 48.68 seconds, data time = 17.80 seconds
EPOCH 106 starting
EPOCH 106 finished in 81.544 seconds with lr = 1.00e-06:
	loss = 0.27459, accuracy = 0.8815 (0.8819)
	class 0: mean = 0.1144 std = 0.1815 fraction = 0.7405
	class 1: mean = 0.6738 std = 0.2966 fraction = 0.2595
	model time = 48.73 seconds, data time = 17.82 seconds
EPOCH 107 starting
EPOCH 107 finished in 81.496 seconds with lr = 1.00e-06:
	loss = 0.27467, accuracy = 0.8817 (0.8819)
	class 0: mean = 0.1141 std = 0.1810 fraction = 0.7403
	class 1: mean = 0.6742 std = 0.2978 fraction = 0.2597
	model time = 48.56 seconds, data time = 17.78 seconds
EPOCH 108 starting
EPOCH 108 finished in 81.301 seconds with lr = 1.00e-06:
	loss = 0.27479, accuracy = 0.8812 (0.8819)
	class 0: mean = 0.1144 std = 0.1819 fraction = 0.7407
	class 1: mean = 0.6736 std = 0.2966 fraction = 0.2593
	model time = 48.50 seconds, data time = 17.78 seconds
EPOCH 109 starting
EPOCH 109 finished in 81.532 seconds with lr = 1.00e-06:
	loss = 0.27608, accuracy = 0.8807 (0.8819)
	class 0: mean = 0.1149 std = 0.1819 fraction = 0.7392
	class 1: mean = 0.6740 std = 0.2973 fraction = 0.2608
	model time = 48.69 seconds, data time = 17.85 seconds
EPOCH 110 starting
EPOCH 110 finished in 81.528 seconds with lr = 1.00e-06:
	loss = 0.27551, accuracy = 0.8812 (0.8819)
	class 0: mean = 0.1146 std = 0.1815 fraction = 0.7405
	class 1: mean = 0.6732 std = 0.2970 fraction = 0.2595
	model time = 48.57 seconds, data time = 17.77 seconds
EPOCH 111 starting
EPOCH 111 finished in 81.275 seconds with lr = 1.00e-06:
	loss = 0.27557, accuracy = 0.8810 (0.8819)
	class 0: mean = 0.1146 std = 0.1814 fraction = 0.7409
	class 1: mean = 0.6723 std = 0.2973 fraction = 0.2591
	model time = 48.53 seconds, data time = 17.75 seconds
EPOCH 112 starting
EPOCH 112 finished in 81.551 seconds with lr = 1.00e-06:
	loss = 0.27478, accuracy = 0.8811 (0.8819)
	class 0: mean = 0.1145 std = 0.1814 fraction = 0.7406
	class 1: mean = 0.6735 std = 0.2972 fraction = 0.2594
	model time = 48.76 seconds, data time = 17.81 seconds
EPOCH 113 starting
EPOCH 113 finished in 82.129 seconds with lr = 1.00e-06:
	loss = 0.27509, accuracy = 0.8816 (0.8819)
	class 0: mean = 0.1143 std = 0.1818 fraction = 0.7404
	class 1: mean = 0.6745 std = 0.2971 fraction = 0.2596
	model time = 49.11 seconds, data time = 17.94 seconds
EPOCH 114 starting
EPOCH 114 finished in 82.367 seconds with lr = 1.00e-06:
	loss = 0.27471, accuracy = 0.8811 (0.8819)
	class 0: mean = 0.1144 std = 0.1814 fraction = 0.7414
	class 1: mean = 0.6729 std = 0.2970 fraction = 0.2586
	model time = 49.28 seconds, data time = 18.09 seconds
EPOCH 115 starting
EPOCH 115 finished in 81.410 seconds with lr = 1.00e-06:
	loss = 0.27553, accuracy = 0.8810 (0.8819)
	class 0: mean = 0.1144 std = 0.1813 fraction = 0.7404
	class 1: mean = 0.6723 std = 0.2971 fraction = 0.2596
	model time = 48.58 seconds, data time = 17.80 seconds
EPOCH 116 starting
EPOCH 116 finished in 82.579 seconds with lr = 1.00e-06:
	loss = 0.27517, accuracy = 0.8814 (0.8819)
	class 0: mean = 0.1145 std = 0.1815 fraction = 0.7397
	class 1: mean = 0.6740 std = 0.2971 fraction = 0.2603
	model time = 49.41 seconds, data time = 18.03 seconds
EPOCH 117 starting
EPOCH 117 finished in 82.697 seconds with lr = 1.00e-06:
	loss = 0.27537, accuracy = 0.8814 (0.8819)
	class 0: mean = 0.1148 std = 0.1822 fraction = 0.7407
	class 1: mean = 0.6737 std = 0.2967 fraction = 0.2593
	model time = 49.49 seconds, data time = 18.15 seconds
EPOCH 118 starting
EPOCH 118 finished in 82.429 seconds with lr = 1.00e-06:
	loss = 0.27526, accuracy = 0.8810 (0.8819)
	class 0: mean = 0.1146 std = 0.1816 fraction = 0.7413
	class 1: mean = 0.6724 std = 0.2969 fraction = 0.2587
	model time = 49.44 seconds, data time = 18.10 seconds
EPOCH 119 starting
EPOCH 119 finished in 82.548 seconds with lr = 1.00e-06:
	loss = 0.27653, accuracy = 0.8810 (0.8819)
	class 0: mean = 0.1147 std = 0.1818 fraction = 0.7406
	class 1: mean = 0.6719 std = 0.2975 fraction = 0.2594
	model time = 49.55 seconds, data time = 18.10 seconds
EPOCH 120 starting
EPOCH 120 finished in 82.585 seconds with lr = 1.00e-06:
	loss = 0.27506, accuracy = 0.8809 (0.8819)
	class 0: mean = 0.1147 std = 0.1816 fraction = 0.7404
	class 1: mean = 0.6736 std = 0.2971 fraction = 0.2596
	model time = 49.56 seconds, data time = 18.10 seconds
EPOCH 121 starting
EPOCH 121 finished in 82.552 seconds with lr = 1.00e-06:
	loss = 0.27459, accuracy = 0.8815 (0.8819)
	class 0: mean = 0.1143 std = 0.1813 fraction = 0.7407
	class 1: mean = 0.6735 std = 0.2972 fraction = 0.2593
	model time = 49.58 seconds, data time = 18.08 seconds
EPOCH 122 starting
EPOCH 122 finished in 82.456 seconds with lr = 1.00e-06:
	loss = 0.27480, accuracy = 0.8817 (0.8819)
	class 0: mean = 0.1144 std = 0.1813 fraction = 0.7398
	class 1: mean = 0.6747 std = 0.2972 fraction = 0.2602
	model time = 49.47 seconds, data time = 18.09 seconds
EPOCH 123 starting
EPOCH 123 finished in 82.584 seconds with lr = 1.00e-06:
	loss = 0.27469, accuracy = 0.8814 (0.8819)
	class 0: mean = 0.1143 std = 0.1818 fraction = 0.7407
	class 1: mean = 0.6744 std = 0.2975 fraction = 0.2593
	model time = 49.58 seconds, data time = 18.10 seconds
EPOCH 124 starting
EPOCH 124 finished in 82.627 seconds with lr = 1.00e-06:
	loss = 0.27482, accuracy = 0.8817 (0.8819)
	class 0: mean = 0.1140 std = 0.1811 fraction = 0.7409
	class 1: mean = 0.6730 std = 0.2973 fraction = 0.2591
	model time = 49.46 seconds, data time = 18.12 seconds
EPOCH 125 starting
EPOCH 125 finished in 82.492 seconds with lr = 1.00e-06:
	loss = 0.27608, accuracy = 0.8810 (0.8819)
	class 0: mean = 0.1144 std = 0.1815 fraction = 0.7408
	class 1: mean = 0.6722 std = 0.2973 fraction = 0.2592
	model time = 49.44 seconds, data time = 18.14 seconds
EPOCH 126 starting
EPOCH 126 finished in 82.929 seconds with lr = 1.00e-06:
	loss = 0.27440, accuracy = 0.8814 (0.8819)
	class 0: mean = 0.1142 std = 0.1811 fraction = 0.7421
	class 1: mean = 0.6729 std = 0.2973 fraction = 0.2579
	model time = 49.86 seconds, data time = 18.18 seconds
EPOCH 127 starting
EPOCH 127 finished in 82.955 seconds with lr = 1.00e-06:
	loss = 0.27436, accuracy = 0.8817 (0.8819)
	class 0: mean = 0.1140 std = 0.1812 fraction = 0.7411
	class 1: mean = 0.6740 std = 0.2972 fraction = 0.2589
	model time = 49.88 seconds, data time = 18.18 seconds
EPOCH 128 starting
EPOCH 128 finished in 82.323 seconds with lr = 1.00e-06:
	loss = 0.27530, accuracy = 0.8815 (0.8819)
	class 0: mean = 0.1143 std = 0.1811 fraction = 0.7410
	class 1: mean = 0.6727 std = 0.2977 fraction = 0.2590
	model time = 49.35 seconds, data time = 18.03 seconds
EPOCH 129 starting
EPOCH 129 finished in 82.447 seconds with lr = 1.00e-06:
	loss = 0.27523, accuracy = 0.8810 (0.8819)
	class 0: mean = 0.1143 std = 0.1816 fraction = 0.7417
	class 1: mean = 0.6720 std = 0.2974 fraction = 0.2583
	model time = 49.34 seconds, data time = 18.09 seconds
EPOCH 130 starting
EPOCH 130 finished in 82.238 seconds with lr = 1.00e-06:
	loss = 0.27531, accuracy = 0.8812 (0.8819)
	class 0: mean = 0.1148 std = 0.1815 fraction = 0.7410
	class 1: mean = 0.6730 std = 0.2971 fraction = 0.2590
	model time = 49.30 seconds, data time = 18.08 seconds
EPOCH 131 starting
EPOCH 131 finished in 82.332 seconds with lr = 1.00e-06:
	loss = 0.27511, accuracy = 0.8811 (0.8819)
	class 0: mean = 0.1142 std = 0.1815 fraction = 0.7413
	class 1: mean = 0.6726 std = 0.2970 fraction = 0.2587
	model time = 49.26 seconds, data time = 18.06 seconds
EPOCH 132 starting
EPOCH 132 finished in 82.273 seconds with lr = 1.00e-06:
	loss = 0.27619, accuracy = 0.8810 (0.8819)
	class 0: mean = 0.1145 std = 0.1817 fraction = 0.7409
	class 1: mean = 0.6719 std = 0.2974 fraction = 0.2591
	model time = 49.26 seconds, data time = 18.09 seconds
EPOCH 133 starting
EPOCH 133 finished in 82.432 seconds with lr = 1.00e-06:
	loss = 0.27598, accuracy = 0.8802 (0.8819)
	class 0: mean = 0.1150 std = 0.1817 fraction = 0.7406
	class 1: mean = 0.6715 std = 0.2970 fraction = 0.2594
	model time = 49.42 seconds, data time = 18.11 seconds
EPOCH 134 starting
EPOCH 134 finished in 82.392 seconds with lr = 1.00e-06:
	loss = 0.27481, accuracy = 0.8817 (0.8819)
	class 0: mean = 0.1145 std = 0.1812 fraction = 0.7410
	class 1: mean = 0.6728 std = 0.2969 fraction = 0.2590
	model time = 49.41 seconds, data time = 18.08 seconds
EPOCH 135 starting
EPOCH 135 finished in 82.374 seconds with lr = 1.00e-06:
	loss = 0.27570, accuracy = 0.8807 (0.8819)
	class 0: mean = 0.1146 std = 0.1819 fraction = 0.7415
	class 1: mean = 0.6725 std = 0.2978 fraction = 0.2585
	model time = 49.41 seconds, data time = 18.08 seconds
EPOCH 136 starting
EPOCH 136 finished in 82.398 seconds with lr = 1.00e-06:
	loss = 0.27536, accuracy = 0.8808 (0.8819)
	class 0: mean = 0.1146 std = 0.1814 fraction = 0.7399
	class 1: mean = 0.6733 std = 0.2970 fraction = 0.2601
	model time = 49.31 seconds, data time = 18.08 seconds
EPOCH 137 starting
EPOCH 137 finished in 82.255 seconds with lr = 1.00e-06:
	loss = 0.27543, accuracy = 0.8811 (0.8819)
	class 0: mean = 0.1148 std = 0.1817 fraction = 0.7404
	class 1: mean = 0.6730 std = 0.2967 fraction = 0.2596
	model time = 49.28 seconds, data time = 18.07 seconds
EPOCH 138 starting
EPOCH 138 finished in 82.043 seconds with lr = 1.00e-06:
	loss = 0.27563, accuracy = 0.8809 (0.8819)
	class 0: mean = 0.1147 std = 0.1818 fraction = 0.7407
	class 1: mean = 0.6729 std = 0.2975 fraction = 0.2593
	model time = 49.13 seconds, data time = 18.02 seconds
EPOCH 139 starting
EPOCH 139 finished in 81.824 seconds with lr = 1.00e-06:
	loss = 0.27477, accuracy = 0.8808 (0.8819)
	class 0: mean = 0.1142 std = 0.1810 fraction = 0.7404
	class 1: mean = 0.6728 std = 0.2970 fraction = 0.2596
	model time = 48.76 seconds, data time = 17.93 seconds
EPOCH 140 starting
EPOCH 140 finished in 81.761 seconds with lr = 1.00e-06:
	loss = 0.27361, accuracy = 0.8822 (0.8822)
	class 0: mean = 0.1140 std = 0.1810 fraction = 0.7408
	class 1: mean = 0.6751 std = 0.2972 fraction = 0.2592
	model time = 48.81 seconds, data time = 17.97 seconds
EPOCH 141 starting
EPOCH 141 finished in 81.877 seconds with lr = 1.00e-06:
	loss = 0.27667, accuracy = 0.8808 (0.8822)
	class 0: mean = 0.1149 std = 0.1821 fraction = 0.7413
	class 1: mean = 0.6717 std = 0.2977 fraction = 0.2587
	model time = 48.93 seconds, data time = 17.95 seconds
EPOCH 142 starting
EPOCH 142 finished in 81.867 seconds with lr = 1.00e-06:
	loss = 0.27496, accuracy = 0.8817 (0.8822)
	class 0: mean = 0.1141 std = 0.1810 fraction = 0.7401
	class 1: mean = 0.6738 std = 0.2976 fraction = 0.2599
	model time = 48.92 seconds, data time = 17.95 seconds
EPOCH 143 starting
EPOCH 143 finished in 81.871 seconds with lr = 1.00e-06:
	loss = 0.27465, accuracy = 0.8813 (0.8822)
	class 0: mean = 0.1141 std = 0.1807 fraction = 0.7411
	class 1: mean = 0.6722 std = 0.2970 fraction = 0.2589
	model time = 48.78 seconds, data time = 17.96 seconds
EPOCH 144 starting
EPOCH 144 finished in 81.733 seconds with lr = 1.00e-06:
	loss = 0.27459, accuracy = 0.8813 (0.8822)
	class 0: mean = 0.1145 std = 0.1817 fraction = 0.7401
	class 1: mean = 0.6747 std = 0.2975 fraction = 0.2599
	model time = 48.78 seconds, data time = 17.95 seconds
EPOCH 145 starting
EPOCH 145 finished in 81.874 seconds with lr = 1.00e-06:
	loss = 0.27403, accuracy = 0.8818 (0.8822)
	class 0: mean = 0.1139 std = 0.1812 fraction = 0.7415
	class 1: mean = 0.6743 std = 0.2975 fraction = 0.2585
	model time = 48.92 seconds, data time = 17.98 seconds
EPOCH 146 starting
EPOCH 146 finished in 81.861 seconds with lr = 1.00e-06:
	loss = 0.27585, accuracy = 0.8812 (0.8822)
	class 0: mean = 0.1143 std = 0.1813 fraction = 0.7408
	class 1: mean = 0.6725 std = 0.2981 fraction = 0.2592
	model time = 48.80 seconds, data time = 17.95 seconds
EPOCH 147 starting
EPOCH 147 finished in 81.722 seconds with lr = 1.00e-06:
	loss = 0.27529, accuracy = 0.8815 (0.8822)
	class 0: mean = 0.1143 std = 0.1811 fraction = 0.7402
	class 1: mean = 0.6733 std = 0.2974 fraction = 0.2598
	model time = 48.79 seconds, data time = 17.94 seconds
EPOCH 148 starting
EPOCH 148 finished in 81.860 seconds with lr = 1.00e-06:
	loss = 0.27506, accuracy = 0.8816 (0.8822)
	class 0: mean = 0.1143 std = 0.1817 fraction = 0.7411
	class 1: mean = 0.6733 std = 0.2972 fraction = 0.2589
	model time = 48.92 seconds, data time = 17.95 seconds
EPOCH 149 starting
EPOCH 149 finished in 81.856 seconds with lr = 1.00e-06:
	loss = 0.27500, accuracy = 0.8811 (0.8822)
	class 0: mean = 0.1143 std = 0.1814 fraction = 0.7404
	class 1: mean = 0.6736 std = 0.2973 fraction = 0.2596
	model time = 48.94 seconds, data time = 17.94 seconds
EPOCH 150 starting
EPOCH 150 finished in 81.869 seconds with lr = 1.00e-06:
	loss = 0.27554, accuracy = 0.8812 (0.8822)
	class 0: mean = 0.1148 std = 0.1815 fraction = 0.7412
	class 1: mean = 0.6724 std = 0.2973 fraction = 0.2588
	model time = 48.91 seconds, data time = 17.97 seconds
EPOCH 151 starting
EPOCH 151 finished in 81.702 seconds with lr = 1.00e-06:
	loss = 0.27476, accuracy = 0.8817 (0.8822)
	class 0: mean = 0.1140 std = 0.1809 fraction = 0.7413
	class 1: mean = 0.6725 std = 0.2974 fraction = 0.2587
	model time = 48.79 seconds, data time = 17.93 seconds
EPOCH 152 starting
EPOCH 152 finished in 81.873 seconds with lr = 1.00e-06:
	loss = 0.27591, accuracy = 0.8806 (0.8822)
	class 0: mean = 0.1148 std = 0.1817 fraction = 0.7406
	class 1: mean = 0.6728 std = 0.2974 fraction = 0.2594
	model time = 48.93 seconds, data time = 17.95 seconds
EPOCH 153 starting
EPOCH 153 finished in 81.869 seconds with lr = 1.00e-06:
	loss = 0.27576, accuracy = 0.8809 (0.8822)
	class 0: mean = 0.1148 std = 0.1816 fraction = 0.7408
	class 1: mean = 0.6726 std = 0.2971 fraction = 0.2592
	model time = 48.77 seconds, data time = 17.94 seconds
EPOCH 154 starting
EPOCH 154 finished in 81.756 seconds with lr = 1.00e-06:
	loss = 0.27476, accuracy = 0.8813 (0.8822)
	class 0: mean = 0.1143 std = 0.1812 fraction = 0.7406
	class 1: mean = 0.6737 std = 0.2978 fraction = 0.2594
	model time = 48.77 seconds, data time = 17.98 seconds
EPOCH 155 starting
EPOCH 155 finished in 81.835 seconds with lr = 1.00e-06:
	loss = 0.27459, accuracy = 0.8813 (0.8822)
	class 0: mean = 0.1142 std = 0.1814 fraction = 0.7411
	class 1: mean = 0.6734 std = 0.2972 fraction = 0.2589
	model time = 48.91 seconds, data time = 17.94 seconds
EPOCH 156 starting
EPOCH 156 finished in 81.837 seconds with lr = 1.00e-06:
	loss = 0.27492, accuracy = 0.8815 (0.8822)
	class 0: mean = 0.1141 std = 0.1811 fraction = 0.7407
	class 1: mean = 0.6731 std = 0.2973 fraction = 0.2593
	model time = 48.90 seconds, data time = 17.95 seconds
EPOCH 157 starting
EPOCH 157 finished in 81.842 seconds with lr = 1.00e-06:
	loss = 0.27513, accuracy = 0.8809 (0.8822)
	class 0: mean = 0.1148 std = 0.1817 fraction = 0.7415
	class 1: mean = 0.6725 std = 0.2969 fraction = 0.2585
	model time = 48.89 seconds, data time = 17.95 seconds
EPOCH 158 starting
EPOCH 158 finished in 81.826 seconds with lr = 1.00e-06:
	loss = 0.27399, accuracy = 0.8819 (0.8822)
	class 0: mean = 0.1138 std = 0.1809 fraction = 0.7408
	class 1: mean = 0.6740 std = 0.2974 fraction = 0.2592
	model time = 48.78 seconds, data time = 17.93 seconds
EPOCH 159 starting
EPOCH 159 finished in 81.732 seconds with lr = 1.00e-06:
	loss = 0.27439, accuracy = 0.8817 (0.8822)
	class 0: mean = 0.1142 std = 0.1812 fraction = 0.7412
	class 1: mean = 0.6735 std = 0.2970 fraction = 0.2588
	model time = 48.80 seconds, data time = 17.93 seconds
EPOCH 160 starting
EPOCH 160 finished in 81.888 seconds with lr = 1.00e-06:
	loss = 0.27439, accuracy = 0.8817 (0.8822)
	class 0: mean = 0.1138 std = 0.1811 fraction = 0.7416
	class 1: mean = 0.6732 std = 0.2977 fraction = 0.2584
	model time = 48.77 seconds, data time = 17.95 seconds
EPOCH 161 starting
EPOCH 161 finished in 81.696 seconds with lr = 1.00e-06:
	loss = 0.27512, accuracy = 0.8809 (0.8822)
	class 0: mean = 0.1141 std = 0.1815 fraction = 0.7408
	class 1: mean = 0.6733 std = 0.2976 fraction = 0.2592
	model time = 48.77 seconds, data time = 17.93 seconds
EPOCH 162 starting
EPOCH 162 finished in 81.955 seconds with lr = 1.00e-06:
	loss = 0.27545, accuracy = 0.8811 (0.8822)
	class 0: mean = 0.1147 std = 0.1819 fraction = 0.7407
	class 1: mean = 0.6733 std = 0.2969 fraction = 0.2593
	model time = 48.99 seconds, data time = 17.94 seconds
EPOCH 163 starting
EPOCH 163 finished in 81.964 seconds with lr = 1.00e-06:
	loss = 0.27483, accuracy = 0.8810 (0.8822)
	class 0: mean = 0.1145 std = 0.1816 fraction = 0.7404
	class 1: mean = 0.6734 std = 0.2966 fraction = 0.2596
	model time = 48.99 seconds, data time = 17.95 seconds
EPOCH 164 starting
EPOCH 164 finished in 81.963 seconds with lr = 1.00e-06:
	loss = 0.27519, accuracy = 0.8809 (0.8822)
	class 0: mean = 0.1145 std = 0.1816 fraction = 0.7409
	class 1: mean = 0.6732 std = 0.2972 fraction = 0.2591
	model time = 48.98 seconds, data time = 17.96 seconds
EPOCH 165 starting
EPOCH 165 finished in 81.978 seconds with lr = 1.00e-06:
	loss = 0.27455, accuracy = 0.8813 (0.8822)
	class 0: mean = 0.1140 std = 0.1813 fraction = 0.7407
	class 1: mean = 0.6733 std = 0.2971 fraction = 0.2593
	model time = 48.87 seconds, data time = 17.94 seconds
EPOCH 166 starting
EPOCH 166 finished in 81.813 seconds with lr = 1.00e-06:
	loss = 0.27493, accuracy = 0.8810 (0.8822)
	class 0: mean = 0.1145 std = 0.1818 fraction = 0.7404
	class 1: mean = 0.6739 std = 0.2972 fraction = 0.2596
	model time = 48.87 seconds, data time = 17.92 seconds
EPOCH 167 starting
EPOCH 167 finished in 81.950 seconds with lr = 1.00e-06:
	loss = 0.27531, accuracy = 0.8814 (0.8822)
	class 0: mean = 0.1146 std = 0.1814 fraction = 0.7407
	class 1: mean = 0.6733 std = 0.2976 fraction = 0.2593
	model time = 48.98 seconds, data time = 17.95 seconds
EPOCH 168 starting
EPOCH 168 finished in 81.844 seconds with lr = 1.00e-06:
	loss = 0.27478, accuracy = 0.8814 (0.8822)
	class 0: mean = 0.1143 std = 0.1815 fraction = 0.7409
	class 1: mean = 0.6736 std = 0.2973 fraction = 0.2591
	model time = 48.87 seconds, data time = 17.96 seconds
EPOCH 169 starting
EPOCH 169 finished in 81.870 seconds with lr = 1.00e-06:
	loss = 0.27399, accuracy = 0.8818 (0.8822)
	class 0: mean = 0.1137 std = 0.1810 fraction = 0.7416
	class 1: mean = 0.6735 std = 0.2974 fraction = 0.2584
	model time = 48.94 seconds, data time = 17.93 seconds
EPOCH 170 starting
EPOCH 170 finished in 81.774 seconds with lr = 1.00e-06:
	loss = 0.27597, accuracy = 0.8809 (0.8822)
	class 0: mean = 0.1148 std = 0.1818 fraction = 0.7404
	class 1: mean = 0.6727 std = 0.2970 fraction = 0.2596
	model time = 48.82 seconds, data time = 17.91 seconds
EPOCH 171 starting
EPOCH 171 finished in 81.750 seconds with lr = 1.00e-06:
	loss = 0.27607, accuracy = 0.8808 (0.8822)
	class 0: mean = 0.1149 std = 0.1817 fraction = 0.7408
	class 1: mean = 0.6723 std = 0.2970 fraction = 0.2592
	model time = 48.82 seconds, data time = 17.88 seconds
EPOCH 172 starting
EPOCH 172 finished in 81.730 seconds with lr = 1.00e-06:
	loss = 0.27511, accuracy = 0.8817 (0.8822)
	class 0: mean = 0.1144 std = 0.1813 fraction = 0.7399
	class 1: mean = 0.6737 std = 0.2973 fraction = 0.2601
	model time = 48.67 seconds, data time = 17.89 seconds
EPOCH 173 starting
EPOCH 173 finished in 81.636 seconds with lr = 1.00e-06:
	loss = 0.27351, accuracy = 0.8818 (0.8822)
	class 0: mean = 0.1139 std = 0.1812 fraction = 0.7414
	class 1: mean = 0.6744 std = 0.2971 fraction = 0.2586
	model time = 48.68 seconds, data time = 17.89 seconds
EPOCH 174 starting
EPOCH 174 finished in 81.774 seconds with lr = 1.00e-06:
	loss = 0.27491, accuracy = 0.8817 (0.8822)
	class 0: mean = 0.1143 std = 0.1814 fraction = 0.7407
	class 1: mean = 0.6742 std = 0.2979 fraction = 0.2593
	model time = 48.82 seconds, data time = 17.90 seconds
EPOCH 175 starting
EPOCH 175 finished in 81.734 seconds with lr = 1.00e-06:
	loss = 0.27420, accuracy = 0.8817 (0.8822)
	class 0: mean = 0.1137 std = 0.1805 fraction = 0.7409
	class 1: mean = 0.6730 std = 0.2974 fraction = 0.2591
	model time = 48.70 seconds, data time = 17.88 seconds
EPOCH 176 starting
EPOCH 176 finished in 81.588 seconds with lr = 1.00e-06:
	loss = 0.27560, accuracy = 0.8803 (0.8822)
	class 0: mean = 0.1148 std = 0.1821 fraction = 0.7409
	class 1: mean = 0.6727 std = 0.2972 fraction = 0.2591
	model time = 48.65 seconds, data time = 17.88 seconds
EPOCH 177 starting
EPOCH 177 finished in 81.743 seconds with lr = 1.00e-06:
	loss = 0.27411, accuracy = 0.8818 (0.8822)
	class 0: mean = 0.1141 std = 0.1818 fraction = 0.7402
	class 1: mean = 0.6750 std = 0.2963 fraction = 0.2598
	model time = 48.80 seconds, data time = 17.89 seconds
EPOCH 178 starting
EPOCH 178 finished in 81.764 seconds with lr = 1.00e-06:
	loss = 0.27572, accuracy = 0.8810 (0.8822)
	class 0: mean = 0.1147 std = 0.1823 fraction = 0.7400
	class 1: mean = 0.6739 std = 0.2969 fraction = 0.2600
	model time = 48.81 seconds, data time = 17.90 seconds
EPOCH 179 starting
EPOCH 179 finished in 81.765 seconds with lr = 1.00e-06:
	loss = 0.27520, accuracy = 0.8815 (0.8822)
	class 0: mean = 0.1145 std = 0.1814 fraction = 0.7408
	class 1: mean = 0.6732 std = 0.2970 fraction = 0.2592
	model time = 48.82 seconds, data time = 17.89 seconds
EPOCH 180 starting
EPOCH 180 finished in 81.627 seconds with lr = 1.00e-06:
	loss = 0.27538, accuracy = 0.8808 (0.8822)
	class 0: mean = 0.1146 std = 0.1811 fraction = 0.7415
	class 1: mean = 0.6715 std = 0.2978 fraction = 0.2585
	model time = 48.68 seconds, data time = 17.90 seconds
EPOCH 181 starting
EPOCH 181 finished in 81.792 seconds with lr = 1.00e-06:
	loss = 0.27430, accuracy = 0.8815 (0.8822)
	class 0: mean = 0.1141 std = 0.1812 fraction = 0.7411
	class 1: mean = 0.6735 std = 0.2972 fraction = 0.2589
	model time = 48.81 seconds, data time = 17.93 seconds
EPOCH 182 starting
EPOCH 182 finished in 81.761 seconds with lr = 1.00e-06:
	loss = 0.27442, accuracy = 0.8817 (0.8822)
	class 0: mean = 0.1142 std = 0.1813 fraction = 0.7406
	class 1: mean = 0.6741 std = 0.2972 fraction = 0.2594
	model time = 48.66 seconds, data time = 17.91 seconds
EPOCH 183 starting
EPOCH 183 finished in 81.588 seconds with lr = 1.00e-06:
	loss = 0.27379, accuracy = 0.8820 (0.8822)
	class 0: mean = 0.1137 std = 0.1807 fraction = 0.7410
	class 1: mean = 0.6746 std = 0.2980 fraction = 0.2590
	model time = 48.65 seconds, data time = 17.88 seconds
EPOCH 184 starting
EPOCH 184 finished in 81.756 seconds with lr = 1.00e-06:
	loss = 0.27443, accuracy = 0.8816 (0.8822)
	class 0: mean = 0.1144 std = 0.1813 fraction = 0.7405
	class 1: mean = 0.6744 std = 0.2973 fraction = 0.2595
	model time = 48.82 seconds, data time = 17.89 seconds
EPOCH 185 starting
EPOCH 185 finished in 81.769 seconds with lr = 1.00e-06:
	loss = 0.27592, accuracy = 0.8813 (0.8822)
	class 0: mean = 0.1143 std = 0.1817 fraction = 0.7405
	class 1: mean = 0.6730 std = 0.2975 fraction = 0.2595
	model time = 48.80 seconds, data time = 17.91 seconds
EPOCH 186 starting
EPOCH 186 finished in 81.791 seconds with lr = 1.00e-06:
	loss = 0.27473, accuracy = 0.8815 (0.8822)
	class 0: mean = 0.1143 std = 0.1813 fraction = 0.7414
	class 1: mean = 0.6730 std = 0.2974 fraction = 0.2586
	model time = 48.84 seconds, data time = 17.91 seconds
EPOCH 187 starting
EPOCH 187 finished in 81.756 seconds with lr = 1.00e-06:
	loss = 0.27469, accuracy = 0.8814 (0.8822)
	class 0: mean = 0.1139 std = 0.1810 fraction = 0.7413
	class 1: mean = 0.6724 std = 0.2974 fraction = 0.2587
	model time = 48.65 seconds, data time = 17.91 seconds
EPOCH 188 starting
EPOCH 188 finished in 81.647 seconds with lr = 1.00e-06:
	loss = 0.27613, accuracy = 0.8812 (0.8822)
	class 0: mean = 0.1150 std = 0.1815 fraction = 0.7406
	class 1: mean = 0.6730 std = 0.2979 fraction = 0.2594
	model time = 48.65 seconds, data time = 17.92 seconds
EPOCH 189 starting
EPOCH 189 finished in 81.754 seconds with lr = 1.00e-06:
	loss = 0.27326, accuracy = 0.8822 (0.8822)
	class 0: mean = 0.1134 std = 0.1806 fraction = 0.7414
	class 1: mean = 0.6746 std = 0.2977 fraction = 0.2586
	model time = 48.68 seconds, data time = 17.88 seconds
EPOCH 190 starting
EPOCH 190 finished in 81.657 seconds with lr = 1.00e-06:
	loss = 0.27561, accuracy = 0.8811 (0.8822)
	class 0: mean = 0.1146 std = 0.1813 fraction = 0.7413
	class 1: mean = 0.6722 std = 0.2977 fraction = 0.2587
	model time = 48.68 seconds, data time = 17.92 seconds
EPOCH 191 starting
EPOCH 191 finished in 81.720 seconds with lr = 1.00e-06:
	loss = 0.27406, accuracy = 0.8817 (0.8822)
	class 0: mean = 0.1138 std = 0.1810 fraction = 0.7406
	class 1: mean = 0.6743 std = 0.2974 fraction = 0.2594
	model time = 48.78 seconds, data time = 17.90 seconds
EPOCH 192 starting
EPOCH 192 finished in 81.746 seconds with lr = 1.00e-06:
	loss = 0.27385, accuracy = 0.8820 (0.8822)
	class 0: mean = 0.1137 std = 0.1810 fraction = 0.7412
	class 1: mean = 0.6742 std = 0.2977 fraction = 0.2588
	model time = 48.74 seconds, data time = 17.94 seconds
EPOCH 193 starting
EPOCH 193 finished in 81.730 seconds with lr = 1.00e-06:
	loss = 0.27479, accuracy = 0.8817 (0.8822)
	class 0: mean = 0.1142 std = 0.1813 fraction = 0.7412
	class 1: mean = 0.6738 std = 0.2973 fraction = 0.2588
	model time = 48.78 seconds, data time = 17.90 seconds
EPOCH 194 starting
EPOCH 194 finished in 81.783 seconds with lr = 1.00e-06:
	loss = 0.27458, accuracy = 0.8819 (0.8822)
	class 0: mean = 0.1138 std = 0.1808 fraction = 0.7408
	class 1: mean = 0.6738 std = 0.2979 fraction = 0.2592
	model time = 48.66 seconds, data time = 17.93 seconds
EPOCH 195 starting
EPOCH 195 finished in 81.649 seconds with lr = 1.00e-06:
	loss = 0.27479, accuracy = 0.8820 (0.8822)
	class 0: mean = 0.1144 std = 0.1817 fraction = 0.7419
	class 1: mean = 0.6733 std = 0.2974 fraction = 0.2581
	model time = 48.65 seconds, data time = 17.94 seconds
EPOCH 196 starting
EPOCH 196 finished in 82.726 seconds with lr = 1.00e-06:
	loss = 0.27541, accuracy = 0.8808 (0.8822)
	class 0: mean = 0.1145 std = 0.1814 fraction = 0.7407
	class 1: mean = 0.6725 std = 0.2973 fraction = 0.2593
	model time = 49.67 seconds, data time = 18.12 seconds
EPOCH 197 starting
EPOCH 197 finished in 82.615 seconds with lr = 1.00e-06:
	loss = 0.27433, accuracy = 0.8814 (0.8822)
	class 0: mean = 0.1142 std = 0.1814 fraction = 0.7404
	class 1: mean = 0.6741 std = 0.2970 fraction = 0.2596
	model time = 49.60 seconds, data time = 18.18 seconds
EPOCH 198 starting
EPOCH 198 finished in 82.782 seconds with lr = 1.00e-06:
	loss = 0.27365, accuracy = 0.8822 (0.8822)
	class 0: mean = 0.1138 std = 0.1810 fraction = 0.7414
	class 1: mean = 0.6741 std = 0.2970 fraction = 0.2586
	model time = 49.71 seconds, data time = 18.21 seconds
EPOCH 199 starting
EPOCH 199 finished in 82.777 seconds with lr = 1.00e-06:
	loss = 0.27451, accuracy = 0.8814 (0.8822)
	class 0: mean = 0.1141 std = 0.1816 fraction = 0.7403
	class 1: mean = 0.6745 std = 0.2970 fraction = 0.2597
	model time = 49.75 seconds, data time = 18.18 seconds
EPOCH 200 starting
EPOCH 200 finished in 82.791 seconds with lr = 1.00e-06:
	loss = 0.27365, accuracy = 0.8817 (0.8822)
	class 0: mean = 0.1137 std = 0.1813 fraction = 0.7422
	class 1: mean = 0.6741 std = 0.2971 fraction = 0.2578
	model time = 49.74 seconds, data time = 18.21 seconds
EPOCH 201 starting
EPOCH 201 finished in 82.804 seconds with lr = 1.00e-06:
	loss = 0.27506, accuracy = 0.8813 (0.8822)
	class 0: mean = 0.1143 std = 0.1813 fraction = 0.7411
	class 1: mean = 0.6732 std = 0.2976 fraction = 0.2589
	model time = 49.56 seconds, data time = 18.22 seconds
EPOCH 202 starting
EPOCH 202 finished in 82.637 seconds with lr = 1.00e-06:
	loss = 0.27488, accuracy = 0.8810 (0.8822)
	class 0: mean = 0.1141 std = 0.1817 fraction = 0.7418
	class 1: mean = 0.6727 std = 0.2973 fraction = 0.2582
	model time = 49.58 seconds, data time = 18.20 seconds
EPOCH 203 starting
EPOCH 203 finished in 82.762 seconds with lr = 1.00e-06:
	loss = 0.27466, accuracy = 0.8816 (0.8822)
	class 0: mean = 0.1141 std = 0.1811 fraction = 0.7405
	class 1: mean = 0.6730 std = 0.2968 fraction = 0.2595
	model time = 49.73 seconds, data time = 18.19 seconds
EPOCH 204 starting
EPOCH 204 finished in 82.759 seconds with lr = 1.00e-06:
	loss = 0.27402, accuracy = 0.8818 (0.8822)
	class 0: mean = 0.1136 std = 0.1809 fraction = 0.7402
	class 1: mean = 0.6744 std = 0.2974 fraction = 0.2598
	model time = 49.56 seconds, data time = 18.20 seconds
EPOCH 205 starting
EPOCH 205 finished in 82.603 seconds with lr = 1.00e-06:
	loss = 0.27475, accuracy = 0.8818 (0.8822)
	class 0: mean = 0.1146 std = 0.1818 fraction = 0.7403
	class 1: mean = 0.6754 std = 0.2971 fraction = 0.2597
	model time = 49.57 seconds, data time = 18.18 seconds
EPOCH 206 starting
EPOCH 206 finished in 82.766 seconds with lr = 1.00e-06:
	loss = 0.27429, accuracy = 0.8817 (0.8822)
	class 0: mean = 0.1140 std = 0.1814 fraction = 0.7409
	class 1: mean = 0.6737 std = 0.2966 fraction = 0.2591
	model time = 49.72 seconds, data time = 18.18 seconds
EPOCH 207 starting
EPOCH 207 finished in 82.746 seconds with lr = 1.00e-06:
	loss = 0.27467, accuracy = 0.8820 (0.8822)
	class 0: mean = 0.1140 std = 0.1813 fraction = 0.7409
	class 1: mean = 0.6741 std = 0.2975 fraction = 0.2591
	model time = 49.70 seconds, data time = 18.19 seconds
EPOCH 208 starting
EPOCH 208 finished in 82.744 seconds with lr = 1.00e-06:
	loss = 0.27473, accuracy = 0.8813 (0.8822)
	class 0: mean = 0.1143 std = 0.1817 fraction = 0.7413
	class 1: mean = 0.6734 std = 0.2972 fraction = 0.2587
	model time = 49.72 seconds, data time = 18.18 seconds
EPOCH 209 starting
EPOCH 209 finished in 82.660 seconds with lr = 1.00e-06:
	loss = 0.27473, accuracy = 0.8813 (0.8822)
	class 0: mean = 0.1141 std = 0.1811 fraction = 0.7413
	class 1: mean = 0.6724 std = 0.2972 fraction = 0.2587
	model time = 49.62 seconds, data time = 18.21 seconds
EPOCH 210 starting
EPOCH 210 finished in 82.790 seconds with lr = 1.00e-06:
	loss = 0.27395, accuracy = 0.8818 (0.8822)
	class 0: mean = 0.1139 std = 0.1812 fraction = 0.7401
	class 1: mean = 0.6749 std = 0.2969 fraction = 0.2599
	model time = 49.74 seconds, data time = 18.20 seconds
EPOCH 211 starting
EPOCH 211 finished in 82.717 seconds with lr = 1.00e-06:
	loss = 0.27494, accuracy = 0.8814 (0.8822)
	class 0: mean = 0.1143 std = 0.1813 fraction = 0.7407
	class 1: mean = 0.6737 std = 0.2975 fraction = 0.2593
	model time = 49.56 seconds, data time = 18.16 seconds
EPOCH 212 starting
EPOCH 212 finished in 82.609 seconds with lr = 1.00e-06:
	loss = 0.27382, accuracy = 0.8818 (0.8822)
	class 0: mean = 0.1138 std = 0.1815 fraction = 0.7412
	class 1: mean = 0.6743 std = 0.2964 fraction = 0.2588
	model time = 49.60 seconds, data time = 18.17 seconds
EPOCH 213 starting
EPOCH 213 finished in 82.749 seconds with lr = 1.00e-06:
	loss = 0.27438, accuracy = 0.8814 (0.8822)
	class 0: mean = 0.1138 std = 0.1814 fraction = 0.7411
	class 1: mean = 0.6735 std = 0.2971 fraction = 0.2589
	model time = 49.70 seconds, data time = 18.19 seconds
EPOCH 214 starting
EPOCH 214 finished in 82.056 seconds with lr = 1.00e-06:
	loss = 0.27451, accuracy = 0.8815 (0.8822)
	class 0: mean = 0.1142 std = 0.1814 fraction = 0.7406
	class 1: mean = 0.6742 std = 0.2972 fraction = 0.2594
	model time = 49.13 seconds, data time = 18.03 seconds
EPOCH 215 starting
EPOCH 215 finished in 81.728 seconds with lr = 1.00e-06:
	loss = 0.27399, accuracy = 0.8820 (0.8822)
	class 0: mean = 0.1136 std = 0.1809 fraction = 0.7405
	class 1: mean = 0.6741 std = 0.2969 fraction = 0.2595
	model time = 48.83 seconds, data time = 17.88 seconds
EPOCH 216 starting
EPOCH 216 finished in 81.814 seconds with lr = 1.00e-06:
	loss = 0.27515, accuracy = 0.8809 (0.8822)
	class 0: mean = 0.1145 std = 0.1822 fraction = 0.7413
	class 1: mean = 0.6737 std = 0.2974 fraction = 0.2587
	model time = 48.72 seconds, data time = 17.91 seconds
EPOCH 217 starting
EPOCH 217 finished in 81.714 seconds with lr = 1.00e-06:
	loss = 0.27427, accuracy = 0.8815 (0.8822)
	class 0: mean = 0.1142 std = 0.1813 fraction = 0.7411
	class 1: mean = 0.6735 std = 0.2969 fraction = 0.2589
	model time = 48.73 seconds, data time = 17.90 seconds
EPOCH 218 starting
EPOCH 218 finished in 81.778 seconds with lr = 1.00e-06:
	loss = 0.27466, accuracy = 0.8814 (0.8822)
	class 0: mean = 0.1141 std = 0.1817 fraction = 0.7412
	class 1: mean = 0.6735 std = 0.2971 fraction = 0.2588
	model time = 48.66 seconds, data time = 17.90 seconds
EPOCH 219 starting
EPOCH 219 finished in 81.644 seconds with lr = 1.00e-06:
	loss = 0.27445, accuracy = 0.8816 (0.8822)
	class 0: mean = 0.1140 std = 0.1812 fraction = 0.7413
	class 1: mean = 0.6728 std = 0.2968 fraction = 0.2587
	model time = 48.70 seconds, data time = 17.89 seconds
EPOCH 220 starting
EPOCH 220 finished in 81.831 seconds with lr = 1.00e-06:
	loss = 0.27507, accuracy = 0.8813 (0.8822)
	class 0: mean = 0.1145 std = 0.1817 fraction = 0.7408
	class 1: mean = 0.6731 std = 0.2970 fraction = 0.2592
	model time = 48.85 seconds, data time = 17.91 seconds
EPOCH 221 starting
EPOCH 221 finished in 81.831 seconds with lr = 1.00e-06:
	loss = 0.27414, accuracy = 0.8817 (0.8822)
	class 0: mean = 0.1142 std = 0.1813 fraction = 0.7404
	class 1: mean = 0.6747 std = 0.2966 fraction = 0.2596
	model time = 48.85 seconds, data time = 17.92 seconds
EPOCH 222 starting
EPOCH 222 finished in 81.859 seconds with lr = 1.00e-06:
	loss = 0.27510, accuracy = 0.8818 (0.8822)
	class 0: mean = 0.1144 std = 0.1817 fraction = 0.7397
	class 1: mean = 0.6746 std = 0.2969 fraction = 0.2603
	model time = 48.88 seconds, data time = 17.91 seconds
EPOCH 223 starting
EPOCH 223 finished in 81.829 seconds with lr = 1.00e-06:
	loss = 0.27498, accuracy = 0.8816 (0.8822)
	class 0: mean = 0.1142 std = 0.1817 fraction = 0.7408
	class 1: mean = 0.6733 std = 0.2972 fraction = 0.2592
	model time = 48.71 seconds, data time = 17.92 seconds
EPOCH 224 starting
EPOCH 224 finished in 81.673 seconds with lr = 1.00e-06:
	loss = 0.27297, accuracy = 0.8822 (0.8822)
	class 0: mean = 0.1135 std = 0.1810 fraction = 0.7408
	class 1: mean = 0.6754 std = 0.2969 fraction = 0.2592
	model time = 48.73 seconds, data time = 17.90 seconds
EPOCH 225 starting
EPOCH 225 finished in 81.805 seconds with lr = 1.00e-06:
	loss = 0.27480, accuracy = 0.8815 (0.8822)
	class 0: mean = 0.1141 std = 0.1816 fraction = 0.7409
	class 1: mean = 0.6742 std = 0.2977 fraction = 0.2591
	model time = 48.84 seconds, data time = 17.89 seconds
EPOCH 226 starting
EPOCH 226 finished in 81.654 seconds with lr = 1.00e-06:
	loss = 0.27305, accuracy = 0.8825 (0.8825)
	class 0: mean = 0.1134 std = 0.1808 fraction = 0.7414
	class 1: mean = 0.6745 std = 0.2970 fraction = 0.2586
	model time = 48.69 seconds, data time = 17.89 seconds
EPOCH 227 starting
EPOCH 227 finished in 81.825 seconds with lr = 1.00e-06:
	loss = 0.27495, accuracy = 0.8814 (0.8825)
	class 0: mean = 0.1144 std = 0.1820 fraction = 0.7400
	class 1: mean = 0.6746 std = 0.2968 fraction = 0.2600
	model time = 48.86 seconds, data time = 17.90 seconds
EPOCH 228 starting
EPOCH 228 finished in 81.854 seconds with lr = 1.00e-06:
	loss = 0.27453, accuracy = 0.8821 (0.8825)
	class 0: mean = 0.1142 std = 0.1816 fraction = 0.7409
	class 1: mean = 0.6745 std = 0.2971 fraction = 0.2591
	model time = 48.86 seconds, data time = 17.90 seconds
EPOCH 229 starting
EPOCH 229 finished in 81.828 seconds with lr = 1.00e-06:
	loss = 0.27396, accuracy = 0.8819 (0.8825)
	class 0: mean = 0.1136 std = 0.1814 fraction = 0.7420
	class 1: mean = 0.6731 std = 0.2972 fraction = 0.2580
	model time = 48.83 seconds, data time = 17.91 seconds
EPOCH 230 starting
EPOCH 230 finished in 81.852 seconds with lr = 1.00e-06:
	loss = 0.27552, accuracy = 0.8809 (0.8825)
	class 0: mean = 0.1145 std = 0.1818 fraction = 0.7406
	class 1: mean = 0.6734 std = 0.2977 fraction = 0.2594
	model time = 48.71 seconds, data time = 17.91 seconds
EPOCH 231 starting
EPOCH 231 finished in 81.712 seconds with lr = 1.00e-06:
	loss = 0.27530, accuracy = 0.8812 (0.8825)
	class 0: mean = 0.1145 std = 0.1813 fraction = 0.7400
	class 1: mean = 0.6734 std = 0.2970 fraction = 0.2600
	model time = 48.72 seconds, data time = 17.91 seconds
EPOCH 232 starting
EPOCH 232 finished in 81.826 seconds with lr = 1.00e-06:
	loss = 0.27338, accuracy = 0.8821 (0.8825)
	class 0: mean = 0.1141 std = 0.1813 fraction = 0.7408
	class 1: mean = 0.6748 std = 0.2966 fraction = 0.2592
	model time = 48.84 seconds, data time = 17.91 seconds
EPOCH 233 starting
EPOCH 233 finished in 81.857 seconds with lr = 1.00e-06:
	loss = 0.27454, accuracy = 0.8815 (0.8825)
	class 0: mean = 0.1141 std = 0.1817 fraction = 0.7406
	class 1: mean = 0.6742 std = 0.2967 fraction = 0.2594
	model time = 48.74 seconds, data time = 17.93 seconds
EPOCH 234 starting
EPOCH 234 finished in 81.742 seconds with lr = 1.00e-06:
	loss = 0.27449, accuracy = 0.8817 (0.8825)
	class 0: mean = 0.1142 std = 0.1813 fraction = 0.7417
	class 1: mean = 0.6734 std = 0.2974 fraction = 0.2583
	model time = 48.74 seconds, data time = 17.94 seconds
EPOCH 235 starting
EPOCH 235 finished in 81.888 seconds with lr = 1.00e-06:
	loss = 0.27499, accuracy = 0.8813 (0.8825)
	class 0: mean = 0.1143 std = 0.1813 fraction = 0.7404
	class 1: mean = 0.6735 std = 0.2970 fraction = 0.2596
	model time = 48.87 seconds, data time = 17.93 seconds
EPOCH 236 starting
EPOCH 236 finished in 81.832 seconds with lr = 1.00e-06:
	loss = 0.27393, accuracy = 0.8820 (0.8825)
	class 0: mean = 0.1138 std = 0.1812 fraction = 0.7409
	class 1: mean = 0.6748 std = 0.2972 fraction = 0.2591
	model time = 48.85 seconds, data time = 17.91 seconds
EPOCH 237 starting
EPOCH 237 finished in 81.842 seconds with lr = 1.00e-06:
	loss = 0.27424, accuracy = 0.8817 (0.8825)
	class 0: mean = 0.1138 std = 0.1811 fraction = 0.7421
	class 1: mean = 0.6731 std = 0.2977 fraction = 0.2579
	model time = 48.84 seconds, data time = 17.91 seconds
EPOCH 238 starting
EPOCH 238 finished in 81.730 seconds with lr = 1.00e-06:
	loss = 0.27503, accuracy = 0.8815 (0.8825)
	class 0: mean = 0.1142 std = 0.1813 fraction = 0.7414
	class 1: mean = 0.6726 std = 0.2975 fraction = 0.2586
	model time = 48.70 seconds, data time = 17.95 seconds
EPOCH 239 starting
EPOCH 239 finished in 81.828 seconds with lr = 1.00e-06:
	loss = 0.27421, accuracy = 0.8813 (0.8825)
	class 0: mean = 0.1142 std = 0.1816 fraction = 0.7405
	class 1: mean = 0.6745 std = 0.2968 fraction = 0.2595
	model time = 48.84 seconds, data time = 17.90 seconds
EPOCH 240 starting
EPOCH 240 finished in 81.830 seconds with lr = 1.00e-06:
	loss = 0.27527, accuracy = 0.8815 (0.8825)
	class 0: mean = 0.1140 std = 0.1810 fraction = 0.7407
	class 1: mean = 0.6727 std = 0.2977 fraction = 0.2593
	model time = 48.71 seconds, data time = 17.90 seconds
EPOCH 241 starting
EPOCH 241 finished in 81.707 seconds with lr = 1.00e-06:
	loss = 0.27355, accuracy = 0.8820 (0.8825)
	class 0: mean = 0.1139 std = 0.1813 fraction = 0.7404
	class 1: mean = 0.6758 std = 0.2971 fraction = 0.2596
	model time = 48.72 seconds, data time = 17.91 seconds
