This job can be monitored from: https://job.c3se.chalmers.se/alvis/6535992
Real-only fine-tune (T=10)
  jobs/dist3/job_d3_T10_shots100000_d7b87q15a5qc73dn58rg_.json  -> train=80000, val=10000, test=10000
  jobs/dist3/job_d777qp46ji0c738cgnbg_d3_T10_shots100000.json  -> train=80000, val=10000, test=10000
Real shots - train: 160000, val: 20000, test: 20000
Epoch 10: loss=0.2775, acc=0.8600, val_acc=0.8505 (c0=0.918, c1=0.668, n1/N=0.27), LFR/rd=1.75%
Epoch 20: loss=0.2737, acc=0.8646, val_acc=0.8504 (c0=0.913, c1=0.680, n1/N=0.27), LFR/rd=1.75%
Epoch 30: loss=0.2696, acc=0.8669, val_acc=0.8576 (c0=0.924, c1=0.672, n1/N=0.26), LFR/rd=1.65%
Epoch 40: loss=0.2671, acc=0.8693, val_acc=0.8501 (c0=0.919, c1=0.663, n1/N=0.27), LFR/rd=1.75%
Epoch 50: loss=0.2651, acc=0.8710, val_acc=0.8528 (c0=0.915, c1=0.679, n1/N=0.26), LFR/rd=1.71%
Epoch 60: loss=0.2631, acc=0.8709, val_acc=0.8530 (c0=0.914, c1=0.690, n1/N=0.27), LFR/rd=1.71%
Epoch 70: loss=0.2639, acc=0.8707, val_acc=0.8555 (c0=0.915, c1=0.695, n1/N=0.27), LFR/rd=1.68%
Epoch 80: loss=0.2631, acc=0.8717, val_acc=0.8569 (c0=0.918, c1=0.693, n1/N=0.27), LFR/rd=1.66%
Early stop at epoch 80: no improvement for 50 epochs (best=0.8576).

Real test:
 acc = 0.8603  (c0=0.9286, c1=0.6719)
 shots = 20000  (class-0: 14681, class-1: 5319)
 P_L = 0.1397
 LFR/round = 0.0161  (0.5 * (1 - (1 - 2P_L)^(1/T)) with T=10)

MWPM real test:
 acc = 0.8156  (c0=0.8677, c1=0.6719)
 shots = 20000  (class-0: 14681, class-1: 5319)
 P_L = 0.1844
 LFR/round = 0.0225  (0.5 * (1 - (1 - 2P_L)^(1/T)) with T=10)
